<?xml version="1.0" encoding="UTF-8"?>
<testsuites>
  <testsuite name="The test suite generated by Stagehand_TestRunner" tests="1" assertions="6" failures="0" errors="0" time="356.279692">
    <testsuite name="ReaxmlImporterCli_Test" file="/Users/nclifton/Documents/LunaEclipse/workspace/reaxml-import/REAXMLImport/tests/importer_cli_Test.php" tests="1" assertions="6" failures="0" errors="0" time="356.279692">
      <testcase name="import_commercial_pullman" class="ReaxmlImporterCli_Test" file="/Users/nclifton/Documents/LunaEclipse/workspace/reaxml-import/REAXMLImport/tests/importer_cli_Test.php" line="80" assertions="6" time="356.279692"/>
    </testsuite>
  </testsuite>
</testsuites>
