<?xml version="1.0" encoding="UTF-8"?>
<testsuites>
  <testsuite name="The test suite generated by Stagehand_TestRunner" tests="1" assertions="41" failures="0" errors="0" time="61.890160">
    <testsuite name="configuration_Test" file="/Users/nclifton/Documents/Marseclipse/workspace/reaxml-import/REAXMLImport/tests/selenium/configuration_Test.php" tests="1" assertions="41" failures="0" errors="0" time="61.890160">
      <testcase name="can_enter_folder_configuration_id" class="configuration_Test" file="/Users/nclifton/Documents/Marseclipse/workspace/reaxml-import/REAXMLImport/tests/selenium/configuration_Test.php" line="22" assertions="41" time="61.890160"/>
    </testsuite>
  </testsuite>
</testsuites>
