<?xml version="1.0" encoding="UTF-8"?>
<testsuites>
  <testsuite name="" tests="628" assertions="1055" failures="0" errors="0" time="101.015944">
    <testsuite name="all" tests="628" assertions="1055" failures="0" errors="0" time="101.015944">
      <testsuite name="ReaxmlEzrColAcrestotal_Test" file="/Users/nclifton/git/reaxml-import/ReaXmlLibrary/tests/ezr/col/acrestotal_Test.php" tests="6" assertions="8" failures="0" errors="0" time="0.022379">
        <testcase name="getValue_squaremeters" class="ReaxmlEzrColAcrestotal_Test" file="/Users/nclifton/git/reaxml-import/ReaXmlLibrary/tests/ezr/col/acrestotal_Test.php" line="14" assertions="1" time="0.005507"/>
        <testcase name="getValue_square" class="ReaxmlEzrColAcrestotal_Test" file="/Users/nclifton/git/reaxml-import/ReaXmlLibrary/tests/ezr/col/acrestotal_Test.php" line="29" assertions="1" time="0.001163"/>
        <testcase name="getValue_hectare" class="ReaxmlEzrColAcrestotal_Test" file="/Users/nclifton/git/reaxml-import/ReaXmlLibrary/tests/ezr/col/acrestotal_Test.php" line="44" assertions="1" time="0.000993"/>
        <testcase name="getValue_acre" class="ReaxmlEzrColAcrestotal_Test" file="/Users/nclifton/git/reaxml-import/ReaXmlLibrary/tests/ezr/col/acrestotal_Test.php" line="59" assertions="1" time="0.001103"/>
        <testcase name="getValue_notfound_isNew" class="ReaxmlEzrColAcrestotal_Test" file="/Users/nclifton/git/reaxml-import/ReaXmlLibrary/tests/ezr/col/acrestotal_Test.php" line="75" assertions="2" time="0.011914"/>
        <testcase name="getValue_notfound_isNotNew" class="ReaxmlEzrColAcrestotal_Test" file="/Users/nclifton/git/reaxml-import/ReaXmlLibrary/tests/ezr/col/acrestotal_Test.php" line="93" assertions="2" time="0.001699"/>
      </testsuite>
      <testsuite name="ReaxmlEzrColAddress2_Test" file="/Users/nclifton/git/reaxml-import/ReaXmlLibrary/tests/ezr/col/address2_Test.php" tests="3" assertions="5" failures="0" errors="0" time="0.004505">
        <testcase name="getValue" class="ReaxmlEzrColAddress2_Test" file="/Users/nclifton/git/reaxml-import/ReaXmlLibrary/tests/ezr/col/address2_Test.php" line="12" assertions="1" time="0.001356"/>
        <testcase name="getValue_notfound_isNew" class="ReaxmlEzrColAddress2_Test" file="/Users/nclifton/git/reaxml-import/ReaXmlLibrary/tests/ezr/col/address2_Test.php" line="27" assertions="2" time="0.001608"/>
        <testcase name="getValue_notfound_isNotNew" class="ReaxmlEzrColAddress2_Test" file="/Users/nclifton/git/reaxml-import/ReaXmlLibrary/tests/ezr/col/address2_Test.php" line="44" assertions="2" time="0.001541"/>
      </testsuite>
      <testsuite name="ReaxmlEzrColAdline_Test" file="/Users/nclifton/git/reaxml-import/ReaXmlLibrary/tests/ezr/col/adline_Test.php" tests="3" assertions="5" failures="0" errors="0" time="0.004555">
        <testcase name="getValue" class="ReaxmlEzrColAdline_Test" file="/Users/nclifton/git/reaxml-import/ReaXmlLibrary/tests/ezr/col/adline_Test.php" line="13" assertions="1" time="0.001351"/>
        <testcase name="getValue_notfound_isnew_isempty" class="ReaxmlEzrColAdline_Test" file="/Users/nclifton/git/reaxml-import/ReaXmlLibrary/tests/ezr/col/adline_Test.php" line="30" assertions="2" time="0.001564"/>
        <testcase name="getValue_notfound_isnotnew_isnull" class="ReaxmlEzrColAdline_Test" file="/Users/nclifton/git/reaxml-import/ReaXmlLibrary/tests/ezr/col/adline_Test.php" line="47" assertions="2" time="0.001640"/>
      </testsuite>
      <testsuite name="ReaxmlEzrColAlias_Test" file="/Users/nclifton/git/reaxml-import/ReaXmlLibrary/tests/ezr/col/alias_Test.php" tests="2" assertions="4" failures="0" errors="0" time="0.003284">
        <testcase name="getValue_isnew" class="ReaxmlEzrColAlias_Test" file="/Users/nclifton/git/reaxml-import/ReaXmlLibrary/tests/ezr/col/alias_Test.php" line="13" assertions="2" time="0.001883"/>
        <testcase name="getValue_isnotnew" class="ReaxmlEzrColAlias_Test" file="/Users/nclifton/git/reaxml-import/ReaXmlLibrary/tests/ezr/col/alias_Test.php" line="30" assertions="2" time="0.001401"/>
      </testsuite>
      <testsuite name="ReaxmlEzrColAppliances_Test" file="/Users/nclifton/git/reaxml-import/ReaXmlLibrary/tests/ezr/col/appliances_Test.php" tests="6" assertions="8" failures="0" errors="0" time="0.007897">
        <testcase name="getValue_dishwasher3_isDishwasher" class="ReaxmlEzrColAppliances_Test" file="/Users/nclifton/git/reaxml-import/ReaXmlLibrary/tests/ezr/col/appliances_Test.php" line="13" assertions="1" time="0.001645"/>
        <testcase name="getValue_dishwasheryes_istrue" class="ReaxmlEzrColAppliances_Test" file="/Users/nclifton/git/reaxml-import/ReaXmlLibrary/tests/ezr/col/appliances_Test.php" line="28" assertions="1" time="0.001023"/>
        <testcase name="getValue_dishwasher0_isfalse" class="ReaxmlEzrColAppliances_Test" file="/Users/nclifton/git/reaxml-import/ReaXmlLibrary/tests/ezr/col/appliances_Test.php" line="43" assertions="1" time="0.001021"/>
        <testcase name="getValue_dishwasherempty_isfalse" class="ReaxmlEzrColAppliances_Test" file="/Users/nclifton/git/reaxml-import/ReaXmlLibrary/tests/ezr/col/appliances_Test.php" line="58" assertions="1" time="0.001095"/>
        <testcase name="getValue_dishwashernotfound_isnew_isEmpty" class="ReaxmlEzrColAppliances_Test" file="/Users/nclifton/git/reaxml-import/ReaXmlLibrary/tests/ezr/col/appliances_Test.php" line="73" assertions="2" time="0.001620"/>
        <testcase name="getValue_dishwashernotfound_isnotnew_isNull" class="ReaxmlEzrColAppliances_Test" file="/Users/nclifton/git/reaxml-import/ReaXmlLibrary/tests/ezr/col/appliances_Test.php" line="90" assertions="2" time="0.001493"/>
      </testsuite>
      <testsuite name="ReaxmlEzrColAssoc_agent_Test" file="/Users/nclifton/git/reaxml-import/ReaXmlLibrary/tests/ezr/col/assoc_agent_Test.php" tests="5" assertions="9" failures="0" errors="0" time="0.010171">
        <testcase name="getValue_nosecondagent" class="ReaxmlEzrColAssoc_agent_Test" file="/Users/nclifton/git/reaxml-import/ReaXmlLibrary/tests/ezr/col/assoc_agent_Test.php" line="15" assertions="1" time="0.001182"/>
        <testcase name="getValue_secondagentnoid_nodbmatch_addsagent" class="ReaxmlEzrColAssoc_agent_Test" file="/Users/nclifton/git/reaxml-import/ReaXmlLibrary/tests/ezr/col/assoc_agent_Test.php" line="30" assertions="2" time="0.003064"/>
        <testcase name="getValue_secondagentbyid_nodbmatch_addsagent" class="ReaxmlEzrColAssoc_agent_Test" file="/Users/nclifton/git/reaxml-import/ReaXmlLibrary/tests/ezr/col/assoc_agent_Test.php" line="49" assertions="2" time="0.002846"/>
        <testcase name="getValue_secondagenthbyid" class="ReaxmlEzrColAssoc_agent_Test" file="/Users/nclifton/git/reaxml-import/ReaXmlLibrary/tests/ezr/col/assoc_agent_Test.php" line="68" assertions="2" time="0.001554"/>
        <testcase name="getValue_secondagenthbyposition" class="ReaxmlEzrColAssoc_agent_Test" file="/Users/nclifton/git/reaxml-import/ReaXmlLibrary/tests/ezr/col/assoc_agent_Test.php" line="85" assertions="2" time="0.001525"/>
      </testsuite>
      <testsuite name="ReaxmlEzrColAucdate_Test" file="/Users/nclifton/git/reaxml-import/ReaXmlLibrary/tests/ezr/col/aucdate_Test.php" tests="3" assertions="3" failures="0" errors="0" time="0.003146">
        <testcase name="getValue_found_gives_date" class="ReaxmlEzrColAucdate_Test" file="/Users/nclifton/git/reaxml-import/ReaXmlLibrary/tests/ezr/col/aucdate_Test.php" line="13" assertions="1" time="0.001247"/>
        <testcase name="getValue_found_altdateformat_gives_date" class="ReaxmlEzrColAucdate_Test" file="/Users/nclifton/git/reaxml-import/ReaXmlLibrary/tests/ezr/col/aucdate_Test.php" line="28" assertions="1" time="0.000995"/>
        <testcase name="getValue_notfound_givesnull" class="ReaxmlEzrColAucdate_Test" file="/Users/nclifton/git/reaxml-import/ReaXmlLibrary/tests/ezr/col/aucdate_Test.php" line="43" assertions="1" time="0.000904"/>
      </testsuite>
      <testsuite name="ReaxmlEzrColAucdet_Test" file="/Users/nclifton/git/reaxml-import/ReaXmlLibrary/tests/ezr/col/aucdet_Test.php" tests="2" assertions="4" failures="0" errors="0" time="0.004625">
        <testcase name="getValue_isnotnew_isNull" class="ReaxmlEzrColAucdet_Test" file="/Users/nclifton/git/reaxml-import/ReaXmlLibrary/tests/ezr/col/aucdet_Test.php" line="12" assertions="2" time="0.002584"/>
        <testcase name="getValue_isnotnew_isEmpty" class="ReaxmlEzrColAucdet_Test" file="/Users/nclifton/git/reaxml-import/ReaXmlLibrary/tests/ezr/col/aucdet_Test.php" line="29" assertions="2" time="0.002041"/>
      </testsuite>
      <testsuite name="ReaxmlEzrColAuctime_Test" file="/Users/nclifton/git/reaxml-import/ReaXmlLibrary/tests/ezr/col/auctime_Test.php" tests="3" assertions="3" failures="0" errors="0" time="0.003888">
        <testcase name="getValue_found_gives_time" class="ReaxmlEzrColAuctime_Test" file="/Users/nclifton/git/reaxml-import/ReaXmlLibrary/tests/ezr/col/auctime_Test.php" line="13" assertions="1" time="0.001712"/>
        <testcase name="getValue_found_altdatetimeformat_gives_time" class="ReaxmlEzrColAuctime_Test" file="/Users/nclifton/git/reaxml-import/ReaXmlLibrary/tests/ezr/col/auctime_Test.php" line="28" assertions="1" time="0.001188"/>
        <testcase name="getValue_notfound_givesnull" class="ReaxmlEzrColAuctime_Test" file="/Users/nclifton/git/reaxml-import/ReaXmlLibrary/tests/ezr/col/auctime_Test.php" line="43" assertions="1" time="0.000988"/>
      </testsuite>
      <testsuite name="ReaxmlEzrColAvaildate_Test" file="/Users/nclifton/git/reaxml-import/ReaXmlLibrary/tests/ezr/col/availdate_Test.php" tests="2" assertions="2" failures="0" errors="0" time="0.002224">
        <testcase name="getValue_found_gives_date" class="ReaxmlEzrColAvaildate_Test" file="/Users/nclifton/git/reaxml-import/ReaXmlLibrary/tests/ezr/col/availdate_Test.php" line="13" assertions="1" time="0.001354"/>
        <testcase name="getValue_notfound_givesnull" class="ReaxmlEzrColAvaildate_Test" file="/Users/nclifton/git/reaxml-import/ReaXmlLibrary/tests/ezr/col/availdate_Test.php" line="28" assertions="1" time="0.000870"/>
      </testsuite>
      <testsuite name="ReaxmlEzrColAverageutilelec_Test" file="/Users/nclifton/git/reaxml-import/ReaXmlLibrary/tests/ezr/col/averageutilelec_Test.php" tests="2" assertions="4" failures="0" errors="0" time="0.003130">
        <testcase name="getValue_isNew" class="ReaxmlEzrColAverageutilelec_Test" file="/Users/nclifton/git/reaxml-import/ReaXmlLibrary/tests/ezr/col/averageutilelec_Test.php" line="12" assertions="2" time="0.001729"/>
        <testcase name="getValue_isNotNew" class="ReaxmlEzrColAverageutilelec_Test" file="/Users/nclifton/git/reaxml-import/ReaXmlLibrary/tests/ezr/col/averageutilelec_Test.php" line="29" assertions="2" time="0.001401"/>
      </testsuite>
      <testsuite name="ReaxmlEzrColAverageutilheat_Test" file="/Users/nclifton/git/reaxml-import/ReaXmlLibrary/tests/ezr/col/averageutilheat_Test.php" tests="2" assertions="4" failures="0" errors="0" time="0.003191">
        <testcase name="getValue_isNew" class="ReaxmlEzrColAverageutilheat_Test" file="/Users/nclifton/git/reaxml-import/ReaXmlLibrary/tests/ezr/col/averageutilheat_Test.php" line="12" assertions="2" time="0.001733"/>
        <testcase name="getValue_isNotNew" class="ReaxmlEzrColAverageutilheat_Test" file="/Users/nclifton/git/reaxml-import/ReaXmlLibrary/tests/ezr/col/averageutilheat_Test.php" line="29" assertions="2" time="0.001458"/>
      </testsuite>
      <testsuite name="ReaxmlEzrColBathrooms_Test" file="/Users/nclifton/git/reaxml-import/ReaXmlLibrary/tests/ezr/col/bathrooms_Test.php" tests="3" assertions="5" failures="0" errors="0" time="0.004142">
        <testcase name="getValue" class="ReaxmlEzrColBathrooms_Test" file="/Users/nclifton/git/reaxml-import/ReaXmlLibrary/tests/ezr/col/bathrooms_Test.php" line="14" assertions="1" time="0.001198"/>
        <testcase name="getValue_notfound_isNew" class="ReaxmlEzrColBathrooms_Test" file="/Users/nclifton/git/reaxml-import/ReaXmlLibrary/tests/ezr/col/bathrooms_Test.php" line="29" assertions="2" time="0.001506"/>
        <testcase name="getValue_notfound_isNotNew" class="ReaxmlEzrColBathrooms_Test" file="/Users/nclifton/git/reaxml-import/ReaXmlLibrary/tests/ezr/col/bathrooms_Test.php" line="47" assertions="2" time="0.001438"/>
      </testsuite>
      <testsuite name="ReaxmlEzrColBedrooms_Test" file="/Users/nclifton/git/reaxml-import/ReaXmlLibrary/tests/ezr/col/bedrooms_Test.php" tests="3" assertions="5" failures="0" errors="0" time="0.004204">
        <testcase name="getValue" class="ReaxmlEzrColBedrooms_Test" file="/Users/nclifton/git/reaxml-import/ReaXmlLibrary/tests/ezr/col/bedrooms_Test.php" line="14" assertions="1" time="0.001206"/>
        <testcase name="getValue_notfound_isNew" class="ReaxmlEzrColBedrooms_Test" file="/Users/nclifton/git/reaxml-import/ReaXmlLibrary/tests/ezr/col/bedrooms_Test.php" line="29" assertions="2" time="0.001527"/>
        <testcase name="getValue_notfound_isNotNew" class="ReaxmlEzrColBedrooms_Test" file="/Users/nclifton/git/reaxml-import/ReaXmlLibrary/tests/ezr/col/bedrooms_Test.php" line="47" assertions="2" time="0.001471"/>
      </testsuite>
      <testsuite name="ReaxmlEzrColBldg_name_Test" file="/Users/nclifton/git/reaxml-import/ReaXmlLibrary/tests/ezr/col/bldg_name_Test.php" tests="2" assertions="4" failures="0" errors="0" time="0.003157">
        <testcase name="getValue_isNew" class="ReaxmlEzrColBldg_name_Test" file="/Users/nclifton/git/reaxml-import/ReaXmlLibrary/tests/ezr/col/bldg_name_Test.php" line="12" assertions="2" time="0.001737"/>
        <testcase name="getValue_isNotNew" class="ReaxmlEzrColBldg_name_Test" file="/Users/nclifton/git/reaxml-import/ReaXmlLibrary/tests/ezr/col/bldg_name_Test.php" line="29" assertions="2" time="0.001420"/>
      </testsuite>
      <testsuite name="ReaxmlEzrColBond_Test" file="/Users/nclifton/git/reaxml-import/ReaXmlLibrary/tests/ezr/col/bond_Test.php" tests="3" assertions="5" failures="0" errors="0" time="0.004205">
        <testcase name="getValue_isNew_is0" class="ReaxmlEzrColBond_Test" file="/Users/nclifton/git/reaxml-import/ReaXmlLibrary/tests/ezr/col/bond_Test.php" line="13" assertions="2" time="0.001760"/>
        <testcase name="getValue_isNotNew_isnull" class="ReaxmlEzrColBond_Test" file="/Users/nclifton/git/reaxml-import/ReaXmlLibrary/tests/ezr/col/bond_Test.php" line="31" assertions="2" time="0.001426"/>
        <testcase name="getValue" class="ReaxmlEzrColBond_Test" file="/Users/nclifton/git/reaxml-import/ReaXmlLibrary/tests/ezr/col/bond_Test.php" line="48" assertions="1" time="0.001019"/>
      </testsuite>
      <testsuite name="ReaxmlEzrColBuildingfeatures_Test" file="/Users/nclifton/git/reaxml-import/ReaXmlLibrary/tests/ezr/col/buildingfeatures_Test.php" tests="2" assertions="4" failures="0" errors="0" time="0.004822">
        <testcase name="getValue_allyes_isall" class="ReaxmlEzrColBuildingfeatures_Test" file="/Users/nclifton/git/reaxml-import/ReaXmlLibrary/tests/ezr/col/buildingfeatures_Test.php" line="13" assertions="2" time="0.001887"/>
        <testcase name="getValue_hasexisting_isall" class="ReaxmlEzrColBuildingfeatures_Test" file="/Users/nclifton/git/reaxml-import/ReaXmlLibrary/tests/ezr/col/buildingfeatures_Test.php" line="38" assertions="2" time="0.002935"/>
      </testsuite>
      <testsuite name="ReaxmlEzrColCid_Test" file="/Users/nclifton/git/reaxml-import/ReaXmlLibrary/tests/ezr/col/cid_Test.php" tests="12" assertions="27" failures="0" errors="0" time="0.022604">
        <testcase name="getValue_notfoundinxml_isNew_residential" class="ReaxmlEzrColCid_Test" file="/Users/nclifton/git/reaxml-import/ReaXmlLibrary/tests/ezr/col/cid_Test.php" line="17" assertions="3" time="0.002419"/>
        <testcase name="getValue_notfoundinxml_isNew_commercial" class="ReaxmlEzrColCid_Test" file="/Users/nclifton/git/reaxml-import/ReaXmlLibrary/tests/ezr/col/cid_Test.php" line="33" assertions="3" time="0.001580"/>
        <testcase name="getValue_notfoundinxml_isNew_rental" class="ReaxmlEzrColCid_Test" file="/Users/nclifton/git/reaxml-import/ReaXmlLibrary/tests/ezr/col/cid_Test.php" line="49" assertions="3" time="0.001709"/>
        <testcase name="getValue_notfoundinxml_isNotNew_residential" class="ReaxmlEzrColCid_Test" file="/Users/nclifton/git/reaxml-import/ReaXmlLibrary/tests/ezr/col/cid_Test.php" line="63" assertions="2" time="0.001620"/>
        <testcase name="getValue_notfoundinxml_isNotNew_commercial" class="ReaxmlEzrColCid_Test" file="/Users/nclifton/git/reaxml-import/ReaXmlLibrary/tests/ezr/col/cid_Test.php" line="79" assertions="2" time="0.001504"/>
        <testcase name="getValue_notfoundinxml_isNotNew_rental" class="ReaxmlEzrColCid_Test" file="/Users/nclifton/git/reaxml-import/ReaXmlLibrary/tests/ezr/col/cid_Test.php" line="95" assertions="2" time="0.001473"/>
        <testcase name="getValue_notfoundindb_addscategory_residential" class="ReaxmlEzrColCid_Test" file="/Users/nclifton/git/reaxml-import/ReaXmlLibrary/tests/ezr/col/cid_Test.php" line="112" assertions="2" time="0.002566"/>
        <testcase name="getValue_notfoundindb_addscategory_rental" class="ReaxmlEzrColCid_Test" file="/Users/nclifton/git/reaxml-import/ReaXmlLibrary/tests/ezr/col/cid_Test.php" line="130" assertions="2" time="0.002593"/>
        <testcase name="getValue_notfoundindb_commercial" class="ReaxmlEzrColCid_Test" file="/Users/nclifton/git/reaxml-import/ReaXmlLibrary/tests/ezr/col/cid_Test.php" line="148" assertions="2" time="0.002562"/>
        <testcase name="getValue_residential" class="ReaxmlEzrColCid_Test" file="/Users/nclifton/git/reaxml-import/ReaXmlLibrary/tests/ezr/col/cid_Test.php" line="166" assertions="2" time="0.001564"/>
        <testcase name="getValue_commercial" class="ReaxmlEzrColCid_Test" file="/Users/nclifton/git/reaxml-import/ReaXmlLibrary/tests/ezr/col/cid_Test.php" line="184" assertions="2" time="0.001506"/>
        <testcase name="getValue_rental" class="ReaxmlEzrColCid_Test" file="/Users/nclifton/git/reaxml-import/ReaXmlLibrary/tests/ezr/col/cid_Test.php" line="201" assertions="2" time="0.001508"/>
      </testsuite>
      <testsuite name="ReaxmlEzrColCloseprice_Test" file="/Users/nclifton/git/reaxml-import/ReaXmlLibrary/tests/ezr/col/closeprice_Test.php" tests="5" assertions="7" failures="0" errors="0" time="0.006543">
        <testcase name="getValue_displayyes_issoldprice" class="ReaxmlEzrColCloseprice_Test" file="/Users/nclifton/git/reaxml-import/ReaXmlLibrary/tests/ezr/col/closeprice_Test.php" line="13" assertions="1" time="0.001356"/>
        <testcase name="getValue_displayno_is0" class="ReaxmlEzrColCloseprice_Test" file="/Users/nclifton/git/reaxml-import/ReaXmlLibrary/tests/ezr/col/closeprice_Test.php" line="28" assertions="1" time="0.001031"/>
        <testcase name="getValue_displayrange_is0" class="ReaxmlEzrColCloseprice_Test" file="/Users/nclifton/git/reaxml-import/ReaXmlLibrary/tests/ezr/col/closeprice_Test.php" line="43" assertions="1" time="0.001086"/>
        <testcase name="getValue_notfound_isnew_is0" class="ReaxmlEzrColCloseprice_Test" file="/Users/nclifton/git/reaxml-import/ReaXmlLibrary/tests/ezr/col/closeprice_Test.php" line="58" assertions="2" time="0.001595"/>
        <testcase name="getValue_notfound_isnotnew_isnull" class="ReaxmlEzrColCloseprice_Test" file="/Users/nclifton/git/reaxml-import/ReaXmlLibrary/tests/ezr/col/closeprice_Test.php" line="75" assertions="2" time="0.001475"/>
      </testsuite>
      <testsuite name="ReaxmlEzrColCnid_Test" file="/Users/nclifton/git/reaxml-import/ReaXmlLibrary/tests/ezr/col/cnid_Test.php" tests="4" assertions="10" failures="0" errors="0" time="0.006477">
        <testcase name="getValue_notfoundinxml_isNew" class="ReaxmlEzrColCnid_Test" file="/Users/nclifton/git/reaxml-import/ReaXmlLibrary/tests/ezr/col/cnid_Test.php" line="15" assertions="3" time="0.001895"/>
        <testcase name="getValue_notfoundinxml_isNotNew" class="ReaxmlEzrColCnid_Test" file="/Users/nclifton/git/reaxml-import/ReaXmlLibrary/tests/ezr/col/cnid_Test.php" line="29" assertions="2" time="0.001438"/>
        <testcase name="getValue_notfoundindb" class="ReaxmlEzrColCnid_Test" file="/Users/nclifton/git/reaxml-import/ReaXmlLibrary/tests/ezr/col/cnid_Test.php" line="50" assertions="3" time="0.001576"/>
        <testcase name="getValue" class="ReaxmlEzrColCnid_Test" file="/Users/nclifton/git/reaxml-import/ReaXmlLibrary/tests/ezr/col/cnid_Test.php" line="64" assertions="2" time="0.001568"/>
      </testsuite>
      <testsuite name="ReaxmlEzrColCommunityfeatures_Test" file="/Users/nclifton/git/reaxml-import/ReaXmlLibrary/tests/ezr/col/communityfeatures_Test.php" tests="2" assertions="4" failures="0" errors="0" time="0.003559">
        <testcase name="getValue_isNew" class="ReaxmlEzrColCommunityfeatures_Test" file="/Users/nclifton/git/reaxml-import/ReaXmlLibrary/tests/ezr/col/communityfeatures_Test.php" line="12" assertions="2" time="0.002039"/>
        <testcase name="getValue_isNotNew" class="ReaxmlEzrColCommunityfeatures_Test" file="/Users/nclifton/git/reaxml-import/ReaXmlLibrary/tests/ezr/col/communityfeatures_Test.php" line="29" assertions="2" time="0.001520"/>
      </testsuite>
      <testsuite name="ReaxmlEzrColCounty_Test" file="/Users/nclifton/git/reaxml-import/ReaXmlLibrary/tests/ezr/col/county_Test.php" tests="3" assertions="5" failures="0" errors="0" time="0.004294">
        <testcase name="getValue" class="ReaxmlEzrColCounty_Test" file="/Users/nclifton/git/reaxml-import/ReaXmlLibrary/tests/ezr/col/county_Test.php" line="12" assertions="1" time="0.001226"/>
        <testcase name="getValue_notfound_isNew" class="ReaxmlEzrColCounty_Test" file="/Users/nclifton/git/reaxml-import/ReaXmlLibrary/tests/ezr/col/county_Test.php" line="27" assertions="2" time="0.001606"/>
        <testcase name="getValue_notfound_isNotNew" class="ReaxmlEzrColCounty_Test" file="/Users/nclifton/git/reaxml-import/ReaXmlLibrary/tests/ezr/col/county_Test.php" line="44" assertions="2" time="0.001462"/>
      </testsuite>
      <testsuite name="ReaxmlEzrColCovenantsyn_Test" file="/Users/nclifton/git/reaxml-import/ReaXmlLibrary/tests/ezr/col/covenantsyn_Test.php" tests="2" assertions="4" failures="0" errors="0" time="0.003419">
        <testcase name="getValue_isnew_isempty" class="ReaxmlEzrColCovenantsyn_Test" file="/Users/nclifton/git/reaxml-import/ReaXmlLibrary/tests/ezr/col/covenantsyn_Test.php" line="13" assertions="2" time="0.001939"/>
        <testcase name="getValue_isnotnew_isnull" class="ReaxmlEzrColCovenantsyn_Test" file="/Users/nclifton/git/reaxml-import/ReaXmlLibrary/tests/ezr/col/covenantsyn_Test.php" line="30" assertions="2" time="0.001480"/>
      </testsuite>
      <testsuite name="ReaxmlEzrColCtown_Test" file="/Users/nclifton/git/reaxml-import/ReaXmlLibrary/tests/ezr/col/ctown_Test.php" tests="2" assertions="4" failures="0" errors="0" time="0.003154">
        <testcase name="getValue_isnew_isempty" class="ReaxmlEzrColCtown_Test" file="/Users/nclifton/git/reaxml-import/ReaXmlLibrary/tests/ezr/col/ctown_Test.php" line="13" assertions="2" time="0.001734"/>
        <testcase name="getValue_isnotnew_isnull" class="ReaxmlEzrColCtown_Test" file="/Users/nclifton/git/reaxml-import/ReaXmlLibrary/tests/ezr/col/ctown_Test.php" line="30" assertions="2" time="0.001420"/>
      </testsuite>
      <testsuite name="ReaxmlEzrColCtport_Test" file="/Users/nclifton/git/reaxml-import/ReaXmlLibrary/tests/ezr/col/ctport_Test.php" tests="2" assertions="4" failures="0" errors="0" time="0.003053">
        <testcase name="getValue_isnew_isempty" class="ReaxmlEzrColCtport_Test" file="/Users/nclifton/git/reaxml-import/ReaXmlLibrary/tests/ezr/col/ctport_Test.php" line="13" assertions="2" time="0.001516"/>
        <testcase name="getValue_isnotnew_isnull" class="ReaxmlEzrColCtport_Test" file="/Users/nclifton/git/reaxml-import/ReaXmlLibrary/tests/ezr/col/ctport_Test.php" line="30" assertions="2" time="0.001537"/>
      </testsuite>
      <testsuite name="ReaxmlEzrColDeclat_Test" file="/Users/nclifton/git/reaxml-import/ReaXmlLibrary/tests/ezr/col/declat_Test.php" tests="7" assertions="19" failures="0" errors="0" time="0.014173">
        <testcase name="getValue" class="ReaxmlEzrColDeclat_Test" file="/Users/nclifton/git/reaxml-import/ReaXmlLibrary/tests/ezr/col/declat_Test.php" line="15" assertions="1" time="0.001923"/>
        <testcase name="getValue_notfound_isNotNew_usemap_gets_null" class="ReaxmlEzrColDeclat_Test" file="/Users/nclifton/git/reaxml-import/ReaXmlLibrary/tests/ezr/col/declat_Test.php" line="31" assertions="3" time="0.002518"/>
        <testcase name="getValue_notfound_isNotNew_no_usemap_gets_null" class="ReaxmlEzrColDeclat_Test" file="/Users/nclifton/git/reaxml-import/ReaXmlLibrary/tests/ezr/col/declat_Test.php" line="53" assertions="3" time="0.001601"/>
        <testcase name="getValue_notfound_isNotNew_always_usemap_gets_from_google" class="ReaxmlEzrColDeclat_Test" file="/Users/nclifton/git/reaxml-import/ReaXmlLibrary/tests/ezr/col/declat_Test.php" line="75" assertions="3" time="0.002127"/>
        <testcase name="getValue_notfound_isNew_usemap_gets_from_google" class="ReaxmlEzrColDeclat_Test" file="/Users/nclifton/git/reaxml-import/ReaXmlLibrary/tests/ezr/col/declat_Test.php" line="97" assertions="3" time="0.002141"/>
        <testcase name="getValue_notfound_isNew_no_usemap_gets_empty" class="ReaxmlEzrColDeclat_Test" file="/Users/nclifton/git/reaxml-import/ReaXmlLibrary/tests/ezr/col/declat_Test.php" line="119" assertions="3" time="0.001695"/>
        <testcase name="getValue_notfound_isNew_always_usemap_gets_from_google" class="ReaxmlEzrColDeclat_Test" file="/Users/nclifton/git/reaxml-import/ReaXmlLibrary/tests/ezr/col/declat_Test.php" line="141" assertions="3" time="0.002168"/>
      </testsuite>
      <testsuite name="ReaxmlEzrColDeclong_Test" file="/Users/nclifton/git/reaxml-import/ReaXmlLibrary/tests/ezr/col/declong_Test.php" tests="7" assertions="19" failures="0" errors="0" time="0.014177">
        <testcase name="getValue" class="ReaxmlEzrColDeclong_Test" file="/Users/nclifton/git/reaxml-import/ReaXmlLibrary/tests/ezr/col/declong_Test.php" line="13" assertions="1" time="0.001250"/>
        <testcase name="getValue_notfound_isNew_usemap_gets_from_google" class="ReaxmlEzrColDeclong_Test" file="/Users/nclifton/git/reaxml-import/ReaXmlLibrary/tests/ezr/col/declong_Test.php" line="28" assertions="3" time="0.002565"/>
        <testcase name="getValue_notfound_isNew_no_usemap_gets_empty" class="ReaxmlEzrColDeclong_Test" file="/Users/nclifton/git/reaxml-import/ReaXmlLibrary/tests/ezr/col/declong_Test.php" line="52" assertions="3" time="0.002045"/>
        <testcase name="getValue_notfound_isNew_always_usemap_gets_from_google" class="ReaxmlEzrColDeclong_Test" file="/Users/nclifton/git/reaxml-import/ReaXmlLibrary/tests/ezr/col/declong_Test.php" line="74" assertions="3" time="0.002677"/>
        <testcase name="getValue_notfound_isNotNew_usemap_gets_null" class="ReaxmlEzrColDeclong_Test" file="/Users/nclifton/git/reaxml-import/ReaXmlLibrary/tests/ezr/col/declong_Test.php" line="97" assertions="3" time="0.001771"/>
        <testcase name="getValue_notfound_isNotNew_no_usemap_gets_null" class="ReaxmlEzrColDeclong_Test" file="/Users/nclifton/git/reaxml-import/ReaXmlLibrary/tests/ezr/col/declong_Test.php" line="119" assertions="3" time="0.001657"/>
        <testcase name="getValue_notfound_isNotNew_always_usemap_gets_from_google" class="ReaxmlEzrColDeclong_Test" file="/Users/nclifton/git/reaxml-import/ReaXmlLibrary/tests/ezr/col/declong_Test.php" line="141" assertions="3" time="0.002212"/>
      </testsuite>
      <testsuite name="ReaxmlEzrColDepth_Test" file="/Users/nclifton/git/reaxml-import/ReaXmlLibrary/tests/ezr/col/depth_Test.php" tests="3" assertions="5" failures="0" errors="0" time="0.004365">
        <testcase name="getValue" class="ReaxmlEzrColDepth_Test" file="/Users/nclifton/git/reaxml-import/ReaXmlLibrary/tests/ezr/col/depth_Test.php" line="14" assertions="1" time="0.001337"/>
        <testcase name="getValue_notfound_isNew" class="ReaxmlEzrColDepth_Test" file="/Users/nclifton/git/reaxml-import/ReaXmlLibrary/tests/ezr/col/depth_Test.php" line="29" assertions="2" time="0.001610"/>
        <testcase name="getValue_notfound_isNotNew" class="ReaxmlEzrColDepth_Test" file="/Users/nclifton/git/reaxml-import/ReaXmlLibrary/tests/ezr/col/depth_Test.php" line="47" assertions="2" time="0.001418"/>
      </testsuite>
      <testsuite name="ReaxmlEzrColElectricservice_Test" file="/Users/nclifton/git/reaxml-import/ReaXmlLibrary/tests/ezr/col/electricservice_Test.php" tests="2" assertions="4" failures="0" errors="0" time="0.003490">
        <testcase name="getValue_isNew" class="ReaxmlEzrColElectricservice_Test" file="/Users/nclifton/git/reaxml-import/ReaXmlLibrary/tests/ezr/col/electricservice_Test.php" line="12" assertions="2" time="0.001952"/>
        <testcase name="getValue_isNotNew" class="ReaxmlEzrColElectricservice_Test" file="/Users/nclifton/git/reaxml-import/ReaXmlLibrary/tests/ezr/col/electricservice_Test.php" line="29" assertions="2" time="0.001538"/>
      </testsuite>
      <testsuite name="ReaxmlEzrColEnsuite_Test" file="/Users/nclifton/git/reaxml-import/ReaXmlLibrary/tests/ezr/col/ensuite_Test.php" tests="3" assertions="5" failures="0" errors="0" time="0.004280">
        <testcase name="getValue" class="ReaxmlEzrColEnsuite_Test" file="/Users/nclifton/git/reaxml-import/ReaXmlLibrary/tests/ezr/col/ensuite_Test.php" line="14" assertions="1" time="0.001270"/>
        <testcase name="getValue_notfound_isNew" class="ReaxmlEzrColEnsuite_Test" file="/Users/nclifton/git/reaxml-import/ReaXmlLibrary/tests/ezr/col/ensuite_Test.php" line="29" assertions="2" time="0.001565"/>
        <testcase name="getValue_notfound_isNotNew" class="ReaxmlEzrColEnsuite_Test" file="/Users/nclifton/git/reaxml-import/ReaXmlLibrary/tests/ezr/col/ensuite_Test.php" line="47" assertions="2" time="0.001445"/>
      </testsuite>
      <testsuite name="ReaxmlEzrColEpc1_Test" file="/Users/nclifton/git/reaxml-import/ReaXmlLibrary/tests/ezr/col/epc1_Test.php" tests="2" assertions="4" failures="0" errors="0" time="0.003348">
        <testcase name="getValue_isnew_givesempty" class="ReaxmlEzrColEpc1_Test" file="/Users/nclifton/git/reaxml-import/ReaXmlLibrary/tests/ezr/col/epc1_Test.php" line="15" assertions="2" time="0.001912"/>
        <testcase name="getValue_isnotnew_givesnull" class="ReaxmlEzrColEpc1_Test" file="/Users/nclifton/git/reaxml-import/ReaXmlLibrary/tests/ezr/col/epc1_Test.php" line="32" assertions="2" time="0.001436"/>
      </testsuite>
      <testsuite name="ReaxmlEzrColEpc2_Test" file="/Users/nclifton/git/reaxml-import/ReaXmlLibrary/tests/ezr/col/epc2_Test.php" tests="2" assertions="4" failures="0" errors="0" time="0.003582">
        <testcase name="getValue_isnew_givesempty" class="ReaxmlEzrColEpc2_Test" file="/Users/nclifton/git/reaxml-import/ReaXmlLibrary/tests/ezr/col/epc2_Test.php" line="15" assertions="2" time="0.002032"/>
        <testcase name="getValue_isnotnew_givesnull" class="ReaxmlEzrColEpc2_Test" file="/Users/nclifton/git/reaxml-import/ReaXmlLibrary/tests/ezr/col/epc2_Test.php" line="32" assertions="2" time="0.001550"/>
      </testsuite>
      <testsuite name="ReaxmlEzrColExteriorfinish_Test" file="/Users/nclifton/git/reaxml-import/ReaXmlLibrary/tests/ezr/col/exteriorfinish_Test.php" tests="2" assertions="4" failures="0" errors="0" time="0.003309">
        <testcase name="getValue_isNew" class="ReaxmlEzrColExteriorfinish_Test" file="/Users/nclifton/git/reaxml-import/ReaXmlLibrary/tests/ezr/col/exteriorfinish_Test.php" line="12" assertions="2" time="0.001833"/>
        <testcase name="getValue_isNotNew" class="ReaxmlEzrColExteriorfinish_Test" file="/Users/nclifton/git/reaxml-import/ReaXmlLibrary/tests/ezr/col/exteriorfinish_Test.php" line="29" assertions="2" time="0.001476"/>
      </testsuite>
      <testsuite name="ReaxmlEzrColFamilyroompresent_Test" file="/Users/nclifton/git/reaxml-import/ReaXmlLibrary/tests/ezr/col/familyroompresent_Test.php" tests="2" assertions="4" failures="0" errors="0" time="0.003623">
        <testcase name="getValue_isnew_isempty" class="ReaxmlEzrColFamilyroompresent_Test" file="/Users/nclifton/git/reaxml-import/ReaXmlLibrary/tests/ezr/col/familyroompresent_Test.php" line="13" assertions="2" time="0.001997"/>
        <testcase name="getValue_isnotnew_isnull" class="ReaxmlEzrColFamilyroompresent_Test" file="/Users/nclifton/git/reaxml-import/ReaXmlLibrary/tests/ezr/col/familyroompresent_Test.php" line="30" assertions="2" time="0.001626"/>
      </testsuite>
      <testsuite name="ReaxmlEzrColFeatured_Test" file="/Users/nclifton/git/reaxml-import/ReaXmlLibrary/tests/ezr/col/featured_Test.php" tests="2" assertions="4" failures="0" errors="0" time="0.003482">
        <testcase name="getValue_isNew" class="ReaxmlEzrColFeatured_Test" file="/Users/nclifton/git/reaxml-import/ReaXmlLibrary/tests/ezr/col/featured_Test.php" line="13" assertions="2" time="0.001941"/>
        <testcase name="getValue_isNotNew" class="ReaxmlEzrColFeatured_Test" file="/Users/nclifton/git/reaxml-import/ReaXmlLibrary/tests/ezr/col/featured_Test.php" line="29" assertions="2" time="0.001541"/>
      </testsuite>
      <testsuite name="ReaxmlEzrColFlooring_Test" file="/Users/nclifton/git/reaxml-import/ReaXmlLibrary/tests/ezr/col/flooring_Test.php" tests="4" assertions="6" failures="0" errors="0" time="0.005618">
        <testcase name="getValue_yes" class="ReaxmlEzrColFlooring_Test" file="/Users/nclifton/git/reaxml-import/ReaXmlLibrary/tests/ezr/col/flooring_Test.php" line="14" assertions="1" time="0.001415"/>
        <testcase name="getValue_no" class="ReaxmlEzrColFlooring_Test" file="/Users/nclifton/git/reaxml-import/ReaXmlLibrary/tests/ezr/col/flooring_Test.php" line="29" assertions="1" time="0.001096"/>
        <testcase name="getValue_notfound_isNew" class="ReaxmlEzrColFlooring_Test" file="/Users/nclifton/git/reaxml-import/ReaXmlLibrary/tests/ezr/col/flooring_Test.php" line="45" assertions="2" time="0.001647"/>
        <testcase name="getValue_notfound_isNotNew" class="ReaxmlEzrColFlooring_Test" file="/Users/nclifton/git/reaxml-import/ReaXmlLibrary/tests/ezr/col/flooring_Test.php" line="63" assertions="2" time="0.001460"/>
      </testsuite>
      <testsuite name="ReaxmlEzrColFlpl1_Test" file="/Users/nclifton/git/reaxml-import/ReaXmlLibrary/tests/ezr/col/flpl1_Test.php" tests="6" assertions="12" failures="0" errors="0" time="6.562638">
        <testcase name="getValue_isnew_notfound_givesempty" class="ReaxmlEzrColFlpl1_Test" file="/Users/nclifton/git/reaxml-import/ReaXmlLibrary/tests/ezr/col/flpl1_Test.php" line="34" assertions="2" time="0.003502"/>
        <testcase name="getValue_file_copiesfile_givesfilename" class="ReaxmlEzrColFlpl1_Test" file="/Users/nclifton/git/reaxml-import/ReaXmlLibrary/tests/ezr/col/flpl1_Test.php" line="51" assertions="1" time="0.007168"/>
        <testcase name="getValue_url_copiesfile_givesfilename" class="ReaxmlEzrColFlpl1_Test" file="/Users/nclifton/git/reaxml-import/ReaXmlLibrary/tests/ezr/col/flpl1_Test.php" line="74" assertions="1" time="3.261364"/>
        <testcase name="getValue_urlnotfound_logserror" class="ReaxmlEzrColFlpl1_Test" file="/Users/nclifton/git/reaxml-import/ReaXmlLibrary/tests/ezr/col/flpl1_Test.php" line="97" assertions="3" time="3.281143"/>
        <testcase name="getValue_idonly_isnew_givesempty" class="ReaxmlEzrColFlpl1_Test" file="/Users/nclifton/git/reaxml-import/ReaXmlLibrary/tests/ezr/col/flpl1_Test.php" line="123" assertions="2" time="0.002512"/>
        <testcase name="getValue_idonly_isnotnew_looksupfilenameanddeletesit_returnsempty" class="ReaxmlEzrColFlpl1_Test" file="/Users/nclifton/git/reaxml-import/ReaXmlLibrary/tests/ezr/col/flpl1_Test.php" line="140" assertions="3" time="0.006949"/>
      </testsuite>
      <testsuite name="ReaxmlEzrColFlpl2_Test" file="/Users/nclifton/git/reaxml-import/ReaXmlLibrary/tests/ezr/col/flpl2_Test.php" tests="5" assertions="9" failures="0" errors="0" time="1.828306">
        <testcase name="getValue_isnew_notfound_givesempty" class="ReaxmlEzrColFlpl2_Test" file="/Users/nclifton/git/reaxml-import/ReaXmlLibrary/tests/ezr/col/flpl2_Test.php" line="31" assertions="2" time="0.002740"/>
        <testcase name="getValue_file_copiesfile_givesfilename" class="ReaxmlEzrColFlpl2_Test" file="/Users/nclifton/git/reaxml-import/ReaXmlLibrary/tests/ezr/col/flpl2_Test.php" line="48" assertions="1" time="0.002493"/>
        <testcase name="getValue_url_copiesfile_givesfilename" class="ReaxmlEzrColFlpl2_Test" file="/Users/nclifton/git/reaxml-import/ReaXmlLibrary/tests/ezr/col/flpl2_Test.php" line="71" assertions="1" time="1.815281"/>
        <testcase name="getValue_idonly_isnew_givesempty" class="ReaxmlEzrColFlpl2_Test" file="/Users/nclifton/git/reaxml-import/ReaXmlLibrary/tests/ezr/col/flpl2_Test.php" line="94" assertions="2" time="0.002324"/>
        <testcase name="getValue_idonly_isnotnew_looksupfilenameanddeletesit_returnsempty" class="ReaxmlEzrColFlpl2_Test" file="/Users/nclifton/git/reaxml-import/ReaXmlLibrary/tests/ezr/col/flpl2_Test.php" line="111" assertions="3" time="0.005468"/>
      </testsuite>
      <testsuite name="ReaxmlEzrColFreq_Test" file="/Users/nclifton/git/reaxml-import/ReaXmlLibrary/tests/ezr/col/freq_Test.php" tests="19" assertions="22" failures="0" errors="0" time="0.030200">
        <testcase name="getValue_notfoundinxml_isNew_isNotApplicable" class="ReaxmlEzrColFreq_Test" file="/Users/nclifton/git/reaxml-import/ReaXmlLibrary/tests/ezr/col/freq_Test.php" line="15" assertions="2" time="0.002491"/>
        <testcase name="getValue_notfoundinxml_isNotNew_isnull" class="ReaxmlEzrColFreq_Test" file="/Users/nclifton/git/reaxml-import/ReaXmlLibrary/tests/ezr/col/freq_Test.php" line="33" assertions="2" time="0.002189"/>
        <testcase name="getValue_rental_week_perweek" class="ReaxmlEzrColFreq_Test" file="/Users/nclifton/git/reaxml-import/ReaXmlLibrary/tests/ezr/col/freq_Test.php" line="50" assertions="1" time="0.001342"/>
        <testcase name="getValue_rental_weekly_perweek" class="ReaxmlEzrColFreq_Test" file="/Users/nclifton/git/reaxml-import/ReaXmlLibrary/tests/ezr/col/freq_Test.php" line="65" assertions="1" time="0.001235"/>
        <testcase name="getValue_rental_month_permonth" class="ReaxmlEzrColFreq_Test" file="/Users/nclifton/git/reaxml-import/ReaXmlLibrary/tests/ezr/col/freq_Test.php" line="80" assertions="1" time="0.001498"/>
        <testcase name="getValue_rental_monthly_permonth" class="ReaxmlEzrColFreq_Test" file="/Users/nclifton/git/reaxml-import/ReaXmlLibrary/tests/ezr/col/freq_Test.php" line="95" assertions="1" time="0.001437"/>
        <testcase name="getValue_holidayRental_week_perweek" class="ReaxmlEzrColFreq_Test" file="/Users/nclifton/git/reaxml-import/ReaXmlLibrary/tests/ezr/col/freq_Test.php" line="111" assertions="1" time="0.001404"/>
        <testcase name="getValue_holidayRental_weekly_perweek" class="ReaxmlEzrColFreq_Test" file="/Users/nclifton/git/reaxml-import/ReaXmlLibrary/tests/ezr/col/freq_Test.php" line="126" assertions="1" time="0.001233"/>
        <testcase name="getValue_holidayRental_month_permonth" class="ReaxmlEzrColFreq_Test" file="/Users/nclifton/git/reaxml-import/ReaXmlLibrary/tests/ezr/col/freq_Test.php" line="141" assertions="1" time="0.001290"/>
        <testcase name="getValue_holidayRental_monthly_permonth" class="ReaxmlEzrColFreq_Test" file="/Users/nclifton/git/reaxml-import/ReaXmlLibrary/tests/ezr/col/freq_Test.php" line="156" assertions="1" time="0.001278"/>
        <testcase name="getValue_residential_notApplicable" class="ReaxmlEzrColFreq_Test" file="/Users/nclifton/git/reaxml-import/ReaXmlLibrary/tests/ezr/col/freq_Test.php" line="171" assertions="1" time="0.001331"/>
        <testcase name="getValue_rural_notApplicable" class="ReaxmlEzrColFreq_Test" file="/Users/nclifton/git/reaxml-import/ReaXmlLibrary/tests/ezr/col/freq_Test.php" line="186" assertions="1" time="0.001219"/>
        <testcase name="getValue_land_notApplicable" class="ReaxmlEzrColFreq_Test" file="/Users/nclifton/git/reaxml-import/ReaXmlLibrary/tests/ezr/col/freq_Test.php" line="202" assertions="1" time="0.001667"/>
        <testcase name="getValue_commercial_nocommercialRental_notApplicable" class="ReaxmlEzrColFreq_Test" file="/Users/nclifton/git/reaxml-import/ReaXmlLibrary/tests/ezr/col/freq_Test.php" line="217" assertions="2" time="0.002369"/>
        <testcase name="getValue_commercial_commercialRent_annual" class="ReaxmlEzrColFreq_Test" file="/Users/nclifton/git/reaxml-import/ReaXmlLibrary/tests/ezr/col/freq_Test.php" line="234" assertions="1" time="0.001691"/>
        <testcase name="getValue_commercial_commercialRent_defaultannual" class="ReaxmlEzrColFreq_Test" file="/Users/nclifton/git/reaxml-import/ReaXmlLibrary/tests/ezr/col/freq_Test.php" line="249" assertions="1" time="0.001482"/>
        <testcase name="getValue_commercial_commercialRent_rentPerSquareMetre" class="ReaxmlEzrColFreq_Test" file="/Users/nclifton/git/reaxml-import/ReaXmlLibrary/tests/ezr/col/freq_Test.php" line="264" assertions="1" time="0.001405"/>
        <testcase name="getValue_commercialLand_notApplicable" class="ReaxmlEzrColFreq_Test" file="/Users/nclifton/git/reaxml-import/ReaXmlLibrary/tests/ezr/col/freq_Test.php" line="279" assertions="1" time="0.001275"/>
        <testcase name="getValue_business_notApplicable" class="ReaxmlEzrColFreq_Test" file="/Users/nclifton/git/reaxml-import/ReaXmlLibrary/tests/ezr/col/freq_Test.php" line="294" assertions="1" time="0.002365"/>
      </testsuite>
      <testsuite name="ReaxmlEzrColFrontage_Test" file="/Users/nclifton/git/reaxml-import/ReaXmlLibrary/tests/ezr/col/frontage_Test.php" tests="3" assertions="5" failures="0" errors="0" time="0.005598">
        <testcase name="getValue" class="ReaxmlEzrColFrontage_Test" file="/Users/nclifton/git/reaxml-import/ReaXmlLibrary/tests/ezr/col/frontage_Test.php" line="14" assertions="1" time="0.001755"/>
        <testcase name="getValue_notfound_isNew" class="ReaxmlEzrColFrontage_Test" file="/Users/nclifton/git/reaxml-import/ReaXmlLibrary/tests/ezr/col/frontage_Test.php" line="29" assertions="2" time="0.002093"/>
        <testcase name="getValue_notfound_isNotNew" class="ReaxmlEzrColFrontage_Test" file="/Users/nclifton/git/reaxml-import/ReaXmlLibrary/tests/ezr/col/frontage_Test.php" line="47" assertions="2" time="0.001750"/>
      </testsuite>
      <testsuite name="ReaxmlEzrColFullbaths_Test" file="/Users/nclifton/git/reaxml-import/ReaXmlLibrary/tests/ezr/col/fullbaths_Test.php" tests="2" assertions="4" failures="0" errors="0" time="0.004014">
        <testcase name="getValue_isNew" class="ReaxmlEzrColFullbaths_Test" file="/Users/nclifton/git/reaxml-import/ReaXmlLibrary/tests/ezr/col/fullbaths_Test.php" line="12" assertions="2" time="0.002101"/>
        <testcase name="getValue_isNotNew" class="ReaxmlEzrColFullbaths_Test" file="/Users/nclifton/git/reaxml-import/ReaXmlLibrary/tests/ezr/col/fullbaths_Test.php" line="29" assertions="2" time="0.001913"/>
      </testsuite>
      <testsuite name="ReaxmlEzrColGaragedescription_Test" file="/Users/nclifton/git/reaxml-import/ReaXmlLibrary/tests/ezr/col/garagedescription_Test.php" tests="8" assertions="10" failures="0" errors="0" time="0.012330">
        <testcase name="getValue_yes" class="ReaxmlEzrColGaragedescription_Test" file="/Users/nclifton/git/reaxml-import/ReaXmlLibrary/tests/ezr/col/garagedescription_Test.php" line="14" assertions="1" time="0.001846"/>
        <testcase name="getValue_1" class="ReaxmlEzrColGaragedescription_Test" file="/Users/nclifton/git/reaxml-import/ReaXmlLibrary/tests/ezr/col/garagedescription_Test.php" line="29" assertions="1" time="0.001286"/>
        <testcase name="getValue_true" class="ReaxmlEzrColGaragedescription_Test" file="/Users/nclifton/git/reaxml-import/ReaXmlLibrary/tests/ezr/col/garagedescription_Test.php" line="44" assertions="1" time="0.001126"/>
        <testcase name="getValue_0" class="ReaxmlEzrColGaragedescription_Test" file="/Users/nclifton/git/reaxml-import/ReaXmlLibrary/tests/ezr/col/garagedescription_Test.php" line="59" assertions="1" time="0.001060"/>
        <testcase name="getValue_no" class="ReaxmlEzrColGaragedescription_Test" file="/Users/nclifton/git/reaxml-import/ReaXmlLibrary/tests/ezr/col/garagedescription_Test.php" line="74" assertions="1" time="0.001053"/>
        <testcase name="getValue_false" class="ReaxmlEzrColGaragedescription_Test" file="/Users/nclifton/git/reaxml-import/ReaXmlLibrary/tests/ezr/col/garagedescription_Test.php" line="89" assertions="1" time="0.001732"/>
        <testcase name="getValue_notfound_isNew" class="ReaxmlEzrColGaragedescription_Test" file="/Users/nclifton/git/reaxml-import/ReaXmlLibrary/tests/ezr/col/garagedescription_Test.php" line="104" assertions="2" time="0.002647"/>
        <testcase name="getValue_notfound_isNotNew" class="ReaxmlEzrColGaragedescription_Test" file="/Users/nclifton/git/reaxml-import/ReaXmlLibrary/tests/ezr/col/garagedescription_Test.php" line="122" assertions="2" time="0.001580"/>
      </testsuite>
      <testsuite name="ReaxmlEzrColGarbagedisposalyn_Test" file="/Users/nclifton/git/reaxml-import/ReaXmlLibrary/tests/ezr/col/garbagedisposalyn_Test.php" tests="2" assertions="4" failures="0" errors="0" time="0.003425">
        <testcase name="getValue_isnew_isempty" class="ReaxmlEzrColGarbagedisposalyn_Test" file="/Users/nclifton/git/reaxml-import/ReaXmlLibrary/tests/ezr/col/garbagedisposalyn_Test.php" line="13" assertions="2" time="0.001875"/>
        <testcase name="getValue_isnotnew_isnull" class="ReaxmlEzrColGarbagedisposalyn_Test" file="/Users/nclifton/git/reaxml-import/ReaXmlLibrary/tests/ezr/col/garbagedisposalyn_Test.php" line="30" assertions="2" time="0.001550"/>
      </testsuite>
      <testsuite name="ReaxmlEzrColHalfbaths_Test" file="/Users/nclifton/git/reaxml-import/ReaXmlLibrary/tests/ezr/col/halfbaths_Test.php" tests="2" assertions="4" failures="0" errors="0" time="0.004950">
        <testcase name="getValue_isNew" class="ReaxmlEzrColHalfbaths_Test" file="/Users/nclifton/git/reaxml-import/ReaXmlLibrary/tests/ezr/col/halfbaths_Test.php" line="12" assertions="2" time="0.003200"/>
        <testcase name="getValue_isNotNew" class="ReaxmlEzrColHalfbaths_Test" file="/Users/nclifton/git/reaxml-import/ReaXmlLibrary/tests/ezr/col/halfbaths_Test.php" line="29" assertions="2" time="0.001750"/>
      </testsuite>
      <testsuite name="ReaxmlEzrColHighschool_Test" file="/Users/nclifton/git/reaxml-import/ReaXmlLibrary/tests/ezr/col/highschool_Test.php" tests="2" assertions="4" failures="0" errors="0" time="0.003601">
        <testcase name="getValue_isnew_isempty" class="ReaxmlEzrColHighschool_Test" file="/Users/nclifton/git/reaxml-import/ReaXmlLibrary/tests/ezr/col/highschool_Test.php" line="13" assertions="2" time="0.001958"/>
        <testcase name="getValue_isnotnew_isnull" class="ReaxmlEzrColHighschool_Test" file="/Users/nclifton/git/reaxml-import/ReaXmlLibrary/tests/ezr/col/highschool_Test.php" line="30" assertions="2" time="0.001643"/>
      </testsuite>
      <testsuite name="ReaxmlEzrColHouseconstruction_Test" file="/Users/nclifton/git/reaxml-import/ReaXmlLibrary/tests/ezr/col/houseconstruction_Test.php" tests="2" assertions="4" failures="0" errors="0" time="0.003553">
        <testcase name="getValue_isNew" class="ReaxmlEzrColHouseconstruction_Test" file="/Users/nclifton/git/reaxml-import/ReaXmlLibrary/tests/ezr/col/houseconstruction_Test.php" line="12" assertions="2" time="0.002009"/>
        <testcase name="getValue_isNotNew" class="ReaxmlEzrColHouseconstruction_Test" file="/Users/nclifton/git/reaxml-import/ReaXmlLibrary/tests/ezr/col/houseconstruction_Test.php" line="29" assertions="2" time="0.001544"/>
      </testsuite>
      <testsuite name="ReaxmlEzrColHousestyle_Test" file="/Users/nclifton/git/reaxml-import/ReaXmlLibrary/tests/ezr/col/housestyle_Test.php" tests="2" assertions="4" failures="0" errors="0" time="0.005393">
        <testcase name="getValue_isNew" class="ReaxmlEzrColHousestyle_Test" file="/Users/nclifton/git/reaxml-import/ReaXmlLibrary/tests/ezr/col/housestyle_Test.php" line="12" assertions="2" time="0.003184"/>
        <testcase name="getValue_isNotNew" class="ReaxmlEzrColHousestyle_Test" file="/Users/nclifton/git/reaxml-import/ReaXmlLibrary/tests/ezr/col/housestyle_Test.php" line="29" assertions="2" time="0.002209"/>
      </testsuite>
      <testsuite name="ReaxmlEzrColImage_count_Test" file="/Users/nclifton/git/reaxml-import/ReaXmlLibrary/tests/ezr/col/image_count_Test.php" tests="5" assertions="10" failures="0" errors="0" time="0.014737">
        <testcase name="getValue_isnew_notfound_gives0" class="ReaxmlEzrColImage_count_Test" file="/Users/nclifton/git/reaxml-import/ReaXmlLibrary/tests/ezr/col/image_count_Test.php" line="14" assertions="2" time="0.002137"/>
        <testcase name="getValue_isnotnew_notfound_givescountfromdb" class="ReaxmlEzrColImage_count_Test" file="/Users/nclifton/git/reaxml-import/ReaXmlLibrary/tests/ezr/col/image_count_Test.php" line="31" assertions="2" time="0.003260"/>
        <testcase name="getValue_isnew_finds2images_gives2" class="ReaxmlEzrColImage_count_Test" file="/Users/nclifton/git/reaxml-import/ReaXmlLibrary/tests/ezr/col/image_count_Test.php" line="49" assertions="2" time="0.002916"/>
        <testcase name="getValue_isNotNew_finds2images_3inDb_gives3" class="ReaxmlEzrColImage_count_Test" file="/Users/nclifton/git/reaxml-import/ReaXmlLibrary/tests/ezr/col/image_count_Test.php" line="66" assertions="2" time="0.003125"/>
        <testcase name="getValue_isNotNew_finds2images_1inDb_gives2" class="ReaxmlEzrColImage_count_Test" file="/Users/nclifton/git/reaxml-import/ReaXmlLibrary/tests/ezr/col/image_count_Test.php" line="84" assertions="2" time="0.003299"/>
      </testsuite>
      <testsuite name="ReaxmlEzrColImage_fname_Test" file="/Users/nclifton/git/reaxml-import/ReaXmlLibrary/tests/ezr/col/image_fname_Test.php" tests="11" assertions="28" failures="0" errors="0" time="27.115520">
        <testcase name="getValue0_isnew_notfound_givesempty" class="ReaxmlEzrColImage_fname_Test" file="/Users/nclifton/git/reaxml-import/ReaXmlLibrary/tests/ezr/col/image_fname_Test.php" line="35" assertions="2" time="2.005337"/>
        <testcase name="getValue0_isnotnew_notfound_givesnull" class="ReaxmlEzrColImage_fname_Test" file="/Users/nclifton/git/reaxml-import/ReaXmlLibrary/tests/ezr/col/image_fname_Test.php" line="53" assertions="2" time="2.004248"/>
        <testcase name="getValue1_isnew_notfound_givesempty" class="ReaxmlEzrColImage_fname_Test" file="/Users/nclifton/git/reaxml-import/ReaXmlLibrary/tests/ezr/col/image_fname_Test.php" line="72" assertions="2" time="2.014432"/>
        <testcase name="getValue1_isnotnew_notfound_givesnull" class="ReaxmlEzrColImage_fname_Test" file="/Users/nclifton/git/reaxml-import/ReaXmlLibrary/tests/ezr/col/image_fname_Test.php" line="90" assertions="2" time="2.006271"/>
        <testcase name="getValue0_file_copiesfile_givesfilename_generatesthumb" class="ReaxmlEzrColImage_fname_Test" file="/Users/nclifton/git/reaxml-import/ReaXmlLibrary/tests/ezr/col/image_fname_Test.php" line="108" assertions="2" time="2.049403"/>
        <testcase name="getValue1_file_copiesfile_givesfilename_generatesthumb" class="ReaxmlEzrColImage_fname_Test" file="/Users/nclifton/git/reaxml-import/ReaXmlLibrary/tests/ezr/col/image_fname_Test.php" line="138" assertions="2" time="2.091877"/>
        <testcase name="getValue0_url_copiesfile_givesfilename_generatesthumb" class="ReaxmlEzrColImage_fname_Test" file="/Users/nclifton/git/reaxml-import/ReaXmlLibrary/tests/ezr/col/image_fname_Test.php" line="169" assertions="2" time="4.488159"/>
        <testcase name="getValue0_urlnotfound_logserror" class="ReaxmlEzrColImage_fname_Test" file="/Users/nclifton/git/reaxml-import/ReaXmlLibrary/tests/ezr/col/image_fname_Test.php" line="199" assertions="4" time="2.403045"/>
        <testcase name="getValue0_filenotfound_logserror" class="ReaxmlEzrColImage_fname_Test" file="/Users/nclifton/git/reaxml-import/ReaXmlLibrary/tests/ezr/col/image_fname_Test.php" line="230" assertions="4" time="4.029882"/>
        <testcase name="getValue0_idonly_isnew_givesempty" class="ReaxmlEzrColImage_fname_Test" file="/Users/nclifton/git/reaxml-import/ReaXmlLibrary/tests/ezr/col/image_fname_Test.php" line="264" assertions="2" time="2.005173"/>
        <testcase name="getValue0_idmOnly_isNotNew_looksupFilenameAndDeletesMainAndThumb_returnsEmpty" class="ReaxmlEzrColImage_fname_Test" file="/Users/nclifton/git/reaxml-import/ReaXmlLibrary/tests/ezr/col/image_fname_Test.php" line="281" assertions="4" time="2.017693"/>
      </testsuite>
      <testsuite name="ReaxmlEzrColImage_ordering_Test" file="/Users/nclifton/git/reaxml-import/ReaXmlLibrary/tests/ezr/col/image_ordering_Test.php" tests="6" assertions="10" failures="0" errors="0" time="0.011877">
        <testcase name="getValue0_isnew_notfound_gives1" class="ReaxmlEzrColImage_ordering_Test" file="/Users/nclifton/git/reaxml-import/ReaXmlLibrary/tests/ezr/col/image_ordering_Test.php" line="14" assertions="2" time="0.003113"/>
        <testcase name="getValue0_isnotnew_notfound_givesnull" class="ReaxmlEzrColImage_ordering_Test" file="/Users/nclifton/git/reaxml-import/ReaXmlLibrary/tests/ezr/col/image_ordering_Test.php" line="31" assertions="2" time="0.002046"/>
        <testcase name="getValue0_idm_gives1" class="ReaxmlEzrColImage_ordering_Test" file="/Users/nclifton/git/reaxml-import/ReaXmlLibrary/tests/ezr/col/image_ordering_Test.php" line="48" assertions="1" time="0.001459"/>
        <testcase name="getValue0_isnew_noidm_gives0" class="ReaxmlEzrColImage_ordering_Test" file="/Users/nclifton/git/reaxml-import/ReaXmlLibrary/tests/ezr/col/image_ordering_Test.php" line="63" assertions="2" time="0.002164"/>
        <testcase name="getValue0_isnotnew_noidm_givesnull" class="ReaxmlEzrColImage_ordering_Test" file="/Users/nclifton/git/reaxml-import/ReaXmlLibrary/tests/ezr/col/image_ordering_Test.php" line="80" assertions="2" time="0.001884"/>
        <testcase name="getValue10_idj_isnew_gives1" class="ReaxmlEzrColImage_ordering_Test" file="/Users/nclifton/git/reaxml-import/ReaXmlLibrary/tests/ezr/col/image_ordering_Test.php" line="98" assertions="1" time="0.001211"/>
      </testsuite>
      <testsuite name="ReaxmlEzrColIndoorfeatures_Test" file="/Users/nclifton/git/reaxml-import/ReaXmlLibrary/tests/ezr/col/indoorfeatures_Test.php" tests="16" assertions="32" failures="0" errors="0" time="0.035578">
        <testcase name="getValue_allyes_isall" class="ReaxmlEzrColIndoorfeatures_Test" file="/Users/nclifton/git/reaxml-import/ReaXmlLibrary/tests/ezr/col/indoorfeatures_Test.php" line="13" assertions="2" time="0.002455"/>
        <testcase name="getValue_hotwaterservicetypesolar_issolarHotWater" class="ReaxmlEzrColIndoorfeatures_Test" file="/Users/nclifton/git/reaxml-import/ReaXmlLibrary/tests/ezr/col/indoorfeatures_Test.php" line="49" assertions="2" time="0.001794"/>
        <testcase name="getValue_solarhotwateryes_issolarHotWater" class="ReaxmlEzrColIndoorfeatures_Test" file="/Users/nclifton/git/reaxml-import/ReaXmlLibrary/tests/ezr/col/indoorfeatures_Test.php" line="67" assertions="2" time="0.001795"/>
        <testcase name="getValue_hotwaterservicetypeelectric_iselectricHotWater" class="ReaxmlEzrColIndoorfeatures_Test" file="/Users/nclifton/git/reaxml-import/ReaXmlLibrary/tests/ezr/col/indoorfeatures_Test.php" line="86" assertions="2" time="0.001995"/>
        <testcase name="getValue_hotwaterservicetypegas_isGasHotWater" class="ReaxmlEzrColIndoorfeatures_Test" file="/Users/nclifton/git/reaxml-import/ReaXmlLibrary/tests/ezr/col/indoorfeatures_Test.php" line="104" assertions="2" time="0.001839"/>
        <testcase name="getValue_heatingtypeother_isHeating" class="ReaxmlEzrColIndoorfeatures_Test" file="/Users/nclifton/git/reaxml-import/ReaXmlLibrary/tests/ezr/col/indoorfeatures_Test.php" line="122" assertions="2" time="0.001845"/>
        <testcase name="getValue_heatingtypesolid_isSolidFuelHeating" class="ReaxmlEzrColIndoorfeatures_Test" file="/Users/nclifton/git/reaxml-import/ReaXmlLibrary/tests/ezr/col/indoorfeatures_Test.php" line="139" assertions="2" time="0.001868"/>
        <testcase name="getValue_heatingtypeGDH_isGasDuctedHeating" class="ReaxmlEzrColIndoorfeatures_Test" file="/Users/nclifton/git/reaxml-import/ReaXmlLibrary/tests/ezr/col/indoorfeatures_Test.php" line="156" assertions="2" time="0.001839"/>
        <testcase name="getValue_heatingtypeelectric_iselectricheating" class="ReaxmlEzrColIndoorfeatures_Test" file="/Users/nclifton/git/reaxml-import/ReaXmlLibrary/tests/ezr/col/indoorfeatures_Test.php" line="173" assertions="2" time="0.001807"/>
        <testcase name="getValue_airconditioningno_isnew_isempty" class="ReaxmlEzrColIndoorfeatures_Test" file="/Users/nclifton/git/reaxml-import/ReaXmlLibrary/tests/ezr/col/indoorfeatures_Test.php" line="191" assertions="2" time="0.001859"/>
        <testcase name="getValue_airconditioningno_isnotnew_isempty" class="ReaxmlEzrColIndoorfeatures_Test" file="/Users/nclifton/git/reaxml-import/ReaXmlLibrary/tests/ezr/col/indoorfeatures_Test.php" line="208" assertions="2" time="0.003008"/>
        <testcase name="getValue_noindoorfeatures_isnew_isempty" class="ReaxmlEzrColIndoorfeatures_Test" file="/Users/nclifton/git/reaxml-import/ReaXmlLibrary/tests/ezr/col/indoorfeatures_Test.php" line="227" assertions="2" time="0.001791"/>
        <testcase name="getValue_isnotnew_noindoorfeatures_hasnoexistingindoorfeatures_isnull" class="ReaxmlEzrColIndoorfeatures_Test" file="/Users/nclifton/git/reaxml-import/ReaXmlLibrary/tests/ezr/col/indoorfeatures_Test.php" line="244" assertions="2" time="0.002959"/>
        <testcase name="getValue_isnotnew_noindoorfeatures_hasexistingindoorfeaturesCarpets_isnull" class="ReaxmlEzrColIndoorfeatures_Test" file="/Users/nclifton/git/reaxml-import/ReaXmlLibrary/tests/ezr/col/indoorfeatures_Test.php" line="262" assertions="2" time="0.002789"/>
        <testcase name="getValue_isnotnew_vacuumsystemyes_hasexistingindoorfeaturescarpets_isnull" class="ReaxmlEzrColIndoorfeatures_Test" file="/Users/nclifton/git/reaxml-import/ReaXmlLibrary/tests/ezr/col/indoorfeatures_Test.php" line="280" assertions="2" time="0.002980"/>
        <testcase name="getValue_isnotnew_vacuumsystemno_hasexistingindoorfeaturescarpetsvacuumsystem_iscarpetsonly" class="ReaxmlEzrColIndoorfeatures_Test" file="/Users/nclifton/git/reaxml-import/ReaXmlLibrary/tests/ezr/col/indoorfeatures_Test.php" line="298" assertions="2" time="0.002955"/>
      </testsuite>
      <testsuite name="ReaxmlEzrColKitchenpresent_Test" file="/Users/nclifton/git/reaxml-import/ReaXmlLibrary/tests/ezr/col/kitchenpresent_Test.php" tests="2" assertions="4" failures="0" errors="0" time="0.003288">
        <testcase name="getValue_isnew_isempty" class="ReaxmlEzrColKitchenpresent_Test" file="/Users/nclifton/git/reaxml-import/ReaXmlLibrary/tests/ezr/col/kitchenpresent_Test.php" line="13" assertions="2" time="0.001743"/>
        <testcase name="getValue_isnotnew_isnull" class="ReaxmlEzrColKitchenpresent_Test" file="/Users/nclifton/git/reaxml-import/ReaXmlLibrary/tests/ezr/col/kitchenpresent_Test.php" line="30" assertions="2" time="0.001545"/>
      </testsuite>
      <testsuite name="ReaxmlEzrColLandareasqft_Test" file="/Users/nclifton/git/reaxml-import/ReaXmlLibrary/tests/ezr/col/landareasqft_Test.php" tests="6" assertions="8" failures="0" errors="0" time="0.010150">
        <testcase name="getValue_squaremeters" class="ReaxmlEzrColLandareasqft_Test" file="/Users/nclifton/git/reaxml-import/ReaXmlLibrary/tests/ezr/col/landareasqft_Test.php" line="14" assertions="1" time="0.001368"/>
        <testcase name="getValue_square" class="ReaxmlEzrColLandareasqft_Test" file="/Users/nclifton/git/reaxml-import/ReaXmlLibrary/tests/ezr/col/landareasqft_Test.php" line="29" assertions="1" time="0.001123"/>
        <testcase name="getValue_hectare" class="ReaxmlEzrColLandareasqft_Test" file="/Users/nclifton/git/reaxml-import/ReaXmlLibrary/tests/ezr/col/landareasqft_Test.php" line="44" assertions="1" time="0.001107"/>
        <testcase name="getValue_acre" class="ReaxmlEzrColLandareasqft_Test" file="/Users/nclifton/git/reaxml-import/ReaXmlLibrary/tests/ezr/col/landareasqft_Test.php" line="59" assertions="1" time="0.001814"/>
        <testcase name="getValue_notfound_isNew" class="ReaxmlEzrColLandareasqft_Test" file="/Users/nclifton/git/reaxml-import/ReaXmlLibrary/tests/ezr/col/landareasqft_Test.php" line="75" assertions="2" time="0.002635"/>
        <testcase name="getValue_notfound_isNotNew" class="ReaxmlEzrColLandareasqft_Test" file="/Users/nclifton/git/reaxml-import/ReaXmlLibrary/tests/ezr/col/landareasqft_Test.php" line="93" assertions="2" time="0.002103"/>
      </testsuite>
      <testsuite name="ReaxmlEzrColLandtype_Test" file="/Users/nclifton/git/reaxml-import/ReaXmlLibrary/tests/ezr/col/landtype_Test.php" tests="2" assertions="4" failures="0" errors="0" time="0.004125">
        <testcase name="getValue_isNew" class="ReaxmlEzrColLandtype_Test" file="/Users/nclifton/git/reaxml-import/ReaXmlLibrary/tests/ezr/col/landtype_Test.php" line="12" assertions="2" time="0.002402"/>
        <testcase name="getValue_isNotNew" class="ReaxmlEzrColLandtype_Test" file="/Users/nclifton/git/reaxml-import/ReaXmlLibrary/tests/ezr/col/landtype_Test.php" line="29" assertions="2" time="0.001723"/>
      </testsuite>
      <testsuite name="ReaxmlEzrColLanguage_Test" file="/Users/nclifton/git/reaxml-import/ReaXmlLibrary/tests/ezr/col/language_Test.php" tests="2" assertions="4" failures="0" errors="0" time="0.003464">
        <testcase name="getValue_isNew" class="ReaxmlEzrColLanguage_Test" file="/Users/nclifton/git/reaxml-import/ReaXmlLibrary/tests/ezr/col/language_Test.php" line="13" assertions="2" time="0.001915"/>
        <testcase name="getValue_isNotNew" class="ReaxmlEzrColLanguage_Test" file="/Users/nclifton/git/reaxml-import/ReaXmlLibrary/tests/ezr/col/language_Test.php" line="30" assertions="2" time="0.001549"/>
      </testsuite>
      <testsuite name="ReaxmlEzrColLaundryroompresent_Test" file="/Users/nclifton/git/reaxml-import/ReaXmlLibrary/tests/ezr/col/laundryroompresent_Test.php" tests="2" assertions="4" failures="0" errors="0" time="0.003275">
        <testcase name="getValue_isnew_isempty" class="ReaxmlEzrColLaundryroompresent_Test" file="/Users/nclifton/git/reaxml-import/ReaXmlLibrary/tests/ezr/col/laundryroompresent_Test.php" line="13" assertions="2" time="0.001752"/>
        <testcase name="getValue_isnotnew_isnull" class="ReaxmlEzrColLaundryroompresent_Test" file="/Users/nclifton/git/reaxml-import/ReaXmlLibrary/tests/ezr/col/laundryroompresent_Test.php" line="30" assertions="2" time="0.001523"/>
      </testsuite>
      <testsuite name="ReaxmlEzrColListdate_Test" file="/Users/nclifton/git/reaxml-import/ReaXmlLibrary/tests/ezr/col/listdate_Test.php" tests="2" assertions="4" failures="0" errors="0" time="0.003612">
        <testcase name="getValue_found_isnew_givesdatefromxml" class="ReaxmlEzrColListdate_Test" file="/Users/nclifton/git/reaxml-import/ReaXmlLibrary/tests/ezr/col/listdate_Test.php" line="13" assertions="2" time="0.001938"/>
        <testcase name="getValue_notfound_givescurrentdate" class="ReaxmlEzrColListdate_Test" file="/Users/nclifton/git/reaxml-import/ReaXmlLibrary/tests/ezr/col/listdate_Test.php" line="30" assertions="2" time="0.001674"/>
      </testsuite>
      <testsuite name="ReaxmlEzrColLivingarea_Test" file="/Users/nclifton/git/reaxml-import/ReaXmlLibrary/tests/ezr/col/livingarea_Test.php" tests="3" assertions="5" failures="0" errors="0" time="0.004441">
        <testcase name="getValue" class="ReaxmlEzrColLivingarea_Test" file="/Users/nclifton/git/reaxml-import/ReaXmlLibrary/tests/ezr/col/livingarea_Test.php" line="14" assertions="1" time="0.001305"/>
        <testcase name="getValue_notfound_isNew" class="ReaxmlEzrColLivingarea_Test" file="/Users/nclifton/git/reaxml-import/ReaXmlLibrary/tests/ezr/col/livingarea_Test.php" line="29" assertions="2" time="0.001632"/>
        <testcase name="getValue_notfound_isNotNew" class="ReaxmlEzrColLivingarea_Test" file="/Users/nclifton/git/reaxml-import/ReaXmlLibrary/tests/ezr/col/livingarea_Test.php" line="47" assertions="2" time="0.001504"/>
      </testsuite>
      <testsuite name="ReaxmlEzrColLivingroompresent_Test" file="/Users/nclifton/git/reaxml-import/ReaXmlLibrary/tests/ezr/col/livingroompresent_Test.php" tests="2" assertions="4" failures="0" errors="0" time="0.003272">
        <testcase name="getValue_isnew_isempty" class="ReaxmlEzrColLivingroompresent_Test" file="/Users/nclifton/git/reaxml-import/ReaXmlLibrary/tests/ezr/col/livingroompresent_Test.php" line="13" assertions="2" time="0.001722"/>
        <testcase name="getValue_isnotnew_isnull" class="ReaxmlEzrColLivingroompresent_Test" file="/Users/nclifton/git/reaxml-import/ReaXmlLibrary/tests/ezr/col/livingroompresent_Test.php" line="30" assertions="2" time="0.001550"/>
      </testsuite>
      <testsuite name="ReaxmlEzrColLocidTest" file="/Users/nclifton/git/reaxml-import/ReaXmlLibrary/tests/ezr/col/locid_Test.php" tests="9" assertions="19" failures="0" errors="0" time="0.047472">
        <testcase name="getValue_notfoundinxml_isNew" class="ReaxmlEzrColLocidTest" file="/Users/nclifton/git/reaxml-import/ReaXmlLibrary/tests/ezr/col/locid_Test.php" line="15" assertions="3" time="0.001987"/>
        <testcase name="getValue_notfoundinxml_isNotNew" class="ReaxmlEzrColLocidTest" file="/Users/nclifton/git/reaxml-import/ReaXmlLibrary/tests/ezr/col/locid_Test.php" line="29" assertions="2" time="0.001538"/>
        <testcase name="getValue_statenotfoundinxml" class="ReaxmlEzrColLocidTest" file="/Users/nclifton/git/reaxml-import/ReaXmlLibrary/tests/ezr/col/locid_Test.php" line="50" assertions="2" time="0.001193"/>
        <testcase name="getValue_postcodenotfoundinxml" class="ReaxmlEzrColLocidTest" file="/Users/nclifton/git/reaxml-import/ReaXmlLibrary/tests/ezr/col/locid_Test.php" line="68" assertions="2" time="0.001219"/>
        <testcase name="getValue_countrynotfoundinxml" class="ReaxmlEzrColLocidTest" file="/Users/nclifton/git/reaxml-import/ReaXmlLibrary/tests/ezr/col/locid_Test.php" line="86" assertions="2" time="0.001233"/>
        <testcase name="getValue_notfoundindb_addstodb_stateindb" class="ReaxmlEzrColLocidTest" file="/Users/nclifton/git/reaxml-import/ReaXmlLibrary/tests/ezr/col/locid_Test.php" line="102" assertions="2" time="0.007007"/>
        <testcase name="getValue_notfoundindb_addlocalitytodb_addstatetodb_countryindb" class="ReaxmlEzrColLocidTest" file="/Users/nclifton/git/reaxml-import/ReaXmlLibrary/tests/ezr/col/locid_Test.php" line="122" assertions="2" time="0.014156"/>
        <testcase name="getValue_notfoundindb_addlocalitytodb_addstatetodb_addcountrytodb" class="ReaxmlEzrColLocidTest" file="/Users/nclifton/git/reaxml-import/ReaXmlLibrary/tests/ezr/col/locid_Test.php" line="143" assertions="2" time="0.014766"/>
        <testcase name="getValue" class="ReaxmlEzrColLocidTest" file="/Users/nclifton/git/reaxml-import/ReaXmlLibrary/tests/ezr/col/locid_Test.php" line="165" assertions="2" time="0.004373"/>
      </testsuite>
      <testsuite name="ReaxmlEzrColLot_num_Test" file="/Users/nclifton/git/reaxml-import/ReaXmlLibrary/tests/ezr/col/lot_num_Test.php" tests="3" assertions="5" failures="0" errors="0" time="0.005968">
        <testcase name="getValue" class="ReaxmlEzrColLot_num_Test" file="/Users/nclifton/git/reaxml-import/ReaXmlLibrary/tests/ezr/col/lot_num_Test.php" line="13" assertions="1" time="0.001811"/>
        <testcase name="getValue_notfound_isNew" class="ReaxmlEzrColLot_num_Test" file="/Users/nclifton/git/reaxml-import/ReaXmlLibrary/tests/ezr/col/lot_num_Test.php" line="28" assertions="2" time="0.002250"/>
        <testcase name="getValue_notfound_isNotNew" class="ReaxmlEzrColLot_num_Test" file="/Users/nclifton/git/reaxml-import/ReaXmlLibrary/tests/ezr/col/lot_num_Test.php" line="45" assertions="2" time="0.001907"/>
      </testsuite>
      <testsuite name="ReaxmlEzrColLotdimensions_Test" file="/Users/nclifton/git/reaxml-import/ReaXmlLibrary/tests/ezr/col/lotdimensions_Test.php" tests="2" assertions="4" failures="0" errors="0" time="0.003907">
        <testcase name="getValue_isNew" class="ReaxmlEzrColLotdimensions_Test" file="/Users/nclifton/git/reaxml-import/ReaXmlLibrary/tests/ezr/col/lotdimensions_Test.php" line="12" assertions="2" time="0.002217"/>
        <testcase name="getValue_isNotNew" class="ReaxmlEzrColLotdimensions_Test" file="/Users/nclifton/git/reaxml-import/ReaXmlLibrary/tests/ezr/col/lotdimensions_Test.php" line="29" assertions="2" time="0.001690"/>
      </testsuite>
      <testsuite name="ReaxmlEzrColMediaurl_Test" file="/Users/nclifton/git/reaxml-import/ReaXmlLibrary/tests/ezr/col/mediaurl_Test.php" tests="3" assertions="5" failures="0" errors="0" time="0.004741">
        <testcase name="getValue_isnew_notfound_givesempty" class="ReaxmlEzrColMediaurl_Test" file="/Users/nclifton/git/reaxml-import/ReaXmlLibrary/tests/ezr/col/mediaurl_Test.php" line="14" assertions="2" time="0.001997"/>
        <testcase name="getValue_isnotnew_notfound_givesnull" class="ReaxmlEzrColMediaurl_Test" file="/Users/nclifton/git/reaxml-import/ReaXmlLibrary/tests/ezr/col/mediaurl_Test.php" line="31" assertions="2" time="0.001589"/>
        <testcase name="getValue_containshref_givesvalue" class="ReaxmlEzrColMediaurl_Test" file="/Users/nclifton/git/reaxml-import/ReaXmlLibrary/tests/ezr/col/mediaurl_Test.php" line="49" assertions="1" time="0.001155"/>
      </testsuite>
      <testsuite name="ReaxmlEzrColMetadesc_Test" file="/Users/nclifton/git/reaxml-import/ReaXmlLibrary/tests/ezr/col/metadesc_Test.php" tests="3" assertions="5" failures="0" errors="0" time="0.004926">
        <testcase name="getValue" class="ReaxmlEzrColMetadesc_Test" file="/Users/nclifton/git/reaxml-import/ReaXmlLibrary/tests/ezr/col/metadesc_Test.php" line="13" assertions="1" time="0.001329"/>
        <testcase name="getValue_notfound_isnew_isempty" class="ReaxmlEzrColMetadesc_Test" file="/Users/nclifton/git/reaxml-import/ReaXmlLibrary/tests/ezr/col/metadesc_Test.php" line="30" assertions="2" time="0.001761"/>
        <testcase name="getValue_notfound_isnotnew_isnull" class="ReaxmlEzrColMetadesc_Test" file="/Users/nclifton/git/reaxml-import/ReaXmlLibrary/tests/ezr/col/metadesc_Test.php" line="47" assertions="2" time="0.001836"/>
      </testsuite>
      <testsuite name="ReaxmlEzrColMetakey_Test" file="/Users/nclifton/git/reaxml-import/ReaXmlLibrary/tests/ezr/col/metakey_Test.php" tests="2" assertions="4" failures="0" errors="0" time="0.003832">
        <testcase name="getValue_notfound_isnew_isempty" class="ReaxmlEzrColMetakey_Test" file="/Users/nclifton/git/reaxml-import/ReaXmlLibrary/tests/ezr/col/metakey_Test.php" line="14" assertions="2" time="0.002066"/>
        <testcase name="getValue_notfound_isnotnew_isnull" class="ReaxmlEzrColMetakey_Test" file="/Users/nclifton/git/reaxml-import/ReaXmlLibrary/tests/ezr/col/metakey_Test.php" line="31" assertions="2" time="0.001766"/>
      </testsuite>
      <testsuite name="ReaxmlEzrColMls_agent_Test" file="/Users/nclifton/git/reaxml-import/ReaXmlLibrary/tests/ezr/col/mls_agent_Test.php" tests="3" assertions="5" failures="0" errors="0" time="0.005217">
        <testcase name="getValue_notfound_isnew_givesempty" class="ReaxmlEzrColMls_agent_Test" file="/Users/nclifton/git/reaxml-import/ReaXmlLibrary/tests/ezr/col/mls_agent_Test.php" line="13" assertions="2" time="0.002105"/>
        <testcase name="getValue_notfound_isnotnew_givesnull" class="ReaxmlEzrColMls_agent_Test" file="/Users/nclifton/git/reaxml-import/ReaXmlLibrary/tests/ezr/col/mls_agent_Test.php" line="31" assertions="2" time="0.001820"/>
        <testcase name="getValue" class="ReaxmlEzrColMls_agent_Test" file="/Users/nclifton/git/reaxml-import/ReaXmlLibrary/tests/ezr/col/mls_agent_Test.php" line="49" assertions="1" time="0.001292"/>
      </testsuite>
      <testsuite name="ReaxmlEzrColMls_id_Test" file="/Users/nclifton/git/reaxml-import/ReaXmlLibrary/tests/ezr/col/mls_id_Test.php" tests="2" assertions="3" failures="0" errors="0" time="0.002877">
        <testcase name="getValue_notfoundinxml" class="ReaxmlEzrColMls_id_Test" file="/Users/nclifton/git/reaxml-import/ReaXmlLibrary/tests/ezr/col/mls_id_Test.php" line="15" assertions="2" time="0.001571"/>
        <testcase name="getValue" class="ReaxmlEzrColMls_id_Test" file="/Users/nclifton/git/reaxml-import/ReaXmlLibrary/tests/ezr/col/mls_id_Test.php" line="27" assertions="1" time="0.001306"/>
      </testsuite>
      <testsuite name="ReaxmlEzrColOffice_id_Test" file="/Users/nclifton/git/reaxml-import/ReaXmlLibrary/tests/ezr/col/office_id_Test.php" tests="2" assertions="4" failures="0" errors="0" time="0.003415">
        <testcase name="getValue_isnew_givesempty" class="ReaxmlEzrColOffice_id_Test" file="/Users/nclifton/git/reaxml-import/ReaXmlLibrary/tests/ezr/col/office_id_Test.php" line="13" assertions="2" time="0.001875"/>
        <testcase name="getValue_isnotnew_givesnull" class="ReaxmlEzrColOffice_id_Test" file="/Users/nclifton/git/reaxml-import/ReaXmlLibrary/tests/ezr/col/office_id_Test.php" line="30" assertions="2" time="0.001540"/>
      </testsuite>
      <testsuite name="ReaxmlEzrColOffpeak_Test" file="/Users/nclifton/git/reaxml-import/ReaXmlLibrary/tests/ezr/col/offpeak_Test.php" tests="2" assertions="4" failures="0" errors="0" time="0.003552">
        <testcase name="getValue_isNew_is0" class="ReaxmlEzrColOffpeak_Test" file="/Users/nclifton/git/reaxml-import/ReaXmlLibrary/tests/ezr/col/offpeak_Test.php" line="15" assertions="2" time="0.001955"/>
        <testcase name="getValue_isNotNew_isnull" class="ReaxmlEzrColOffpeak_Test" file="/Users/nclifton/git/reaxml-import/ReaXmlLibrary/tests/ezr/col/offpeak_Test.php" line="33" assertions="2" time="0.001597"/>
      </testsuite>
      <testsuite name="ReaxmlEzrColOhdate2_Test" file="/Users/nclifton/git/reaxml-import/ReaXmlLibrary/tests/ezr/col/ohdate2_Test.php" tests="3" assertions="3" failures="0" errors="0" time="0.003353">
        <testcase name="getValue_found_gives_time" class="ReaxmlEzrColOhdate2_Test" file="/Users/nclifton/git/reaxml-import/ReaXmlLibrary/tests/ezr/col/ohdate2_Test.php" line="13" assertions="1" time="0.001362"/>
        <testcase name="getValue_empty_givesnull" class="ReaxmlEzrColOhdate2_Test" file="/Users/nclifton/git/reaxml-import/ReaXmlLibrary/tests/ezr/col/ohdate2_Test.php" line="28" assertions="1" time="0.000985"/>
        <testcase name="getValue_notfound_givesnull" class="ReaxmlEzrColOhdate2_Test" file="/Users/nclifton/git/reaxml-import/ReaXmlLibrary/tests/ezr/col/ohdate2_Test.php" line="42" assertions="1" time="0.001006"/>
      </testsuite>
      <testsuite name="ReaxmlEzrColOhdate_Test" file="/Users/nclifton/git/reaxml-import/ReaXmlLibrary/tests/ezr/col/ohdate_Test.php" tests="4" assertions="4" failures="0" errors="0" time="0.004822">
        <testcase name="getValue_found_gives_date" class="ReaxmlEzrColOhdate_Test" file="/Users/nclifton/git/reaxml-import/ReaXmlLibrary/tests/ezr/col/ohdate_Test.php" line="13" assertions="1" time="0.001526"/>
        <testcase name="getValue_empty_givesnull" class="ReaxmlEzrColOhdate_Test" file="/Users/nclifton/git/reaxml-import/ReaXmlLibrary/tests/ezr/col/ohdate_Test.php" line="28" assertions="1" time="0.001167"/>
        <testcase name="getValue_2empty_givesnull" class="ReaxmlEzrColOhdate_Test" file="/Users/nclifton/git/reaxml-import/ReaXmlLibrary/tests/ezr/col/ohdate_Test.php" line="42" assertions="1" time="0.001088"/>
        <testcase name="getValue_notfound_givesnull" class="ReaxmlEzrColOhdate_Test" file="/Users/nclifton/git/reaxml-import/ReaXmlLibrary/tests/ezr/col/ohdate_Test.php" line="56" assertions="1" time="0.001041"/>
      </testsuite>
      <testsuite name="ReaxmlEzrColOhendtime2_Test" file="/Users/nclifton/git/reaxml-import/ReaXmlLibrary/tests/ezr/col/ohendtime2_Test.php" tests="3" assertions="3" failures="0" errors="0" time="0.003722">
        <testcase name="getValue_found_gives_time" class="ReaxmlEzrColOhendtime2_Test" file="/Users/nclifton/git/reaxml-import/ReaXmlLibrary/tests/ezr/col/ohendtime2_Test.php" line="13" assertions="1" time="0.001517"/>
        <testcase name="getValue_empty_givesnull" class="ReaxmlEzrColOhendtime2_Test" file="/Users/nclifton/git/reaxml-import/ReaXmlLibrary/tests/ezr/col/ohendtime2_Test.php" line="28" assertions="1" time="0.001094"/>
        <testcase name="getValue_notfound_givesnull" class="ReaxmlEzrColOhendtime2_Test" file="/Users/nclifton/git/reaxml-import/ReaXmlLibrary/tests/ezr/col/ohendtime2_Test.php" line="42" assertions="1" time="0.001111"/>
      </testsuite>
      <testsuite name="ReaxmlEzrColOhendtime_Test" file="/Users/nclifton/git/reaxml-import/ReaXmlLibrary/tests/ezr/col/ohendtime_Test.php" tests="3" assertions="3" failures="0" errors="0" time="0.004048">
        <testcase name="getValue_found_gives_time" class="ReaxmlEzrColOhendtime_Test" file="/Users/nclifton/git/reaxml-import/ReaXmlLibrary/tests/ezr/col/ohendtime_Test.php" line="13" assertions="1" time="0.001604"/>
        <testcase name="getValue_empty_givesnull" class="ReaxmlEzrColOhendtime_Test" file="/Users/nclifton/git/reaxml-import/ReaXmlLibrary/tests/ezr/col/ohendtime_Test.php" line="28" assertions="1" time="0.001213"/>
        <testcase name="getValue_notfound_givesnull" class="ReaxmlEzrColOhendtime_Test" file="/Users/nclifton/git/reaxml-import/ReaXmlLibrary/tests/ezr/col/ohendtime_Test.php" line="42" assertions="1" time="0.001231"/>
      </testsuite>
      <testsuite name="ReaxmlEzrColOhouse_desc_Test" file="/Users/nclifton/git/reaxml-import/ReaXmlLibrary/tests/ezr/col/ohouse_desc_Test.php" tests="2" assertions="4" failures="0" errors="0" time="0.003960">
        <testcase name="getValue_isnotnew_isNull" class="ReaxmlEzrColOhouse_desc_Test" file="/Users/nclifton/git/reaxml-import/ReaXmlLibrary/tests/ezr/col/ohouse_desc_Test.php" line="12" assertions="2" time="0.002058"/>
        <testcase name="getValue_isnew_isempty" class="ReaxmlEzrColOhouse_desc_Test" file="/Users/nclifton/git/reaxml-import/ReaXmlLibrary/tests/ezr/col/ohouse_desc_Test.php" line="29" assertions="2" time="0.001902"/>
      </testsuite>
      <testsuite name="ReaxmlEzrColOhstarttime2_Test" file="/Users/nclifton/git/reaxml-import/ReaXmlLibrary/tests/ezr/col/ohstarttime2_Test.php" tests="3" assertions="3" failures="0" errors="0" time="0.003756">
        <testcase name="getValue_found_gives_time" class="ReaxmlEzrColOhstarttime2_Test" file="/Users/nclifton/git/reaxml-import/ReaXmlLibrary/tests/ezr/col/ohstarttime2_Test.php" line="13" assertions="1" time="0.001519"/>
        <testcase name="getValue_notfound_givesnull" class="ReaxmlEzrColOhstarttime2_Test" file="/Users/nclifton/git/reaxml-import/ReaXmlLibrary/tests/ezr/col/ohstarttime2_Test.php" line="28" assertions="1" time="0.001133"/>
        <testcase name="getValue_empty_givesnull" class="ReaxmlEzrColOhstarttime2_Test" file="/Users/nclifton/git/reaxml-import/ReaXmlLibrary/tests/ezr/col/ohstarttime2_Test.php" line="43" assertions="1" time="0.001104"/>
      </testsuite>
      <testsuite name="ReaxmlEzrColOhstarttime_Test" file="/Users/nclifton/git/reaxml-import/ReaXmlLibrary/tests/ezr/col/ohstarttime_Test.php" tests="3" assertions="3" failures="0" errors="0" time="0.004064">
        <testcase name="getValue_found_gives_time" class="ReaxmlEzrColOhstarttime_Test" file="/Users/nclifton/git/reaxml-import/ReaXmlLibrary/tests/ezr/col/ohstarttime_Test.php" line="13" assertions="1" time="0.001677"/>
        <testcase name="getValue_notfound_givesnull" class="ReaxmlEzrColOhstarttime_Test" file="/Users/nclifton/git/reaxml-import/ReaXmlLibrary/tests/ezr/col/ohstarttime_Test.php" line="28" assertions="1" time="0.001123"/>
        <testcase name="getValue_empty_givesnull" class="ReaxmlEzrColOhstarttime_Test" file="/Users/nclifton/git/reaxml-import/ReaXmlLibrary/tests/ezr/col/ohstarttime_Test.php" line="43" assertions="1" time="0.001264"/>
[...]
        <testcase name="getValue_residential_authorityexclusive_isforsale" class="ReaxmlEzrColType_residential_Test" file="/Users/nclifton/git/reaxml-import/ReaXmlLibrary/tests/ezr/col/type_residential_Test.php" line="29" assertions="1" time="0.001155"/>
        <testcase name="getValue_residential_authoritymultilist_isforsale" class="ReaxmlEzrColType_residential_Test" file="/Users/nclifton/git/reaxml-import/ReaXmlLibrary/tests/ezr/col/type_residential_Test.php" line="45" assertions="1" time="0.001219"/>
        <testcase name="getValue_residential_authorityconjunctional_isforsale" class="ReaxmlEzrColType_residential_Test" file="/Users/nclifton/git/reaxml-import/ReaXmlLibrary/tests/ezr/col/type_residential_Test.php" line="61" assertions="1" time="0.001165"/>
        <testcase name="getValue_residential_authorityopen_isforsale" class="ReaxmlEzrColType_residential_Test" file="/Users/nclifton/git/reaxml-import/ReaXmlLibrary/tests/ezr/col/type_residential_Test.php" line="76" assertions="1" time="0.001145"/>
        <testcase name="getValue_residential_authoritysale_isforsale" class="ReaxmlEzrColType_residential_Test" file="/Users/nclifton/git/reaxml-import/ReaXmlLibrary/tests/ezr/col/type_residential_Test.php" line="91" assertions="1" time="0.001119"/>
        <testcase name="getValue_residential_authoritysetsale_isforsale" class="ReaxmlEzrColType_residential_Test" file="/Users/nclifton/git/reaxml-import/ReaXmlLibrary/tests/ezr/col/type_residential_Test.php" line="106" assertions="1" time="0.009305"/>
      </testsuite>
      <testsuite name="ReaxmlEzrColUnit_num_Test" file="/Users/nclifton/git/reaxml-import/ReaXmlLibrary/tests/ezr/col/unit_num_Test.php" tests="3" assertions="5" failures="0" errors="0" time="0.006400">
        <testcase name="getValue" class="ReaxmlEzrColUnit_num_Test" file="/Users/nclifton/git/reaxml-import/ReaXmlLibrary/tests/ezr/col/unit_num_Test.php" line="12" assertions="1" time="0.002018"/>
        <testcase name="getValue_notfound_isNew" class="ReaxmlEzrColUnit_num_Test" file="/Users/nclifton/git/reaxml-import/ReaXmlLibrary/tests/ezr/col/unit_num_Test.php" line="27" assertions="2" time="0.002363"/>
        <testcase name="getValue_notfound_isNotNew" class="ReaxmlEzrColUnit_num_Test" file="/Users/nclifton/git/reaxml-import/ReaXmlLibrary/tests/ezr/col/unit_num_Test.php" line="44" assertions="2" time="0.002019"/>
      </testsuite>
      <testsuite name="ReaxmlEzrColUniversity_Test" file="/Users/nclifton/git/reaxml-import/ReaXmlLibrary/tests/ezr/col/university_Test.php" tests="2" assertions="4" failures="0" errors="0" time="0.003689">
        <testcase name="getValue_isnew_isempty" class="ReaxmlEzrColUniversity_Test" file="/Users/nclifton/git/reaxml-import/ReaXmlLibrary/tests/ezr/col/university_Test.php" line="13" assertions="2" time="0.002104"/>
        <testcase name="getValue_isnotnew_isnull" class="ReaxmlEzrColUniversity_Test" file="/Users/nclifton/git/reaxml-import/ReaXmlLibrary/tests/ezr/col/university_Test.php" line="30" assertions="2" time="0.001585"/>
      </testsuite>
      <testsuite name="ReaxmlEzrColUtilities_Test" file="/Users/nclifton/git/reaxml-import/ReaXmlLibrary/tests/ezr/col/utilities_Test.php" tests="2" assertions="4" failures="0" errors="0" time="0.003558">
        <testcase name="getValue_isNew" class="ReaxmlEzrColUtilities_Test" file="/Users/nclifton/git/reaxml-import/ReaXmlLibrary/tests/ezr/col/utilities_Test.php" line="12" assertions="2" time="0.001966"/>
        <testcase name="getValue_isNotNew" class="ReaxmlEzrColUtilities_Test" file="/Users/nclifton/git/reaxml-import/ReaXmlLibrary/tests/ezr/col/utilities_Test.php" line="29" assertions="2" time="0.001592"/>
      </testsuite>
      <testsuite name="ReaxmlEzrColViewad_Test" file="/Users/nclifton/git/reaxml-import/ReaXmlLibrary/tests/ezr/col/viewad_Test.php" tests="4" assertions="6" failures="0" errors="0" time="0.005452">
        <testcase name="getValue_yesspecified" class="ReaxmlEzrColViewad_Test" file="/Users/nclifton/git/reaxml-import/ReaXmlLibrary/tests/ezr/col/viewad_Test.php" line="13" assertions="1" time="0.001256"/>
        <testcase name="getValue_nospecified" class="ReaxmlEzrColViewad_Test" file="/Users/nclifton/git/reaxml-import/ReaXmlLibrary/tests/ezr/col/viewad_Test.php" line="28" assertions="1" time="0.001078"/>
        <testcase name="getValue_notfound_isNew" class="ReaxmlEzrColViewad_Test" file="/Users/nclifton/git/reaxml-import/ReaXmlLibrary/tests/ezr/col/viewad_Test.php" line="43" assertions="2" time="0.001569"/>
        <testcase name="getValue_notfound_isNotNew" class="ReaxmlEzrColViewad_Test" file="/Users/nclifton/git/reaxml-import/ReaXmlLibrary/tests/ezr/col/viewad_Test.php" line="60" assertions="2" time="0.001549"/>
      </testsuite>
      <testsuite name="ReaxmlEzrColYear_Test" file="/Users/nclifton/git/reaxml-import/ReaXmlLibrary/tests/ezr/col/year_Test.php" tests="2" assertions="4" failures="0" errors="0" time="0.005190">
        <testcase name="getValue_isNew" class="ReaxmlEzrColYear_Test" file="/Users/nclifton/git/reaxml-import/ReaXmlLibrary/tests/ezr/col/year_Test.php" line="12" assertions="2" time="0.002563"/>
        <testcase name="getValue_isNotNew" class="ReaxmlEzrColYear_Test" file="/Users/nclifton/git/reaxml-import/ReaXmlLibrary/tests/ezr/col/year_Test.php" line="29" assertions="2" time="0.002627"/>
      </testsuite>
      <testsuite name="ReaxmlEzrColYearremodeled_Test" file="/Users/nclifton/git/reaxml-import/ReaXmlLibrary/tests/ezr/col/yearremodeled_Test.php" tests="2" assertions="4" failures="0" errors="0" time="0.004882">
        <testcase name="getValue_isNew" class="ReaxmlEzrColYearremodeled_Test" file="/Users/nclifton/git/reaxml-import/ReaXmlLibrary/tests/ezr/col/yearremodeled_Test.php" line="12" assertions="2" time="0.002728"/>
        <testcase name="getValue_isNotNew" class="ReaxmlEzrColYearremodeled_Test" file="/Users/nclifton/git/reaxml-import/ReaXmlLibrary/tests/ezr/col/yearremodeled_Test.php" line="29" assertions="2" time="0.002154"/>
      </testsuite>
      <testsuite name="ReaxmlDbo_Test" file="/Users/nclifton/git/reaxml-import/ReaXmlLibrary/tests/ezr/dbo_Test.php" tests="9" assertions="17" failures="0" errors="0" time="13.067721">
        <testcase name="insert_usingrealrowxml" class="ReaxmlDbo_Test" file="/Users/nclifton/git/reaxml-import/ReaXmlLibrary/tests/ezr/dbo_Test.php" line="45" assertions="4" time="2.390530"/>
        <testcase name="updateprice" class="ReaxmlDbo_Test" file="/Users/nclifton/git/reaxml-import/ReaXmlLibrary/tests/ezr/dbo_Test.php" line="97" assertions="1" time="1.407459"/>
        <testcase name="insert_images" class="ReaxmlDbo_Test" file="/Users/nclifton/git/reaxml-import/ReaXmlLibrary/tests/ezr/dbo_Test.php" line="120" assertions="1" time="1.509604"/>
        <testcase name="inserts_new_locality" class="ReaxmlDbo_Test" file="/Users/nclifton/git/reaxml-import/ReaXmlLibrary/tests/ezr/dbo_Test.php" line="150" assertions="1" time="1.243635"/>
        <testcase name="inserts_new_state" class="ReaxmlDbo_Test" file="/Users/nclifton/git/reaxml-import/ReaXmlLibrary/tests/ezr/dbo_Test.php" line="171" assertions="1" time="1.221859"/>
        <testcase name="inserts_new_country" class="ReaxmlDbo_Test" file="/Users/nclifton/git/reaxml-import/ReaXmlLibrary/tests/ezr/dbo_Test.php" line="192" assertions="1" time="1.111905"/>
        <testcase name="inserts_new_category" class="ReaxmlDbo_Test" file="/Users/nclifton/git/reaxml-import/ReaXmlLibrary/tests/ezr/dbo_Test.php" line="213" assertions="2" time="1.535715"/>
        <testcase name="inserts_new_agent_nameonly" class="ReaxmlDbo_Test" file="/Users/nclifton/git/reaxml-import/ReaXmlLibrary/tests/ezr/dbo_Test.php" line="236" assertions="3" time="1.342285"/>
        <testcase name="inserts_new_agent_nameemailtelephone" class="ReaxmlDbo_Test" file="/Users/nclifton/git/reaxml-import/ReaXmlLibrary/tests/ezr/dbo_Test.php" line="262" assertions="3" time="1.304729"/>
      </testsuite>
      <testsuite name="ReaxmlDboLookup_Test" file="/Users/nclifton/git/reaxml-import/ReaXmlLibrary/tests/ezr/dbo_lookup_Test.php" tests="31" assertions="33" failures="0" errors="0" time="30.017189">
        <testcase name="exists_true" class="ReaxmlDboLookup_Test" file="/Users/nclifton/git/reaxml-import/ReaXmlLibrary/tests/ezr/dbo_lookup_Test.php" line="46" assertions="2" time="0.999484"/>
        <testcase name="exists_false" class="ReaxmlDboLookup_Test" file="/Users/nclifton/git/reaxml-import/ReaXmlLibrary/tests/ezr/dbo_lookup_Test.php" line="68" assertions="2" time="1.027724"/>
        <testcase name="exists_idonly_true" class="ReaxmlDboLookup_Test" file="/Users/nclifton/git/reaxml-import/ReaXmlLibrary/tests/ezr/dbo_lookup_Test.php" line="90" assertions="1" time="0.980496"/>
        <testcase name="exists_idonly_false" class="ReaxmlDboLookup_Test" file="/Users/nclifton/git/reaxml-import/ReaXmlLibrary/tests/ezr/dbo_lookup_Test.php" line="104" assertions="1" time="0.952417"/>
        <testcase name="lookupEzrAgentUidUsingAgentName_nomatch" class="ReaxmlDboLookup_Test" file="/Users/nclifton/git/reaxml-import/ReaXmlLibrary/tests/ezr/dbo_lookup_Test.php" line="118" assertions="1" time="0.928068"/>
        <testcase name="lookupEzrAgentUidUsingAgentName" class="ReaxmlDboLookup_Test" file="/Users/nclifton/git/reaxml-import/ReaXmlLibrary/tests/ezr/dbo_lookup_Test.php" line="131" assertions="1" time="1.033226"/>
        <testcase name="lookupEzrLocidUsingLocalityDetails_nomatch" class="ReaxmlDboLookup_Test" file="/Users/nclifton/git/reaxml-import/ReaXmlLibrary/tests/ezr/dbo_lookup_Test.php" line="144" assertions="1" time="0.917887"/>
        <testcase name="lookupEzrLocidUsingLocalityDetails_nopostcodematch" class="ReaxmlDboLookup_Test" file="/Users/nclifton/git/reaxml-import/ReaXmlLibrary/tests/ezr/dbo_lookup_Test.php" line="157" assertions="1" time="0.925089"/>
        <testcase name="lookupEzrLocidUsingLocalityDetails_nostatematch" class="ReaxmlDboLookup_Test" file="/Users/nclifton/git/reaxml-import/ReaXmlLibrary/tests/ezr/dbo_lookup_Test.php" line="170" assertions="1" time="0.972144"/>
        <testcase name="lookupEzrLocidUsingLocalityDetails_nocountrymatch" class="ReaxmlDboLookup_Test" file="/Users/nclifton/git/reaxml-import/ReaXmlLibrary/tests/ezr/dbo_lookup_Test.php" line="183" assertions="1" time="1.105132"/>
        <testcase name="lookupEzrLocidUsingLocalityDetails" class="ReaxmlDboLookup_Test" file="/Users/nclifton/git/reaxml-import/ReaXmlLibrary/tests/ezr/dbo_lookup_Test.php" line="196" assertions="1" time="0.917138"/>
        <testcase name="lookupEzrStidUsingState_nomatch" class="ReaxmlDboLookup_Test" file="/Users/nclifton/git/reaxml-import/ReaXmlLibrary/tests/ezr/dbo_lookup_Test.php" line="209" assertions="1" time="0.893526"/>
        <testcase name="lookupEzrStidUsingState" class="ReaxmlDboLookup_Test" file="/Users/nclifton/git/reaxml-import/ReaXmlLibrary/tests/ezr/dbo_lookup_Test.php" line="222" assertions="1" time="0.942585"/>
        <testcase name="lookupEzrCnidUsingCountry_nomatch" class="ReaxmlDboLookup_Test" file="/Users/nclifton/git/reaxml-import/ReaXmlLibrary/tests/ezr/dbo_lookup_Test.php" line="235" assertions="1" time="0.949861"/>
        <testcase name="lookupEzrCnidUsingCountry_AU" class="ReaxmlDboLookup_Test" file="/Users/nclifton/git/reaxml-import/ReaXmlLibrary/tests/ezr/dbo_lookup_Test.php" line="248" assertions="1" time="1.056238"/>
        <testcase name="lookupEzrCnidUsingCountry_AUS" class="ReaxmlDboLookup_Test" file="/Users/nclifton/git/reaxml-import/ReaXmlLibrary/tests/ezr/dbo_lookup_Test.php" line="261" assertions="1" time="1.006685"/>
        <testcase name="lookupEzrCnidUsingCountry_AUStralia" class="ReaxmlDboLookup_Test" file="/Users/nclifton/git/reaxml-import/ReaXmlLibrary/tests/ezr/dbo_lookup_Test.php" line="274" assertions="1" time="0.915562"/>
        <testcase name="lookupEzrPorchpatio" class="ReaxmlDboLookup_Test" file="/Users/nclifton/git/reaxml-import/ReaXmlLibrary/tests/ezr/dbo_lookup_Test.php" line="288" assertions="1" time="0.971882"/>
        <testcase name="lookupEzrOtherrooms" class="ReaxmlDboLookup_Test" file="/Users/nclifton/git/reaxml-import/ReaXmlLibrary/tests/ezr/dbo_lookup_Test.php" line="301" assertions="1" time="1.001886"/>
        <testcase name="lookupEzrCategoryIdUsingCategoryName" class="ReaxmlDboLookup_Test" file="/Users/nclifton/git/reaxml-import/ReaXmlLibrary/tests/ezr/dbo_lookup_Test.php" line="314" assertions="1" time="0.958517"/>
        <testcase name="lookupEzrCategoryIdUsingCategoryName_notfound" class="ReaxmlDboLookup_Test" file="/Users/nclifton/git/reaxml-import/ReaXmlLibrary/tests/ezr/dbo_lookup_Test.php" line="327" assertions="1" time="0.984191"/>
        <testcase name="lookupEzrIndoorFeatures" class="ReaxmlDboLookup_Test" file="/Users/nclifton/git/reaxml-import/ReaXmlLibrary/tests/ezr/dbo_lookup_Test.php" line="340" assertions="1" time="1.016458"/>
        <testcase name="lookupEzrOutdoorFeatures" class="ReaxmlDboLookup_Test" file="/Users/nclifton/git/reaxml-import/ReaXmlLibrary/tests/ezr/dbo_lookup_Test.php" line="353" assertions="1" time="0.977789"/>
        <testcase name="lookupEzrBuildingFeatures" class="ReaxmlDboLookup_Test" file="/Users/nclifton/git/reaxml-import/ReaXmlLibrary/tests/ezr/dbo_lookup_Test.php" line="366" assertions="1" time="0.951188"/>
        <testcase name="lookupEzrOtherFeatures" class="ReaxmlDboLookup_Test" file="/Users/nclifton/git/reaxml-import/ReaXmlLibrary/tests/ezr/dbo_lookup_Test.php" line="379" assertions="1" time="0.877917"/>
        <testcase name="lookupEzrPdfinfo1" class="ReaxmlDboLookup_Test" file="/Users/nclifton/git/reaxml-import/ReaXmlLibrary/tests/ezr/dbo_lookup_Test.php" line="392" assertions="1" time="0.919797"/>
        <testcase name="lookupEzrPdfinfo2" class="ReaxmlDboLookup_Test" file="/Users/nclifton/git/reaxml-import/ReaXmlLibrary/tests/ezr/dbo_lookup_Test.php" line="405" assertions="1" time="0.997396"/>
        <testcase name="lookupEzrflpl1" class="ReaxmlDboLookup_Test" file="/Users/nclifton/git/reaxml-import/ReaXmlLibrary/tests/ezr/dbo_lookup_Test.php" line="418" assertions="1" time="1.040927"/>
        <testcase name="lookupEzrflpl2" class="ReaxmlDboLookup_Test" file="/Users/nclifton/git/reaxml-import/ReaXmlLibrary/tests/ezr/dbo_lookup_Test.php" line="431" assertions="1" time="0.991484"/>
        <testcase name="lookupEzrImageFnameUsingMls_id" class="ReaxmlDboLookup_Test" file="/Users/nclifton/git/reaxml-import/ReaXmlLibrary/tests/ezr/dbo_lookup_Test.php" line="445" assertions="1" time="0.880946"/>
        <testcase name="countEzrImagesUsingMls_id" class="ReaxmlDboLookup_Test" file="/Users/nclifton/git/reaxml-import/ReaXmlLibrary/tests/ezr/dbo_lookup_Test.php" line="458" assertions="1" time="0.923549"/>
      </testsuite>
      <testsuite name="ReaxmlDboUpdate_Test" file="/Users/nclifton/git/reaxml-import/ReaXmlLibrary/tests/ezr/dbo_update_Test.php" tests="1" assertions="1" failures="0" errors="0" time="1.642254">
        <testcase name="update_usingrealxml" class="ReaxmlDboUpdate_Test" file="/Users/nclifton/git/reaxml-import/ReaXmlLibrary/tests/ezr/dbo_update_Test.php" line="46" assertions="1" time="1.642254"/>
      </testsuite>
      <testsuite name="ReaxmlEzrImages_Test" file="/Users/nclifton/git/reaxml-import/ReaXmlLibrary/tests/ezr/images_Test.php" tests="3" assertions="13" failures="0" errors="0" time="0.008619">
        <testcase name="isCountable" class="ReaxmlEzrImages_Test" file="/Users/nclifton/git/reaxml-import/ReaXmlLibrary/tests/ezr/images_Test.php" line="13" assertions="2" time="0.002186"/>
        <testcase name="isTraversable" class="ReaxmlEzrImages_Test" file="/Users/nclifton/git/reaxml-import/ReaXmlLibrary/tests/ezr/images_Test.php" line="30" assertions="5" time="0.002767"/>
        <testcase name="isTraversable_withgaps" class="ReaxmlEzrImages_Test" file="/Users/nclifton/git/reaxml-import/ReaXmlLibrary/tests/ezr/images_Test.php" line="50" assertions="6" time="0.003666"/>
      </testsuite>
      <testsuite name="ReaxmlRowTest" file="/Users/nclifton/git/reaxml-import/ReaXmlLibrary/tests/ezr/row_Test.php" tests="3" assertions="4" failures="0" errors="0" time="0.361630">
        <testcase name="getValue_classNotFound" class="ReaxmlRowTest" file="/Users/nclifton/git/reaxml-import/ReaXmlLibrary/tests/ezr/row_Test.php" line="17" assertions="2" time="0.001498"/>
        <testcase name="getValue_mls_id" class="ReaxmlRowTest" file="/Users/nclifton/git/reaxml-import/ReaXmlLibrary/tests/ezr/row_Test.php" line="34" assertions="1" time="0.001286"/>
        <testcase name="all_ezrealty_columns_have_a_class" class="ReaxmlRowTest" file="/Users/nclifton/git/reaxml-import/ReaXmlLibrary/tests/ezr/row_Test.php" line="50" assertions="1" time="0.358846"/>
      </testsuite>
      <testsuite name="ReaxmlImporter_Test" file="/Users/nclifton/git/reaxml-import/ReaXmlLibrary/tests/importer_Test.php" tests="8" assertions="36" failures="0" errors="0" time="4.718056">
        <testcase name="sends_mail_nofiles" class="ReaxmlImporter_Test" file="/Users/nclifton/git/reaxml-import/ReaXmlLibrary/tests/importer_Test.php" line="87" assertions="5" time="3.112836"/>
        <testcase name="import_fromazipfile" class="ReaxmlImporter_Test" file="/Users/nclifton/git/reaxml-import/ReaXmlLibrary/tests/importer_Test.php" line="152" assertions="5" time="0.149624"/>
        <testcase name="traverses_propertyList" class="ReaxmlImporter_Test" file="/Users/nclifton/git/reaxml-import/ReaXmlLibrary/tests/importer_Test.php" line="260" assertions="2" time="0.330469"/>
        <testcase name="doesnt_send_mail_nofiles" class="ReaxmlImporter_Test" file="/Users/nclifton/git/reaxml-import/ReaXmlLibrary/tests/importer_Test.php" line="308" assertions="2" time="0.033338"/>
        <testcase name="sends_mail_success" class="ReaxmlImporter_Test" file="/Users/nclifton/git/reaxml-import/ReaXmlLibrary/tests/importer_Test.php" line="348" assertions="5" time="0.355491"/>
        <testcase name="doesnt_send_mail_success" class="ReaxmlImporter_Test" file="/Users/nclifton/git/reaxml-import/ReaXmlLibrary/tests/importer_Test.php" line="411" assertions="3" time="0.313734"/>
        <testcase name="send_mail_failure" class="ReaxmlImporter_Test" file="/Users/nclifton/git/reaxml-import/ReaXmlLibrary/tests/importer_Test.php" line="449" assertions="9" time="0.072437"/>
        <testcase name="sends_mail_error" class="ReaxmlImporter_Test" file="/Users/nclifton/git/reaxml-import/ReaXmlLibrary/tests/importer_Test.php" line="518" assertions="5" time="0.350127"/>
      </testsuite>
      <testsuite name="ReaxmlImporter_db_Test" file="/Users/nclifton/git/reaxml-import/ReaXmlLibrary/tests/importer_db_Test.php" tests="2" assertions="11" failures="0" errors="0" time="11.595574">
        <testcase name="insert_images" class="ReaxmlImporter_db_Test" file="/Users/nclifton/git/reaxml-import/ReaXmlLibrary/tests/importer_db_Test.php" line="78" assertions="5" time="1.427815"/>
        <testcase name="import_commerial_isnew" class="ReaxmlImporter_db_Test" file="/Users/nclifton/git/reaxml-import/ReaXmlLibrary/tests/importer_db_Test.php" line="114" assertions="6" time="10.167759"/>
      </testsuite>
      <testsuite name="ReaxmlMaphelper_Test" file="/Users/nclifton/git/reaxml-import/ReaXmlLibrary/tests/maphelper_Test.php" tests="2" assertions="2" failures="0" errors="0" time="0.247057">
        <testcase name="valid_address_obtains_latitude" class="ReaxmlMaphelper_Test" file="/Users/nclifton/git/reaxml-import/ReaXmlLibrary/tests/maphelper_Test.php" line="12" assertions="1" time="0.245575"/>
        <testcase name="valid_address_obtains_longitude" class="ReaxmlMaphelper_Test" file="/Users/nclifton/git/reaxml-import/ReaXmlLibrary/tests/maphelper_Test.php" line="27" assertions="1" time="0.001482"/>
      </testsuite>
    </testsuite>
  </testsuite>
</testsuites>
