<?xml version="1.0" encoding="UTF-8"?>
<testsuites>
  <testsuite name="The test suite generated by Stagehand_TestRunner" tests="567" assertions="923" failures="0" errors="0" time="174.866207">
    <testsuite name="ReaxmlEzrColAcrestotal_Test" file="/Users/nclifton/Documents/LunaEclipse/workspace/reaxml-import/ReaXmlLibrary/tests/ezr/col/acrestotal_Test.php" tests="6" assertions="8" failures="0" errors="0" time="0.078256">
      <testcase name="getValue_squaremeters" class="ReaxmlEzrColAcrestotal_Test" file="/Users/nclifton/Documents/LunaEclipse/workspace/reaxml-import/ReaXmlLibrary/tests/ezr/col/acrestotal_Test.php" line="14" assertions="1" time="0.018434"/>
      <testcase name="getValue_square" class="ReaxmlEzrColAcrestotal_Test" file="/Users/nclifton/Documents/LunaEclipse/workspace/reaxml-import/ReaXmlLibrary/tests/ezr/col/acrestotal_Test.php" line="29" assertions="1" time="0.004518"/>
      <testcase name="getValue_hectare" class="ReaxmlEzrColAcrestotal_Test" file="/Users/nclifton/Documents/LunaEclipse/workspace/reaxml-import/ReaXmlLibrary/tests/ezr/col/acrestotal_Test.php" line="44" assertions="1" time="0.004024"/>
      <testcase name="getValue_acre" class="ReaxmlEzrColAcrestotal_Test" file="/Users/nclifton/Documents/LunaEclipse/workspace/reaxml-import/ReaXmlLibrary/tests/ezr/col/acrestotal_Test.php" line="59" assertions="1" time="0.003903"/>
      <testcase name="getValue_notfound_isNew" class="ReaxmlEzrColAcrestotal_Test" file="/Users/nclifton/Documents/LunaEclipse/workspace/reaxml-import/ReaXmlLibrary/tests/ezr/col/acrestotal_Test.php" line="75" assertions="2" time="0.040575"/>
      <testcase name="getValue_notfound_isNotNew" class="ReaxmlEzrColAcrestotal_Test" file="/Users/nclifton/Documents/LunaEclipse/workspace/reaxml-import/ReaXmlLibrary/tests/ezr/col/acrestotal_Test.php" line="93" assertions="2" time="0.006802"/>
    </testsuite>
    <testsuite name="ReaxmlEzrColAddress2_Test" file="/Users/nclifton/Documents/LunaEclipse/workspace/reaxml-import/ReaXmlLibrary/tests/ezr/col/address2_Test.php" tests="3" assertions="5" failures="0" errors="0" time="0.017549">
      <testcase name="getValue" class="ReaxmlEzrColAddress2_Test" file="/Users/nclifton/Documents/LunaEclipse/workspace/reaxml-import/ReaXmlLibrary/tests/ezr/col/address2_Test.php" line="12" assertions="1" time="0.004624"/>
      <testcase name="getValue_notfound_isNew" class="ReaxmlEzrColAddress2_Test" file="/Users/nclifton/Documents/LunaEclipse/workspace/reaxml-import/ReaXmlLibrary/tests/ezr/col/address2_Test.php" line="27" assertions="2" time="0.006979"/>
      <testcase name="getValue_notfound_isNotNew" class="ReaxmlEzrColAddress2_Test" file="/Users/nclifton/Documents/LunaEclipse/workspace/reaxml-import/ReaXmlLibrary/tests/ezr/col/address2_Test.php" line="44" assertions="2" time="0.005946"/>
    </testsuite>
    <testsuite name="ReaxmlEzrColAdline_Test" file="/Users/nclifton/Documents/LunaEclipse/workspace/reaxml-import/ReaXmlLibrary/tests/ezr/col/adline_Test.php" tests="3" assertions="5" failures="0" errors="0" time="0.020412">
      <testcase name="getValue" class="ReaxmlEzrColAdline_Test" file="/Users/nclifton/Documents/LunaEclipse/workspace/reaxml-import/ReaXmlLibrary/tests/ezr/col/adline_Test.php" line="13" assertions="1" time="0.004653"/>
      <testcase name="getValue_notfound_isnew_isempty" class="ReaxmlEzrColAdline_Test" file="/Users/nclifton/Documents/LunaEclipse/workspace/reaxml-import/ReaXmlLibrary/tests/ezr/col/adline_Test.php" line="30" assertions="2" time="0.009467"/>
      <testcase name="getValue_notfound_isnotnew_isnull" class="ReaxmlEzrColAdline_Test" file="/Users/nclifton/Documents/LunaEclipse/workspace/reaxml-import/ReaXmlLibrary/tests/ezr/col/adline_Test.php" line="47" assertions="2" time="0.006292"/>
    </testsuite>
    <testsuite name="ReaxmlEzrColAlias_Test" file="/Users/nclifton/Documents/LunaEclipse/workspace/reaxml-import/ReaXmlLibrary/tests/ezr/col/alias_Test.php" tests="2" assertions="4" failures="0" errors="0" time="0.019066">
      <testcase name="getValue_isnew" class="ReaxmlEzrColAlias_Test" file="/Users/nclifton/Documents/LunaEclipse/workspace/reaxml-import/ReaXmlLibrary/tests/ezr/col/alias_Test.php" line="13" assertions="2" time="0.010471"/>
      <testcase name="getValue_isnotnew" class="ReaxmlEzrColAlias_Test" file="/Users/nclifton/Documents/LunaEclipse/workspace/reaxml-import/ReaXmlLibrary/tests/ezr/col/alias_Test.php" line="30" assertions="2" time="0.008595"/>
    </testsuite>
    <testsuite name="ReaxmlEzrColAppliances_Test" file="/Users/nclifton/Documents/LunaEclipse/workspace/reaxml-import/ReaXmlLibrary/tests/ezr/col/appliances_Test.php" tests="6" assertions="8" failures="0" errors="0" time="0.036693">
      <testcase name="getValue_dishwasher3_isDishwasher" class="ReaxmlEzrColAppliances_Test" file="/Users/nclifton/Documents/LunaEclipse/workspace/reaxml-import/ReaXmlLibrary/tests/ezr/col/appliances_Test.php" line="13" assertions="1" time="0.007716"/>
      <testcase name="getValue_dishwasheryes_istrue" class="ReaxmlEzrColAppliances_Test" file="/Users/nclifton/Documents/LunaEclipse/workspace/reaxml-import/ReaXmlLibrary/tests/ezr/col/appliances_Test.php" line="28" assertions="1" time="0.005337"/>
      <testcase name="getValue_dishwasher0_isfalse" class="ReaxmlEzrColAppliances_Test" file="/Users/nclifton/Documents/LunaEclipse/workspace/reaxml-import/ReaXmlLibrary/tests/ezr/col/appliances_Test.php" line="43" assertions="1" time="0.004532"/>
      <testcase name="getValue_dishwasherempty_isfalse" class="ReaxmlEzrColAppliances_Test" file="/Users/nclifton/Documents/LunaEclipse/workspace/reaxml-import/ReaXmlLibrary/tests/ezr/col/appliances_Test.php" line="58" assertions="1" time="0.004295"/>
      <testcase name="getValue_dishwashernotfound_isnew_isEmpty" class="ReaxmlEzrColAppliances_Test" file="/Users/nclifton/Documents/LunaEclipse/workspace/reaxml-import/ReaXmlLibrary/tests/ezr/col/appliances_Test.php" line="73" assertions="2" time="0.008634"/>
      <testcase name="getValue_dishwashernotfound_isnotnew_isNull" class="ReaxmlEzrColAppliances_Test" file="/Users/nclifton/Documents/LunaEclipse/workspace/reaxml-import/ReaXmlLibrary/tests/ezr/col/appliances_Test.php" line="90" assertions="2" time="0.006179"/>
    </testsuite>
    <testsuite name="ReaxmlEzrColAssoc_agent_Test" file="/Users/nclifton/Documents/LunaEclipse/workspace/reaxml-import/ReaXmlLibrary/tests/ezr/col/assoc_agent_Test.php" tests="5" assertions="11" failures="0" errors="0" time="0.037449">
      <testcase name="getValue_nosecondagent" class="ReaxmlEzrColAssoc_agent_Test" file="/Users/nclifton/Documents/LunaEclipse/workspace/reaxml-import/ReaXmlLibrary/tests/ezr/col/assoc_agent_Test.php" line="13" assertions="1" time="0.004531"/>
      <testcase name="getValue_secondagentnoid_nodbmatch" class="ReaxmlEzrColAssoc_agent_Test" file="/Users/nclifton/Documents/LunaEclipse/workspace/reaxml-import/ReaXmlLibrary/tests/ezr/col/assoc_agent_Test.php" line="30" assertions="3" time="0.011604"/>
      <testcase name="getValue_secondagentbyid_nodbmatch" class="ReaxmlEzrColAssoc_agent_Test" file="/Users/nclifton/Documents/LunaEclipse/workspace/reaxml-import/ReaXmlLibrary/tests/ezr/col/assoc_agent_Test.php" line="46" assertions="3" time="0.006967"/>
      <testcase name="getValue_secondagenthbyid" class="ReaxmlEzrColAssoc_agent_Test" file="/Users/nclifton/Documents/LunaEclipse/workspace/reaxml-import/ReaXmlLibrary/tests/ezr/col/assoc_agent_Test.php" line="60" assertions="2" time="0.007221"/>
      <testcase name="getValue_secondagenthbyposition" class="ReaxmlEzrColAssoc_agent_Test" file="/Users/nclifton/Documents/LunaEclipse/workspace/reaxml-import/ReaXmlLibrary/tests/ezr/col/assoc_agent_Test.php" line="77" assertions="2" time="0.007126"/>
    </testsuite>
    <testsuite name="ReaxmlEzrColAucdate_Test" file="/Users/nclifton/Documents/LunaEclipse/workspace/reaxml-import/ReaXmlLibrary/tests/ezr/col/aucdate_Test.php" tests="2" assertions="2" failures="0" errors="0" time="0.009637">
      <testcase name="getValue_found_gives_date" class="ReaxmlEzrColAucdate_Test" file="/Users/nclifton/Documents/LunaEclipse/workspace/reaxml-import/ReaXmlLibrary/tests/ezr/col/aucdate_Test.php" line="13" assertions="1" time="0.005593"/>
      <testcase name="getValue_notfound_givesnull" class="ReaxmlEzrColAucdate_Test" file="/Users/nclifton/Documents/LunaEclipse/workspace/reaxml-import/ReaXmlLibrary/tests/ezr/col/aucdate_Test.php" line="28" assertions="1" time="0.004044"/>
    </testsuite>
    <testsuite name="ReaxmlEzrColAucdet_Test" file="/Users/nclifton/Documents/LunaEclipse/workspace/reaxml-import/ReaXmlLibrary/tests/ezr/col/aucdet_Test.php" tests="2" assertions="4" failures="0" errors="0" time="0.017948">
      <testcase name="getValue_isnotnew_isNull" class="ReaxmlEzrColAucdet_Test" file="/Users/nclifton/Documents/LunaEclipse/workspace/reaxml-import/ReaXmlLibrary/tests/ezr/col/aucdet_Test.php" line="12" assertions="2" time="0.010747"/>
      <testcase name="getValue_isnotnew_isEmpty" class="ReaxmlEzrColAucdet_Test" file="/Users/nclifton/Documents/LunaEclipse/workspace/reaxml-import/ReaXmlLibrary/tests/ezr/col/aucdet_Test.php" line="29" assertions="2" time="0.007201"/>
    </testsuite>
    <testsuite name="ReaxmlEzrColAuctime_Test" file="/Users/nclifton/Documents/LunaEclipse/workspace/reaxml-import/ReaXmlLibrary/tests/ezr/col/auctime_Test.php" tests="2" assertions="2" failures="0" errors="0" time="0.008884">
      <testcase name="getValue_found_gives_date" class="ReaxmlEzrColAuctime_Test" file="/Users/nclifton/Documents/LunaEclipse/workspace/reaxml-import/ReaXmlLibrary/tests/ezr/col/auctime_Test.php" line="13" assertions="1" time="0.004848"/>
      <testcase name="getValue_notfound_givesnull" class="ReaxmlEzrColAuctime_Test" file="/Users/nclifton/Documents/LunaEclipse/workspace/reaxml-import/ReaXmlLibrary/tests/ezr/col/auctime_Test.php" line="28" assertions="1" time="0.004036"/>
    </testsuite>
    <testsuite name="ReaxmlEzrColAvaildate_Test" file="/Users/nclifton/Documents/LunaEclipse/workspace/reaxml-import/ReaXmlLibrary/tests/ezr/col/availdate_Test.php" tests="2" assertions="2" failures="0" errors="0" time="0.011946">
      <testcase name="getValue_found_gives_date" class="ReaxmlEzrColAvaildate_Test" file="/Users/nclifton/Documents/LunaEclipse/workspace/reaxml-import/ReaXmlLibrary/tests/ezr/col/availdate_Test.php" line="13" assertions="1" time="0.006924"/>
      <testcase name="getValue_notfound_givesnull" class="ReaxmlEzrColAvaildate_Test" file="/Users/nclifton/Documents/LunaEclipse/workspace/reaxml-import/ReaXmlLibrary/tests/ezr/col/availdate_Test.php" line="28" assertions="1" time="0.005022"/>
    </testsuite>
    <testsuite name="ReaxmlEzrColAverageutilelec_Test" file="/Users/nclifton/Documents/LunaEclipse/workspace/reaxml-import/ReaXmlLibrary/tests/ezr/col/averageutilelec_Test.php" tests="2" assertions="4" failures="0" errors="0" time="0.018198">
      <testcase name="getValue_isNew" class="ReaxmlEzrColAverageutilelec_Test" file="/Users/nclifton/Documents/LunaEclipse/workspace/reaxml-import/ReaXmlLibrary/tests/ezr/col/averageutilelec_Test.php" line="12" assertions="2" time="0.008044"/>
      <testcase name="getValue_isNotNew" class="ReaxmlEzrColAverageutilelec_Test" file="/Users/nclifton/Documents/LunaEclipse/workspace/reaxml-import/ReaXmlLibrary/tests/ezr/col/averageutilelec_Test.php" line="29" assertions="2" time="0.010154"/>
    </testsuite>
    <testsuite name="ReaxmlEzrColAverageutilheat_Test" file="/Users/nclifton/Documents/LunaEclipse/workspace/reaxml-import/ReaXmlLibrary/tests/ezr/col/averageutilheat_Test.php" tests="2" assertions="4" failures="0" errors="0" time="0.020227">
      <testcase name="getValue_isNew" class="ReaxmlEzrColAverageutilheat_Test" file="/Users/nclifton/Documents/LunaEclipse/workspace/reaxml-import/ReaXmlLibrary/tests/ezr/col/averageutilheat_Test.php" line="12" assertions="2" time="0.011973"/>
      <testcase name="getValue_isNotNew" class="ReaxmlEzrColAverageutilheat_Test" file="/Users/nclifton/Documents/LunaEclipse/workspace/reaxml-import/ReaXmlLibrary/tests/ezr/col/averageutilheat_Test.php" line="29" assertions="2" time="0.008254"/>
    </testsuite>
    <testsuite name="ReaxmlEzrColBathrooms_Test" file="/Users/nclifton/Documents/LunaEclipse/workspace/reaxml-import/ReaXmlLibrary/tests/ezr/col/bathrooms_Test.php" tests="3" assertions="5" failures="0" errors="0" time="0.017833">
      <testcase name="getValue" class="ReaxmlEzrColBathrooms_Test" file="/Users/nclifton/Documents/LunaEclipse/workspace/reaxml-import/ReaXmlLibrary/tests/ezr/col/bathrooms_Test.php" line="14" assertions="1" time="0.004826"/>
      <testcase name="getValue_notfound_isNew" class="ReaxmlEzrColBathrooms_Test" file="/Users/nclifton/Documents/LunaEclipse/workspace/reaxml-import/ReaXmlLibrary/tests/ezr/col/bathrooms_Test.php" line="29" assertions="2" time="0.006745"/>
      <testcase name="getValue_notfound_isNotNew" class="ReaxmlEzrColBathrooms_Test" file="/Users/nclifton/Documents/LunaEclipse/workspace/reaxml-import/ReaXmlLibrary/tests/ezr/col/bathrooms_Test.php" line="47" assertions="2" time="0.006262"/>
    </testsuite>
    <testsuite name="ReaxmlEzrColBedrooms_Test" file="/Users/nclifton/Documents/LunaEclipse/workspace/reaxml-import/ReaXmlLibrary/tests/ezr/col/bedrooms_Test.php" tests="3" assertions="5" failures="0" errors="0" time="0.018684">
      <testcase name="getValue" class="ReaxmlEzrColBedrooms_Test" file="/Users/nclifton/Documents/LunaEclipse/workspace/reaxml-import/ReaXmlLibrary/tests/ezr/col/bedrooms_Test.php" line="14" assertions="1" time="0.004816"/>
      <testcase name="getValue_notfound_isNew" class="ReaxmlEzrColBedrooms_Test" file="/Users/nclifton/Documents/LunaEclipse/workspace/reaxml-import/ReaXmlLibrary/tests/ezr/col/bedrooms_Test.php" line="29" assertions="2" time="0.007333"/>
      <testcase name="getValue_notfound_isNotNew" class="ReaxmlEzrColBedrooms_Test" file="/Users/nclifton/Documents/LunaEclipse/workspace/reaxml-import/ReaXmlLibrary/tests/ezr/col/bedrooms_Test.php" line="47" assertions="2" time="0.006535"/>
    </testsuite>
    <testsuite name="ReaxmlEzrColBldg_name_Test" file="/Users/nclifton/Documents/LunaEclipse/workspace/reaxml-import/ReaXmlLibrary/tests/ezr/col/bldg_name_Test.php" tests="2" assertions="4" failures="0" errors="0" time="0.013597">
      <testcase name="getValue_isNew" class="ReaxmlEzrColBldg_name_Test" file="/Users/nclifton/Documents/LunaEclipse/workspace/reaxml-import/ReaXmlLibrary/tests/ezr/col/bldg_name_Test.php" line="12" assertions="2" time="0.007540"/>
      <testcase name="getValue_isNotNew" class="ReaxmlEzrColBldg_name_Test" file="/Users/nclifton/Documents/LunaEclipse/workspace/reaxml-import/ReaXmlLibrary/tests/ezr/col/bldg_name_Test.php" line="29" assertions="2" time="0.006057"/>
    </testsuite>
    <testsuite name="ReaxmlEzrColBond_Test" file="/Users/nclifton/Documents/LunaEclipse/workspace/reaxml-import/ReaXmlLibrary/tests/ezr/col/bond_Test.php" tests="2" assertions="4" failures="0" errors="0" time="0.017798">
      <testcase name="getValue_isNew_is0" class="ReaxmlEzrColBond_Test" file="/Users/nclifton/Documents/LunaEclipse/workspace/reaxml-import/ReaXmlLibrary/tests/ezr/col/bond_Test.php" line="13" assertions="2" time="0.009887"/>
      <testcase name="getValue_isNotNew_isnull" class="ReaxmlEzrColBond_Test" file="/Users/nclifton/Documents/LunaEclipse/workspace/reaxml-import/ReaXmlLibrary/tests/ezr/col/bond_Test.php" line="31" assertions="2" time="0.007911"/>
    </testsuite>
    <testsuite name="ReaxmlEzrColBuildingfeatures_Test" file="/Users/nclifton/Documents/LunaEclipse/workspace/reaxml-import/ReaXmlLibrary/tests/ezr/col/buildingfeatures_Test.php" tests="2" assertions="4" failures="0" errors="0" time="0.021125">
      <testcase name="getValue_allyes_isall" class="ReaxmlEzrColBuildingfeatures_Test" file="/Users/nclifton/Documents/LunaEclipse/workspace/reaxml-import/ReaXmlLibrary/tests/ezr/col/buildingfeatures_Test.php" line="13" assertions="2" time="0.008350"/>
      <testcase name="getValue_hasexisting_isall" class="ReaxmlEzrColBuildingfeatures_Test" file="/Users/nclifton/Documents/LunaEclipse/workspace/reaxml-import/ReaXmlLibrary/tests/ezr/col/buildingfeatures_Test.php" line="38" assertions="2" time="0.012775"/>
    </testsuite>
    <testsuite name="ReaxmlEzrColCid_Test" file="/Users/nclifton/Documents/LunaEclipse/workspace/reaxml-import/ReaXmlLibrary/tests/ezr/col/cid_Test.php" tests="4" assertions="10" failures="0" errors="0" time="0.027664">
      <testcase name="getValue_notfoundinxml_isNew" class="ReaxmlEzrColCid_Test" file="/Users/nclifton/Documents/LunaEclipse/workspace/reaxml-import/ReaXmlLibrary/tests/ezr/col/cid_Test.php" line="15" assertions="3" time="0.007373"/>
      <testcase name="getValue_notfoundinxml_isNotNew" class="ReaxmlEzrColCid_Test" file="/Users/nclifton/Documents/LunaEclipse/workspace/reaxml-import/ReaXmlLibrary/tests/ezr/col/cid_Test.php" line="29" assertions="2" time="0.006405"/>
      <testcase name="getValue_notfoundindb" class="ReaxmlEzrColCid_Test" file="/Users/nclifton/Documents/LunaEclipse/workspace/reaxml-import/ReaXmlLibrary/tests/ezr/col/cid_Test.php" line="48" assertions="3" time="0.006713"/>
      <testcase name="getValue" class="ReaxmlEzrColCid_Test" file="/Users/nclifton/Documents/LunaEclipse/workspace/reaxml-import/ReaXmlLibrary/tests/ezr/col/cid_Test.php" line="62" assertions="2" time="0.007173"/>
    </testsuite>
    <testsuite name="ReaxmlEzrColCloseprice_Test" file="/Users/nclifton/Documents/LunaEclipse/workspace/reaxml-import/ReaXmlLibrary/tests/ezr/col/closeprice_Test.php" tests="5" assertions="7" failures="0" errors="0" time="0.028509">
      <testcase name="getValue_displayyes_issoldprice" class="ReaxmlEzrColCloseprice_Test" file="/Users/nclifton/Documents/LunaEclipse/workspace/reaxml-import/ReaXmlLibrary/tests/ezr/col/closeprice_Test.php" line="13" assertions="1" time="0.005291"/>
      <testcase name="getValue_displayno_is0" class="ReaxmlEzrColCloseprice_Test" file="/Users/nclifton/Documents/LunaEclipse/workspace/reaxml-import/ReaXmlLibrary/tests/ezr/col/closeprice_Test.php" line="28" assertions="1" time="0.003980"/>
      <testcase name="getValue_displayrange_is0" class="ReaxmlEzrColCloseprice_Test" file="/Users/nclifton/Documents/LunaEclipse/workspace/reaxml-import/ReaXmlLibrary/tests/ezr/col/closeprice_Test.php" line="43" assertions="1" time="0.004281"/>
      <testcase name="getValue_notfound_isnew_is0" class="ReaxmlEzrColCloseprice_Test" file="/Users/nclifton/Documents/LunaEclipse/workspace/reaxml-import/ReaXmlLibrary/tests/ezr/col/closeprice_Test.php" line="58" assertions="2" time="0.007358"/>
      <testcase name="getValue_notfound_isnotnew_isnull" class="ReaxmlEzrColCloseprice_Test" file="/Users/nclifton/Documents/LunaEclipse/workspace/reaxml-import/ReaXmlLibrary/tests/ezr/col/closeprice_Test.php" line="75" assertions="2" time="0.007599"/>
    </testsuite>
    <testsuite name="ReaxmlEzrColCnid_Test" file="/Users/nclifton/Documents/LunaEclipse/workspace/reaxml-import/ReaXmlLibrary/tests/ezr/col/cnid_Test.php" tests="4" assertions="10" failures="0" errors="0" time="0.031942">
      <testcase name="getValue_notfoundinxml_isNew" class="ReaxmlEzrColCnid_Test" file="/Users/nclifton/Documents/LunaEclipse/workspace/reaxml-import/ReaXmlLibrary/tests/ezr/col/cnid_Test.php" line="15" assertions="3" time="0.007841"/>
      <testcase name="getValue_notfoundinxml_isNotNew" class="ReaxmlEzrColCnid_Test" file="/Users/nclifton/Documents/LunaEclipse/workspace/reaxml-import/ReaXmlLibrary/tests/ezr/col/cnid_Test.php" line="29" assertions="2" time="0.006394"/>
      <testcase name="getValue_notfoundindb" class="ReaxmlEzrColCnid_Test" file="/Users/nclifton/Documents/LunaEclipse/workspace/reaxml-import/ReaXmlLibrary/tests/ezr/col/cnid_Test.php" line="50" assertions="3" time="0.007902"/>
      <testcase name="getValue" class="ReaxmlEzrColCnid_Test" file="/Users/nclifton/Documents/LunaEclipse/workspace/reaxml-import/ReaXmlLibrary/tests/ezr/col/cnid_Test.php" line="64" assertions="2" time="0.009805"/>
    </testsuite>
    <testsuite name="ReaxmlEzrColCommunityfeatures_Test" file="/Users/nclifton/Documents/LunaEclipse/workspace/reaxml-import/ReaXmlLibrary/tests/ezr/col/communityfeatures_Test.php" tests="2" assertions="4" failures="0" errors="0" time="0.018384">
      <testcase name="getValue_isNew" class="ReaxmlEzrColCommunityfeatures_Test" file="/Users/nclifton/Documents/LunaEclipse/workspace/reaxml-import/ReaXmlLibrary/tests/ezr/col/communityfeatures_Test.php" line="12" assertions="2" time="0.010621"/>
      <testcase name="getValue_isNotNew" class="ReaxmlEzrColCommunityfeatures_Test" file="/Users/nclifton/Documents/LunaEclipse/workspace/reaxml-import/ReaXmlLibrary/tests/ezr/col/communityfeatures_Test.php" line="29" assertions="2" time="0.007763"/>
    </testsuite>
    <testsuite name="ReaxmlEzrColCounty_Test" file="/Users/nclifton/Documents/LunaEclipse/workspace/reaxml-import/ReaXmlLibrary/tests/ezr/col/county_Test.php" tests="3" assertions="5" failures="0" errors="0" time="0.024622">
      <testcase name="getValue" class="ReaxmlEzrColCounty_Test" file="/Users/nclifton/Documents/LunaEclipse/workspace/reaxml-import/ReaXmlLibrary/tests/ezr/col/county_Test.php" line="12" assertions="1" time="0.006628"/>
      <testcase name="getValue_notfound_isNew" class="ReaxmlEzrColCounty_Test" file="/Users/nclifton/Documents/LunaEclipse/workspace/reaxml-import/ReaXmlLibrary/tests/ezr/col/county_Test.php" line="27" assertions="2" time="0.009268"/>
      <testcase name="getValue_notfound_isNotNew" class="ReaxmlEzrColCounty_Test" file="/Users/nclifton/Documents/LunaEclipse/workspace/reaxml-import/ReaXmlLibrary/tests/ezr/col/county_Test.php" line="44" assertions="2" time="0.008726"/>
    </testsuite>
    <testsuite name="ReaxmlEzrColCovenantsyn_Test" file="/Users/nclifton/Documents/LunaEclipse/workspace/reaxml-import/ReaXmlLibrary/tests/ezr/col/covenantsyn_Test.php" tests="2" assertions="4" failures="0" errors="0" time="0.014129">
      <testcase name="getValue_isnew_isempty" class="ReaxmlEzrColCovenantsyn_Test" file="/Users/nclifton/Documents/LunaEclipse/workspace/reaxml-import/ReaXmlLibrary/tests/ezr/col/covenantsyn_Test.php" line="13" assertions="2" time="0.006928"/>
      <testcase name="getValue_isnotnew_isnull" class="ReaxmlEzrColCovenantsyn_Test" file="/Users/nclifton/Documents/LunaEclipse/workspace/reaxml-import/ReaXmlLibrary/tests/ezr/col/covenantsyn_Test.php" line="30" assertions="2" time="0.007201"/>
    </testsuite>
    <testsuite name="ReaxmlEzrColCtown_Test" file="/Users/nclifton/Documents/LunaEclipse/workspace/reaxml-import/ReaXmlLibrary/tests/ezr/col/ctown_Test.php" tests="2" assertions="4" failures="0" errors="0" time="0.015549">
      <testcase name="getValue_isnew_isempty" class="ReaxmlEzrColCtown_Test" file="/Users/nclifton/Documents/LunaEclipse/workspace/reaxml-import/ReaXmlLibrary/tests/ezr/col/ctown_Test.php" line="13" assertions="2" time="0.009376"/>
      <testcase name="getValue_isnotnew_isnull" class="ReaxmlEzrColCtown_Test" file="/Users/nclifton/Documents/LunaEclipse/workspace/reaxml-import/ReaXmlLibrary/tests/ezr/col/ctown_Test.php" line="30" assertions="2" time="0.006173"/>
    </testsuite>
    <testsuite name="ReaxmlEzrColCtport_Test" file="/Users/nclifton/Documents/LunaEclipse/workspace/reaxml-import/ReaXmlLibrary/tests/ezr/col/ctport_Test.php" tests="2" assertions="4" failures="0" errors="0" time="0.015892">
      <testcase name="getValue_isnew_isempty" class="ReaxmlEzrColCtport_Test" file="/Users/nclifton/Documents/LunaEclipse/workspace/reaxml-import/ReaXmlLibrary/tests/ezr/col/ctport_Test.php" line="13" assertions="2" time="0.006928"/>
      <testcase name="getValue_isnotnew_isnull" class="ReaxmlEzrColCtport_Test" file="/Users/nclifton/Documents/LunaEclipse/workspace/reaxml-import/ReaXmlLibrary/tests/ezr/col/ctport_Test.php" line="30" assertions="2" time="0.008964"/>
    </testsuite>
    <testsuite name="ReaxmlEzrColDepth_Test" file="/Users/nclifton/Documents/LunaEclipse/workspace/reaxml-import/ReaXmlLibrary/tests/ezr/col/depth_Test.php" tests="3" assertions="5" failures="0" errors="0" time="0.021598">
      <testcase name="getValue" class="ReaxmlEzrColDepth_Test" file="/Users/nclifton/Documents/LunaEclipse/workspace/reaxml-import/ReaXmlLibrary/tests/ezr/col/depth_Test.php" line="14" assertions="1" time="0.004627"/>
      <testcase name="getValue_notfound_isNew" class="ReaxmlEzrColDepth_Test" file="/Users/nclifton/Documents/LunaEclipse/workspace/reaxml-import/ReaXmlLibrary/tests/ezr/col/depth_Test.php" line="29" assertions="2" time="0.008168"/>
      <testcase name="getValue_notfound_isNotNew" class="ReaxmlEzrColDepth_Test" file="/Users/nclifton/Documents/LunaEclipse/workspace/reaxml-import/ReaXmlLibrary/tests/ezr/col/depth_Test.php" line="47" assertions="2" time="0.008803"/>
    </testsuite>
    <testsuite name="ReaxmlEzrColElectricservice_Test" file="/Users/nclifton/Documents/LunaEclipse/workspace/reaxml-import/ReaXmlLibrary/tests/ezr/col/electricservice_Test.php" tests="2" assertions="4" failures="0" errors="0" time="0.018454">
      <testcase name="getValue_isNew" class="ReaxmlEzrColElectricservice_Test" file="/Users/nclifton/Documents/LunaEclipse/workspace/reaxml-import/ReaXmlLibrary/tests/ezr/col/electricservice_Test.php" line="12" assertions="2" time="0.011791"/>
      <testcase name="getValue_isNotNew" class="ReaxmlEzrColElectricservice_Test" file="/Users/nclifton/Documents/LunaEclipse/workspace/reaxml-import/ReaXmlLibrary/tests/ezr/col/electricservice_Test.php" line="29" assertions="2" time="0.006663"/>
    </testsuite>
    <testsuite name="ReaxmlEzrColEnsuite_Test" file="/Users/nclifton/Documents/LunaEclipse/workspace/reaxml-import/ReaXmlLibrary/tests/ezr/col/ensuite_Test.php" tests="3" assertions="5" failures="0" errors="0" time="0.018698">
      <testcase name="getValue" class="ReaxmlEzrColEnsuite_Test" file="/Users/nclifton/Documents/LunaEclipse/workspace/reaxml-import/ReaXmlLibrary/tests/ezr/col/ensuite_Test.php" line="14" assertions="1" time="0.004813"/>
      <testcase name="getValue_notfound_isNew" class="ReaxmlEzrColEnsuite_Test" file="/Users/nclifton/Documents/LunaEclipse/workspace/reaxml-import/ReaXmlLibrary/tests/ezr/col/ensuite_Test.php" line="29" assertions="2" time="0.007317"/>
      <testcase name="getValue_notfound_isNotNew" class="ReaxmlEzrColEnsuite_Test" file="/Users/nclifton/Documents/LunaEclipse/workspace/reaxml-import/ReaXmlLibrary/tests/ezr/col/ensuite_Test.php" line="47" assertions="2" time="0.006568"/>
    </testsuite>
    <testsuite name="ReaxmlEzrColEpc1_Test" file="/Users/nclifton/Documents/LunaEclipse/workspace/reaxml-import/ReaXmlLibrary/tests/ezr/col/epc1_Test.php" tests="2" assertions="4" failures="0" errors="0" time="0.015228">
      <testcase name="getValue_isnew_givesempty" class="ReaxmlEzrColEpc1_Test" file="/Users/nclifton/Documents/LunaEclipse/workspace/reaxml-import/ReaXmlLibrary/tests/ezr/col/epc1_Test.php" line="15" assertions="2" time="0.008530"/>
      <testcase name="getValue_isnotnew_givesnull" class="ReaxmlEzrColEpc1_Test" file="/Users/nclifton/Documents/LunaEclipse/workspace/reaxml-import/ReaXmlLibrary/tests/ezr/col/epc1_Test.php" line="32" assertions="2" time="0.006698"/>
    </testsuite>
    <testsuite name="ReaxmlEzrColEpc2_Test" file="/Users/nclifton/Documents/LunaEclipse/workspace/reaxml-import/ReaXmlLibrary/tests/ezr/col/epc2_Test.php" tests="2" assertions="4" failures="0" errors="0" time="0.016682">
      <testcase name="getValue_isnew_givesempty" class="ReaxmlEzrColEpc2_Test" file="/Users/nclifton/Documents/LunaEclipse/workspace/reaxml-import/ReaXmlLibrary/tests/ezr/col/epc2_Test.php" line="15" assertions="2" time="0.008905"/>
      <testcase name="getValue_isnotnew_givesnull" class="ReaxmlEzrColEpc2_Test" file="/Users/nclifton/Documents/LunaEclipse/workspace/reaxml-import/ReaXmlLibrary/tests/ezr/col/epc2_Test.php" line="32" assertions="2" time="0.007777"/>
    </testsuite>
    <testsuite name="ReaxmlEzrColExteriorfinish_Test" file="/Users/nclifton/Documents/LunaEclipse/workspace/reaxml-import/ReaXmlLibrary/tests/ezr/col/exteriorfinish_Test.php" tests="2" assertions="4" failures="0" errors="0" time="0.015604">
      <testcase name="getValue_isNew" class="ReaxmlEzrColExteriorfinish_Test" file="/Users/nclifton/Documents/LunaEclipse/workspace/reaxml-import/ReaXmlLibrary/tests/ezr/col/exteriorfinish_Test.php" line="12" assertions="2" time="0.008641"/>
      <testcase name="getValue_isNotNew" class="ReaxmlEzrColExteriorfinish_Test" file="/Users/nclifton/Documents/LunaEclipse/workspace/reaxml-import/ReaXmlLibrary/tests/ezr/col/exteriorfinish_Test.php" line="29" assertions="2" time="0.006963"/>
    </testsuite>
    <testsuite name="ReaxmlEzrColFamilyroompresent_Test" file="/Users/nclifton/Documents/LunaEclipse/workspace/reaxml-import/ReaXmlLibrary/tests/ezr/col/familyroompresent_Test.php" tests="2" assertions="4" failures="0" errors="0" time="0.014474">
      <testcase name="getValue_isnew_isempty" class="ReaxmlEzrColFamilyroompresent_Test" file="/Users/nclifton/Documents/LunaEclipse/workspace/reaxml-import/ReaXmlLibrary/tests/ezr/col/familyroompresent_Test.php" line="13" assertions="2" time="0.007507"/>
      <testcase name="getValue_isnotnew_isnull" class="ReaxmlEzrColFamilyroompresent_Test" file="/Users/nclifton/Documents/LunaEclipse/workspace/reaxml-import/ReaXmlLibrary/tests/ezr/col/familyroompresent_Test.php" line="30" assertions="2" time="0.006967"/>
    </testsuite>
    <testsuite name="ReaxmlEzrColFeatured_Test" file="/Users/nclifton/Documents/LunaEclipse/workspace/reaxml-import/ReaXmlLibrary/tests/ezr/col/featured_Test.php" tests="2" assertions="4" failures="0" errors="0" time="0.016177">
      <testcase name="getValue_isNew" class="ReaxmlEzrColFeatured_Test" file="/Users/nclifton/Documents/LunaEclipse/workspace/reaxml-import/ReaXmlLibrary/tests/ezr/col/featured_Test.php" line="13" assertions="2" time="0.008674"/>
      <testcase name="getValue_isNotNew" class="ReaxmlEzrColFeatured_Test" file="/Users/nclifton/Documents/LunaEclipse/workspace/reaxml-import/ReaXmlLibrary/tests/ezr/col/featured_Test.php" line="29" assertions="2" time="0.007503"/>
    </testsuite>
    <testsuite name="ReaxmlEzrColFlooring_Test" file="/Users/nclifton/Documents/LunaEclipse/workspace/reaxml-import/ReaXmlLibrary/tests/ezr/col/flooring_Test.php" tests="4" assertions="6" failures="0" errors="0" time="0.025244">
      <testcase name="getValue_yes" class="ReaxmlEzrColFlooring_Test" file="/Users/nclifton/Documents/LunaEclipse/workspace/reaxml-import/ReaXmlLibrary/tests/ezr/col/flooring_Test.php" line="14" assertions="1" time="0.005794"/>
      <testcase name="getValue_no" class="ReaxmlEzrColFlooring_Test" file="/Users/nclifton/Documents/LunaEclipse/workspace/reaxml-import/ReaXmlLibrary/tests/ezr/col/flooring_Test.php" line="29" assertions="1" time="0.004370"/>
      <testcase name="getValue_notfound_isNew" class="ReaxmlEzrColFlooring_Test" file="/Users/nclifton/Documents/LunaEclipse/workspace/reaxml-import/ReaXmlLibrary/tests/ezr/col/flooring_Test.php" line="45" assertions="2" time="0.007695"/>
      <testcase name="getValue_notfound_isNotNew" class="ReaxmlEzrColFlooring_Test" file="/Users/nclifton/Documents/LunaEclipse/workspace/reaxml-import/ReaXmlLibrary/tests/ezr/col/flooring_Test.php" line="63" assertions="2" time="0.007385"/>
    </testsuite>
    <testsuite name="ReaxmlEzrColFlpl1_Test" file="/Users/nclifton/Documents/LunaEclipse/workspace/reaxml-import/ReaXmlLibrary/tests/ezr/col/flpl1_Test.php" tests="6" assertions="12" failures="0" errors="0" time="1.620849">
      <testcase name="getValue_isnew_notfound_givesempty" class="ReaxmlEzrColFlpl1_Test" file="/Users/nclifton/Documents/LunaEclipse/workspace/reaxml-import/ReaXmlLibrary/tests/ezr/col/flpl1_Test.php" line="34" assertions="2" time="0.012799"/>
      <testcase name="getValue_file_copiesfile_givesfilename" class="ReaxmlEzrColFlpl1_Test" file="/Users/nclifton/Documents/LunaEclipse/workspace/reaxml-import/ReaXmlLibrary/tests/ezr/col/flpl1_Test.php" line="51" assertions="1" time="0.017564"/>
      <testcase name="getValue_url_copiesfile_givesfilename" class="ReaxmlEzrColFlpl1_Test" file="/Users/nclifton/Documents/LunaEclipse/workspace/reaxml-import/ReaXmlLibrary/tests/ezr/col/flpl1_Test.php" line="74" assertions="1" time="1.110734"/>
      <testcase name="getValue_urlnotfound_logserror" class="ReaxmlEzrColFlpl1_Test" file="/Users/nclifton/Documents/LunaEclipse/workspace/reaxml-import/ReaXmlLibrary/tests/ezr/col/flpl1_Test.php" line="97" assertions="3" time="0.455748"/>
      <testcase name="getValue_idonly_isnew_givesempty" class="ReaxmlEzrColFlpl1_Test" file="/Users/nclifton/Documents/LunaEclipse/workspace/reaxml-import/ReaXmlLibrary/tests/ezr/col/flpl1_Test.php" line="121" assertions="2" time="0.007542"/>
      <testcase name="getValue_idonly_isnotnew_looksupfilenameanddeletesit_returnsempty" class="ReaxmlEzrColFlpl1_Test" file="/Users/nclifton/Documents/LunaEclipse/workspace/reaxml-import/ReaXmlLibrary/tests/ezr/col/flpl1_Test.php" line="138" assertions="3" time="0.016462"/>
    </testsuite>
    <testsuite name="ReaxmlEzrColFlpl2_Test" file="/Users/nclifton/Documents/LunaEclipse/workspace/reaxml-import/ReaXmlLibrary/tests/ezr/col/flpl2_Test.php" tests="5" assertions="9" failures="0" errors="0" time="1.134556">
      <testcase name="getValue_isnew_notfound_givesempty" class="ReaxmlEzrColFlpl2_Test" file="/Users/nclifton/Documents/LunaEclipse/workspace/reaxml-import/ReaXmlLibrary/tests/ezr/col/flpl2_Test.php" line="31" assertions="2" time="0.009510"/>
      <testcase name="getValue_file_copiesfile_givesfilename" class="ReaxmlEzrColFlpl2_Test" file="/Users/nclifton/Documents/LunaEclipse/workspace/reaxml-import/ReaXmlLibrary/tests/ezr/col/flpl2_Test.php" line="48" assertions="1" time="0.006428"/>
      <testcase name="getValue_url_copiesfile_givesfilename" class="ReaxmlEzrColFlpl2_Test" file="/Users/nclifton/Documents/LunaEclipse/workspace/reaxml-import/ReaXmlLibrary/tests/ezr/col/flpl2_Test.php" line="71" assertions="1" time="1.094016"/>
      <testcase name="getValue_idonly_isnew_givesempty" class="ReaxmlEzrColFlpl2_Test" file="/Users/nclifton/Documents/LunaEclipse/workspace/reaxml-import/ReaXmlLibrary/tests/ezr/col/flpl2_Test.php" line="94" assertions="2" time="0.008083"/>
      <testcase name="getValue_idonly_isnotnew_looksupfilenameanddeletesit_returnsempty" class="ReaxmlEzrColFlpl2_Test" file="/Users/nclifton/Documents/LunaEclipse/workspace/reaxml-import/ReaXmlLibrary/tests/ezr/col/flpl2_Test.php" line="111" assertions="3" time="0.016519"/>
    </testsuite>
    <testsuite name="ReaxmlEzrColFreq_Test" file="/Users/nclifton/Documents/LunaEclipse/workspace/reaxml-import/ReaXmlLibrary/tests/ezr/col/freq_Test.php" tests="12" assertions="14" failures="0" errors="0" time="0.058350">
      <testcase name="getValue_notfoundinxml_isNew_isNotApplicable" class="ReaxmlEzrColFreq_Test" file="/Users/nclifton/Documents/LunaEclipse/workspace/reaxml-import/ReaXmlLibrary/tests/ezr/col/freq_Test.php" line="13" assertions="2" time="0.008568"/>
      <testcase name="getValue_notfoundinxml_isNotNew_isnull" class="ReaxmlEzrColFreq_Test" file="/Users/nclifton/Documents/LunaEclipse/workspace/reaxml-import/ReaXmlLibrary/tests/ezr/col/freq_Test.php" line="31" assertions="2" time="0.006228"/>
      <testcase name="getValue_rental_week_perweek" class="ReaxmlEzrColFreq_Test" file="/Users/nclifton/Documents/LunaEclipse/workspace/reaxml-import/ReaXmlLibrary/tests/ezr/col/freq_Test.php" line="48" assertions="1" time="0.004196"/>
      <testcase name="getValue_rental_weekly_perweek" class="ReaxmlEzrColFreq_Test" file="/Users/nclifton/Documents/LunaEclipse/workspace/reaxml-import/ReaXmlLibrary/tests/ezr/col/freq_Test.php" line="63" assertions="1" time="0.004301"/>
      <testcase name="getValue_holidayRental_week_perweek" class="ReaxmlEzrColFreq_Test" file="/Users/nclifton/Documents/LunaEclipse/workspace/reaxml-import/ReaXmlLibrary/tests/ezr/col/freq_Test.php" line="78" assertions="1" time="0.004130"/>
      <testcase name="getValue_holidayRental_weekly_perweek" class="ReaxmlEzrColFreq_Test" file="/Users/nclifton/Documents/LunaEclipse/workspace/reaxml-import/ReaXmlLibrary/tests/ezr/col/freq_Test.php" line="93" assertions="1" time="0.004726"/>
      <testcase name="getValue_residential_notApplicable" class="ReaxmlEzrColFreq_Test" file="/Users/nclifton/Documents/LunaEclipse/workspace/reaxml-import/ReaXmlLibrary/tests/ezr/col/freq_Test.php" line="108" assertions="1" time="0.004146"/>
      <testcase name="getValue_rural_notApplicable" class="ReaxmlEzrColFreq_Test" file="/Users/nclifton/Documents/LunaEclipse/workspace/reaxml-import/ReaXmlLibrary/tests/ezr/col/freq_Test.php" line="123" assertions="1" time="0.004269"/>
      <testcase name="getValue_land_notApplicable" class="ReaxmlEzrColFreq_Test" file="/Users/nclifton/Documents/LunaEclipse/workspace/reaxml-import/ReaXmlLibrary/tests/ezr/col/freq_Test.php" line="139" assertions="1" time="0.004287"/>
      <testcase name="getValue_commercial_notApplicable" class="ReaxmlEzrColFreq_Test" file="/Users/nclifton/Documents/LunaEclipse/workspace/reaxml-import/ReaXmlLibrary/tests/ezr/col/freq_Test.php" line="154" assertions="1" time="0.004190"/>
      <testcase name="getValue_commercialLand_notApplicable" class="ReaxmlEzrColFreq_Test" file="/Users/nclifton/Documents/LunaEclipse/workspace/reaxml-import/ReaXmlLibrary/tests/ezr/col/freq_Test.php" line="169" assertions="1" time="0.005169"/>
      <testcase name="getValue_business_notApplicable" class="ReaxmlEzrColFreq_Test" file="/Users/nclifton/Documents/LunaEclipse/workspace/reaxml-import/ReaXmlLibrary/tests/ezr/col/freq_Test.php" line="184" assertions="1" time="0.004139"/>
    </testsuite>
    <testsuite name="ReaxmlEzrColFrontage_Test" file="/Users/nclifton/Documents/LunaEclipse/workspace/reaxml-import/ReaXmlLibrary/tests/ezr/col/frontage_Test.php" tests="3" assertions="5" failures="0" errors="0" time="0.017626">
      <testcase name="getValue" class="ReaxmlEzrColFrontage_Test" file="/Users/nclifton/Documents/LunaEclipse/workspace/reaxml-import/ReaXmlLibrary/tests/ezr/col/frontage_Test.php" line="14" assertions="1" time="0.004647"/>
      <testcase name="getValue_notfound_isNew" class="ReaxmlEzrColFrontage_Test" file="/Users/nclifton/Documents/LunaEclipse/workspace/reaxml-import/ReaXmlLibrary/tests/ezr/col/frontage_Test.php" line="29" assertions="2" time="0.006660"/>
      <testcase name="getValue_notfound_isNotNew" class="ReaxmlEzrColFrontage_Test" file="/Users/nclifton/Documents/LunaEclipse/workspace/reaxml-import/ReaXmlLibrary/tests/ezr/col/frontage_Test.php" line="47" assertions="2" time="0.006319"/>
    </testsuite>
    <testsuite name="ReaxmlEzrColFullbaths_Test" file="/Users/nclifton/Documents/LunaEclipse/workspace/reaxml-import/ReaXmlLibrary/tests/ezr/col/fullbaths_Test.php" tests="2" assertions="4" failures="0" errors="0" time="0.013642">
      <testcase name="getValue_isNew" class="ReaxmlEzrColFullbaths_Test" file="/Users/nclifton/Documents/LunaEclipse/workspace/reaxml-import/ReaXmlLibrary/tests/ezr/col/fullbaths_Test.php" line="12" assertions="2" time="0.007611"/>
      <testcase name="getValue_isNotNew" class="ReaxmlEzrColFullbaths_Test" file="/Users/nclifton/Documents/LunaEclipse/workspace/reaxml-import/ReaXmlLibrary/tests/ezr/col/fullbaths_Test.php" line="29" assertions="2" time="0.006031"/>
    </testsuite>
    <testsuite name="ReaxmlEzrColGaragedescription_Test" file="/Users/nclifton/Documents/LunaEclipse/workspace/reaxml-import/ReaXmlLibrary/tests/ezr/col/garagedescription_Test.php" tests="8" assertions="10" failures="0" errors="0" time="0.038931">
      <testcase name="getValue_yes" class="ReaxmlEzrColGaragedescription_Test" file="/Users/nclifton/Documents/LunaEclipse/workspace/reaxml-import/ReaXmlLibrary/tests/ezr/col/garagedescription_Test.php" line="14" assertions="1" time="0.004498"/>
      <testcase name="getValue_1" class="ReaxmlEzrColGaragedescription_Test" file="/Users/nclifton/Documents/LunaEclipse/workspace/reaxml-import/ReaXmlLibrary/tests/ezr/col/garagedescription_Test.php" line="29" assertions="1" time="0.003876"/>
      <testcase name="getValue_true" class="ReaxmlEzrColGaragedescription_Test" file="/Users/nclifton/Documents/LunaEclipse/workspace/reaxml-import/ReaXmlLibrary/tests/ezr/col/garagedescription_Test.php" line="44" assertions="1" time="0.004263"/>
      <testcase name="getValue_0" class="ReaxmlEzrColGaragedescription_Test" file="/Users/nclifton/Documents/LunaEclipse/workspace/reaxml-import/ReaXmlLibrary/tests/ezr/col/garagedescription_Test.php" line="59" assertions="1" time="0.004107"/>
      <testcase name="getValue_no" class="ReaxmlEzrColGaragedescription_Test" file="/Users/nclifton/Documents/LunaEclipse/workspace/reaxml-import/ReaXmlLibrary/tests/ezr/col/garagedescription_Test.php" line="74" assertions="1" time="0.004243"/>
      <testcase name="getValue_false" class="ReaxmlEzrColGaragedescription_Test" file="/Users/nclifton/Documents/LunaEclipse/workspace/reaxml-import/ReaXmlLibrary/tests/ezr/col/garagedescription_Test.php" line="89" assertions="1" time="0.004076"/>
      <testcase name="getValue_notfound_isNew" class="ReaxmlEzrColGaragedescription_Test" file="/Users/nclifton/Documents/LunaEclipse/workspace/reaxml-import/ReaXmlLibrary/tests/ezr/col/garagedescription_Test.php" line="104" assertions="2" time="0.007399"/>
      <testcase name="getValue_notfound_isNotNew" class="ReaxmlEzrColGaragedescription_Test" file="/Users/nclifton/Documents/LunaEclipse/workspace/reaxml-import/ReaXmlLibrary/tests/ezr/col/garagedescription_Test.php" line="122" assertions="2" time="0.006469"/>
    </testsuite>
    <testsuite name="ReaxmlEzrColGarbagedisposalyn_Test" file="/Users/nclifton/Documents/LunaEclipse/workspace/reaxml-import/ReaXmlLibrary/tests/ezr/col/garbagedisposalyn_Test.php" tests="2" assertions="4" failures="0" errors="0" time="0.013072">
      <testcase name="getValue_isnew_isempty" class="ReaxmlEzrColGarbagedisposalyn_Test" file="/Users/nclifton/Documents/LunaEclipse/workspace/reaxml-import/ReaXmlLibrary/tests/ezr/col/garbagedisposalyn_Test.php" line="13" assertions="2" time="0.006701"/>
      <testcase name="getValue_isnotnew_isnull" class="ReaxmlEzrColGarbagedisposalyn_Test" file="/Users/nclifton/Documents/LunaEclipse/workspace/reaxml-import/ReaXmlLibrary/tests/ezr/col/garbagedisposalyn_Test.php" line="30" assertions="2" time="0.006371"/>
    </testsuite>
    <testsuite name="ReaxmlEzrColHalfbaths_Test" file="/Users/nclifton/Documents/LunaEclipse/workspace/reaxml-import/ReaXmlLibrary/tests/ezr/col/halfbaths_Test.php" tests="2" assertions="4" failures="0" errors="0" time="0.013222">
      <testcase name="getValue_isNew" class="ReaxmlEzrColHalfbaths_Test" file="/Users/nclifton/Documents/LunaEclipse/workspace/reaxml-import/ReaXmlLibrary/tests/ezr/col/halfbaths_Test.php" line="12" assertions="2" time="0.007316"/>
      <testcase name="getValue_isNotNew" class="ReaxmlEzrColHalfbaths_Test" file="/Users/nclifton/Documents/LunaEclipse/workspace/reaxml-import/ReaXmlLibrary/tests/ezr/col/halfbaths_Test.php" line="29" assertions="2" time="0.005906"/>
    </testsuite>
    <testsuite name="ReaxmlEzrColHighschool_Test" file="/Users/nclifton/Documents/LunaEclipse/workspace/reaxml-import/ReaXmlLibrary/tests/ezr/col/highschool_Test.php" tests="2" assertions="4" failures="0" errors="0" time="0.013506">
      <testcase name="getValue_isnew_isempty" class="ReaxmlEzrColHighschool_Test" file="/Users/nclifton/Documents/LunaEclipse/workspace/reaxml-import/ReaXmlLibrary/tests/ezr/col/highschool_Test.php" line="13" assertions="2" time="0.007283"/>
      <testcase name="getValue_isnotnew_isnull" class="ReaxmlEzrColHighschool_Test" file="/Users/nclifton/Documents/LunaEclipse/workspace/reaxml-import/ReaXmlLibrary/tests/ezr/col/highschool_Test.php" line="30" assertions="2" time="0.006223"/>
    </testsuite>
    <testsuite name="ReaxmlEzrColHouseconstruction_Test" file="/Users/nclifton/Documents/LunaEclipse/workspace/reaxml-import/ReaXmlLibrary/tests/ezr/col/houseconstruction_Test.php" tests="2" assertions="4" failures="0" errors="0" time="0.014115">
      <testcase name="getValue_isNew" class="ReaxmlEzrColHouseconstruction_Test" file="/Users/nclifton/Documents/LunaEclipse/workspace/reaxml-import/ReaXmlLibrary/tests/ezr/col/houseconstruction_Test.php" line="12" assertions="2" time="0.007185"/>
      <testcase name="getValue_isNotNew" class="ReaxmlEzrColHouseconstruction_Test" file="/Users/nclifton/Documents/LunaEclipse/workspace/reaxml-import/ReaXmlLibrary/tests/ezr/col/houseconstruction_Test.php" line="29" assertions="2" time="0.006930"/>
    </testsuite>
    <testsuite name="ReaxmlEzrColHousestyle_Test" file="/Users/nclifton/Documents/LunaEclipse/workspace/reaxml-import/ReaXmlLibrary/tests/ezr/col/housestyle_Test.php" tests="2" assertions="4" failures="0" errors="0" time="0.019193">
      <testcase name="getValue_isNew" class="ReaxmlEzrColHousestyle_Test" file="/Users/nclifton/Documents/LunaEclipse/workspace/reaxml-import/ReaXmlLibrary/tests/ezr/col/housestyle_Test.php" line="12" assertions="2" time="0.009339"/>
      <testcase name="getValue_isNotNew" class="ReaxmlEzrColHousestyle_Test" file="/Users/nclifton/Documents/LunaEclipse/workspace/reaxml-import/ReaXmlLibrary/tests/ezr/col/housestyle_Test.php" line="29" assertions="2" time="0.009854"/>
    </testsuite>
    <testsuite name="ReaxmlEzrColImage_count_Test" file="/Users/nclifton/Documents/LunaEclipse/workspace/reaxml-import/ReaXmlLibrary/tests/ezr/col/image_count_Test.php" tests="5" assertions="10" failures="0" errors="0" time="0.063345">
      <testcase name="getValue_isnew_notfound_gives0" class="ReaxmlEzrColImage_count_Test" file="/Users/nclifton/Documents/LunaEclipse/workspace/reaxml-import/ReaXmlLibrary/tests/ezr/col/image_count_Test.php" line="14" assertions="2" time="0.015359"/>
      <testcase name="getValue_isnotnew_notfound_givescountfromdb" class="ReaxmlEzrColImage_count_Test" file="/Users/nclifton/Documents/LunaEclipse/workspace/reaxml-import/ReaXmlLibrary/tests/ezr/col/image_count_Test.php" line="31" assertions="2" time="0.015823"/>
      <testcase name="getValue_isnew_finds2images_gives2" class="ReaxmlEzrColImage_count_Test" file="/Users/nclifton/Documents/LunaEclipse/workspace/reaxml-import/ReaXmlLibrary/tests/ezr/col/image_count_Test.php" line="49" assertions="2" time="0.008848"/>
      <testcase name="getValue_isNotNew_finds2images_3inDb_gives3" class="ReaxmlEzrColImage_count_Test" file="/Users/nclifton/Documents/LunaEclipse/workspace/reaxml-import/ReaXmlLibrary/tests/ezr/col/image_count_Test.php" line="66" assertions="2" time="0.011442"/>
      <testcase name="getValue_isNotNew_finds2images_1inDb_gives2" class="ReaxmlEzrColImage_count_Test" file="/Users/nclifton/Documents/LunaEclipse/workspace/reaxml-import/ReaXmlLibrary/tests/ezr/col/image_count_Test.php" line="84" assertions="2" time="0.011873"/>
    </testsuite>
    <testsuite name="ReaxmlEzrColImage_fname_Test" file="/Users/nclifton/Documents/LunaEclipse/workspace/reaxml-import/ReaXmlLibrary/tests/ezr/col/image_fname_Test.php" tests="11" assertions="28" failures="0" errors="0" time="26.074896">
      <testcase name="getValue0_isnew_notfound_givesempty" class="ReaxmlEzrColImage_fname_Test" file="/Users/nclifton/Documents/LunaEclipse/workspace/reaxml-import/ReaXmlLibrary/tests/ezr/col/image_fname_Test.php" line="35" assertions="2" time="2.010467"/>
      <testcase name="getValue0_isnotnew_notfound_givesnull" class="ReaxmlEzrColImage_fname_Test" file="/Users/nclifton/Documents/LunaEclipse/workspace/reaxml-import/ReaXmlLibrary/tests/ezr/col/image_fname_Test.php" line="53" assertions="2" time="2.010127"/>
      <testcase name="getValue1_isnew_notfound_givesempty" class="ReaxmlEzrColImage_fname_Test" file="/Users/nclifton/Documents/LunaEclipse/workspace/reaxml-import/ReaXmlLibrary/tests/ezr/col/image_fname_Test.php" line="72" assertions="2" time="2.012396"/>
      <testcase name="getValue1_isnotnew_notfound_givesnull" class="ReaxmlEzrColImage_fname_Test" file="/Users/nclifton/Documents/LunaEclipse/workspace/reaxml-import/ReaXmlLibrary/tests/ezr/col/image_fname_Test.php" line="90" assertions="2" time="2.012241"/>
      <testcase name="getValue0_file_copiesfile_givesfilename_generatesthumb" class="ReaxmlEzrColImage_fname_Test" file="/Users/nclifton/Documents/LunaEclipse/workspace/reaxml-import/ReaXmlLibrary/tests/ezr/col/image_fname_Test.php" line="108" assertions="2" time="2.105946"/>
      <testcase name="getValue1_file_copiesfile_givesfilename_generatesthumb" class="ReaxmlEzrColImage_fname_Test" file="/Users/nclifton/Documents/LunaEclipse/workspace/reaxml-import/ReaXmlLibrary/tests/ezr/col/image_fname_Test.php" line="138" assertions="2" time="2.084392"/>
      <testcase name="getValue0_url_copiesfile_givesfilename_generatesthumb" class="ReaxmlEzrColImage_fname_Test" file="/Users/nclifton/Documents/LunaEclipse/workspace/reaxml-import/ReaXmlLibrary/tests/ezr/col/image_fname_Test.php" line="169" assertions="2" time="3.410532"/>
      <testcase name="getValue0_urlnotfound_logserror" class="ReaxmlEzrColImage_fname_Test" file="/Users/nclifton/Documents/LunaEclipse/workspace/reaxml-import/ReaXmlLibrary/tests/ezr/col/image_fname_Test.php" line="199" assertions="4" time="2.355040"/>
      <testcase name="getValue0_filenotfound_logserror" class="ReaxmlEzrColImage_fname_Test" file="/Users/nclifton/Documents/LunaEclipse/workspace/reaxml-import/ReaXmlLibrary/tests/ezr/col/image_fname_Test.php" line="230" assertions="4" time="4.026408"/>
      <testcase name="getValue0_idonly_isnew_givesempty" class="ReaxmlEzrColImage_fname_Test" file="/Users/nclifton/Documents/LunaEclipse/workspace/reaxml-import/ReaXmlLibrary/tests/ezr/col/image_fname_Test.php" line="264" assertions="2" time="2.012345"/>
      <testcase name="getValue0_idmOnly_isNotNew_looksupFilenameAndDeletesMainAndThumb_returnsEmpty" class="ReaxmlEzrColImage_fname_Test" file="/Users/nclifton/Documents/LunaEclipse/workspace/reaxml-import/ReaXmlLibrary/tests/ezr/col/image_fname_Test.php" line="281" assertions="4" time="2.035002"/>
    </testsuite>
    <testsuite name="ReaxmlEzrColImage_ordering_Test" file="/Users/nclifton/Documents/LunaEclipse/workspace/reaxml-import/ReaXmlLibrary/tests/ezr/col/image_ordering_Test.php" tests="6" assertions="10" failures="0" errors="0" time="0.042696">
      <testcase name="getValue0_isnew_notfound_gives1" class="ReaxmlEzrColImage_ordering_Test" file="/Users/nclifton/Documents/LunaEclipse/workspace/reaxml-import/ReaXmlLibrary/tests/ezr/col/image_ordering_Test.php" line="14" assertions="2" time="0.012507"/>
      <testcase name="getValue0_isnotnew_notfound_givesnull" class="ReaxmlEzrColImage_ordering_Test" file="/Users/nclifton/Documents/LunaEclipse/workspace/reaxml-import/ReaXmlLibrary/tests/ezr/col/image_ordering_Test.php" line="31" assertions="2" time="0.006949"/>
      <testcase name="getValue0_idm_gives1" class="ReaxmlEzrColImage_ordering_Test" file="/Users/nclifton/Documents/LunaEclipse/workspace/reaxml-import/ReaXmlLibrary/tests/ezr/col/image_ordering_Test.php" line="48" assertions="1" time="0.004148"/>
      <testcase name="getValue0_isnew_noidm_gives0" class="ReaxmlEzrColImage_ordering_Test" file="/Users/nclifton/Documents/LunaEclipse/workspace/reaxml-import/ReaXmlLibrary/tests/ezr/col/image_ordering_Test.php" line="63" assertions="2" time="0.008550"/>
      <testcase name="getValue0_isnotnew_noidm_givesnull" class="ReaxmlEzrColImage_ordering_Test" file="/Users/nclifton/Documents/LunaEclipse/workspace/reaxml-import/ReaXmlLibrary/tests/ezr/col/image_ordering_Test.php" line="80" assertions="2" time="0.006388"/>
      <testcase name="getValue10_idj_isnew_gives1" class="ReaxmlEzrColImage_ordering_Test" file="/Users/nclifton/Documents/LunaEclipse/workspace/reaxml-import/ReaXmlLibrary/tests/ezr/col/image_ordering_Test.php" line="98" assertions="1" time="0.004154"/>
    </testsuite>
    <testsuite name="ReaxmlEzrColIndoorfeatures_Test" file="/Users/nclifton/Documents/LunaEclipse/workspace/reaxml-import/ReaXmlLibrary/tests/ezr/col/indoorfeatures_Test.php" tests="16" assertions="32" failures="0" errors="0" time="0.151443">
      <testcase name="getValue_allyes_isall" class="ReaxmlEzrColIndoorfeatures_Test" file="/Users/nclifton/Documents/LunaEclipse/workspace/reaxml-import/ReaXmlLibrary/tests/ezr/col/indoorfeatures_Test.php" line="13" assertions="2" time="0.009317"/>
      <testcase name="getValue_hotwaterservicetypesolar_issolarHotWater" class="ReaxmlEzrColIndoorfeatures_Test" file="/Users/nclifton/Documents/LunaEclipse/workspace/reaxml-import/ReaXmlLibrary/tests/ezr/col/indoorfeatures_Test.php" line="49" assertions="2" time="0.008897"/>
      <testcase name="getValue_solarhotwateryes_issolarHotWater" class="ReaxmlEzrColIndoorfeatures_Test" file="/Users/nclifton/Documents/LunaEclipse/workspace/reaxml-import/ReaXmlLibrary/tests/ezr/col/indoorfeatures_Test.php" line="67" assertions="2" time="0.008318"/>
      <testcase name="getValue_hotwaterservicetypeelectric_iselectricHotWater" class="ReaxmlEzrColIndoorfeatures_Test" file="/Users/nclifton/Documents/LunaEclipse/workspace/reaxml-import/ReaXmlLibrary/tests/ezr/col/indoorfeatures_Test.php" line="86" assertions="2" time="0.008592"/>
      <testcase name="getValue_hotwaterservicetypegas_isGasHotWater" class="ReaxmlEzrColIndoorfeatures_Test" file="/Users/nclifton/Documents/LunaEclipse/workspace/reaxml-import/ReaXmlLibrary/tests/ezr/col/indoorfeatures_Test.php" line="104" assertions="2" time="0.007417"/>
      <testcase name="getValue_heatingtypeother_isHeating" class="ReaxmlEzrColIndoorfeatures_Test" file="/Users/nclifton/Documents/LunaEclipse/workspace/reaxml-import/ReaXmlLibrary/tests/ezr/col/indoorfeatures_Test.php" line="122" assertions="2" time="0.007556"/>
      <testcase name="getValue_heatingtypesolid_isSolidFuelHeating" class="ReaxmlEzrColIndoorfeatures_Test" file="/Users/nclifton/Documents/LunaEclipse/workspace/reaxml-import/ReaXmlLibrary/tests/ezr/col/indoorfeatures_Test.php" line="139" assertions="2" time="0.008195"/>
      <testcase name="getValue_heatingtypeGDH_isGasDuctedHeating" class="ReaxmlEzrColIndoorfeatures_Test" file="/Users/nclifton/Documents/LunaEclipse/workspace/reaxml-import/ReaXmlLibrary/tests/ezr/col/indoorfeatures_Test.php" line="156" assertions="2" time="0.009987"/>
      <testcase name="getValue_heatingtypeelectric_iselectricheating" class="ReaxmlEzrColIndoorfeatures_Test" file="/Users/nclifton/Documents/LunaEclipse/workspace/reaxml-import/ReaXmlLibrary/tests/ezr/col/indoorfeatures_Test.php" line="173" assertions="2" time="0.008242"/>
      <testcase name="getValue_airconditioningno_isnew_isempty" class="ReaxmlEzrColIndoorfeatures_Test" file="/Users/nclifton/Documents/LunaEclipse/workspace/reaxml-import/ReaXmlLibrary/tests/ezr/col/indoorfeatures_Test.php" line="191" assertions="2" time="0.008067"/>
      <testcase name="getValue_airconditioningno_isnotnew_isempty" class="ReaxmlEzrColIndoorfeatures_Test" file="/Users/nclifton/Documents/LunaEclipse/workspace/reaxml-import/ReaXmlLibrary/tests/ezr/col/indoorfeatures_Test.php" line="208" assertions="2" time="0.012489"/>
      <testcase name="getValue_noindoorfeatures_isnew_isempty" class="ReaxmlEzrColIndoorfeatures_Test" file="/Users/nclifton/Documents/LunaEclipse/workspace/reaxml-import/ReaXmlLibrary/tests/ezr/col/indoorfeatures_Test.php" line="227" assertions="2" time="0.007522"/>
      <testcase name="getValue_isnotnew_noindoorfeatures_hasnoexistingindoorfeatures_isnull" class="ReaxmlEzrColIndoorfeatures_Test" file="/Users/nclifton/Documents/LunaEclipse/workspace/reaxml-import/ReaXmlLibrary/tests/ezr/col/indoorfeatures_Test.php" line="244" assertions="2" time="0.012183"/>
      <testcase name="getValue_isnotnew_noindoorfeatures_hasexistingindoorfeaturesCarpets_isnull" class="ReaxmlEzrColIndoorfeatures_Test" file="/Users/nclifton/Documents/LunaEclipse/workspace/reaxml-import/ReaXmlLibrary/tests/ezr/col/indoorfeatures_Test.php" line="262" assertions="2" time="0.011046"/>
      <testcase name="getValue_isnotnew_vacuumsystemyes_hasexistingindoorfeaturescarpets_isnull" class="ReaxmlEzrColIndoorfeatures_Test" file="/Users/nclifton/Documents/LunaEclipse/workspace/reaxml-import/ReaXmlLibrary/tests/ezr/col/indoorfeatures_Test.php" line="280" assertions="2" time="0.011652"/>
      <testcase name="getValue_isnotnew_vacuumsystemno_hasexistingindoorfeaturescarpetsvacuumsystem_iscarpetsonly" class="ReaxmlEzrColIndoorfeatures_Test" file="/Users/nclifton/Documents/LunaEclipse/workspace/reaxml-import/ReaXmlLibrary/tests/ezr/col/indoorfeatures_Test.php" line="298" assertions="2" time="0.011962"/>
    </testsuite>
    <testsuite name="ReaxmlEzrColKitchenpresent_Test" file="/Users/nclifton/Documents/LunaEclipse/workspace/reaxml-import/ReaXmlLibrary/tests/ezr/col/kitchenpresent_Test.php" tests="2" assertions="4" failures="0" errors="0" time="0.015210">
      <testcase name="getValue_isnew_isempty" class="ReaxmlEzrColKitchenpresent_Test" file="/Users/nclifton/Documents/LunaEclipse/workspace/reaxml-import/ReaXmlLibrary/tests/ezr/col/kitchenpresent_Test.php" line="13" assertions="2" time="0.007482"/>
      <testcase name="getValue_isnotnew_isnull" class="ReaxmlEzrColKitchenpresent_Test" file="/Users/nclifton/Documents/LunaEclipse/workspace/reaxml-import/ReaXmlLibrary/tests/ezr/col/kitchenpresent_Test.php" line="30" assertions="2" time="0.007728"/>
    </testsuite>
    <testsuite name="ReaxmlEzrColLandareasqft_Test" file="/Users/nclifton/Documents/LunaEclipse/workspace/reaxml-import/ReaXmlLibrary/tests/ezr/col/landareasqft_Test.php" tests="6" assertions="8" failures="0" errors="0" time="0.038197">
      <testcase name="getValue_squaremeters" class="ReaxmlEzrColLandareasqft_Test" file="/Users/nclifton/Documents/LunaEclipse/workspace/reaxml-import/ReaXmlLibrary/tests/ezr/col/landareasqft_Test.php" line="14" assertions="1" time="0.005064"/>
      <testcase name="getValue_square" class="ReaxmlEzrColLandareasqft_Test" file="/Users/nclifton/Documents/LunaEclipse/workspace/reaxml-import/ReaXmlLibrary/tests/ezr/col/landareasqft_Test.php" line="29" assertions="1" time="0.005184"/>
      <testcase name="getValue_hectare" class="ReaxmlEzrColLandareasqft_Test" file="/Users/nclifton/Documents/LunaEclipse/workspace/reaxml-import/ReaXmlLibrary/tests/ezr/col/landareasqft_Test.php" line="44" assertions="1" time="0.006013"/>
      <testcase name="getValue_acre" class="ReaxmlEzrColLandareasqft_Test" file="/Users/nclifton/Documents/LunaEclipse/workspace/reaxml-import/ReaXmlLibrary/tests/ezr/col/landareasqft_Test.php" line="59" assertions="1" time="0.006354"/>
      <testcase name="getValue_notfound_isNew" class="ReaxmlEzrColLandareasqft_Test" file="/Users/nclifton/Documents/LunaEclipse/workspace/reaxml-import/ReaXmlLibrary/tests/ezr/col/landareasqft_Test.php" line="75" assertions="2" time="0.008051"/>
      <testcase name="getValue_notfound_isNotNew" class="ReaxmlEzrColLandareasqft_Test" file="/Users/nclifton/Documents/LunaEclipse/workspace/reaxml-import/ReaXmlLibrary/tests/ezr/col/landareasqft_Test.php" line="93" assertions="2" time="0.007531"/>
    </testsuite>
    <testsuite name="ReaxmlEzrColLandtype_Test" file="/Users/nclifton/Documents/LunaEclipse/workspace/reaxml-import/ReaXmlLibrary/tests/ezr/col/landtype_Test.php" tests="2" assertions="4" failures="0" errors="0" time="0.017584">
      <testcase name="getValue_isNew" class="ReaxmlEzrColLandtype_Test" file="/Users/nclifton/Documents/LunaEclipse/workspace/reaxml-import/ReaXmlLibrary/tests/ezr/col/landtype_Test.php" line="12" assertions="2" time="0.009055"/>
      <testcase name="getValue_isNotNew" class="ReaxmlEzrColLandtype_Test" file="/Users/nclifton/Documents/LunaEclipse/workspace/reaxml-import/ReaXmlLibrary/tests/ezr/col/landtype_Test.php" line="29" assertions="2" time="0.008529"/>
    </testsuite>
    <testsuite name="ReaxmlEzrColLanguage_Test" file="/Users/nclifton/Documents/LunaEclipse/workspace/reaxml-import/ReaXmlLibrary/tests/ezr/col/language_Test.php" tests="2" assertions="4" failures="0" errors="0" time="0.016824">
      <testcase name="getValue_isNew" class="ReaxmlEzrColLanguage_Test" file="/Users/nclifton/Documents/LunaEclipse/workspace/reaxml-import/ReaXmlLibrary/tests/ezr/col/language_Test.php" line="13" assertions="2" time="0.009842"/>
      <testcase name="getValue_isNotNew" class="ReaxmlEzrColLanguage_Test" file="/Users/nclifton/Documents/LunaEclipse/workspace/reaxml-import/ReaXmlLibrary/tests/ezr/col/language_Test.php" line="30" assertions="2" time="0.006982"/>
    </testsuite>
    <testsuite name="ReaxmlEzrColLaundryroompresent_Test" file="/Users/nclifton/Documents/LunaEclipse/workspace/reaxml-import/ReaXmlLibrary/tests/ezr/col/laundryroompresent_Test.php" tests="2" assertions="4" failures="0" errors="0" time="0.015793">
      <testcase name="getValue_isnew_isempty" class="ReaxmlEzrColLaundryroompresent_Test" file="/Users/nclifton/Documents/LunaEclipse/workspace/reaxml-import/ReaXmlLibrary/tests/ezr/col/laundryroompresent_Test.php" line="13" assertions="2" time="0.007606"/>
      <testcase name="getValue_isnotnew_isnull" class="ReaxmlEzrColLaundryroompresent_Test" file="/Users/nclifton/Documents/LunaEclipse/workspace/reaxml-import/ReaXmlLibrary/tests/ezr/col/laundryroompresent_Test.php" line="30" assertions="2" time="0.008187"/>
    </testsuite>
    <testsuite name="ReaxmlEzrColListdate_Test" file="/Users/nclifton/Documents/LunaEclipse/workspace/reaxml-import/ReaXmlLibrary/tests/ezr/col/listdate_Test.php" tests="2" assertions="4" failures="0" errors="0" time="0.023313">
      <testcase name="getValue_found_isnew_givesdatefromxml" class="ReaxmlEzrColListdate_Test" file="/Users/nclifton/Documents/LunaEclipse/workspace/reaxml-import/ReaXmlLibrary/tests/ezr/col/listdate_Test.php" line="13" assertions="2" time="0.014520"/>
      <testcase name="getValue_notfound_givescurrentdate" class="ReaxmlEzrColListdate_Test" file="/Users/nclifton/Documents/LunaEclipse/workspace/reaxml-import/ReaXmlLibrary/tests/ezr/col/listdate_Test.php" line="30" assertions="2" time="0.008793"/>
    </testsuite>
    <testsuite name="ReaxmlEzrColLivingarea_Test" file="/Users/nclifton/Documents/LunaEclipse/workspace/reaxml-import/ReaXmlLibrary/tests/ezr/col/livingarea_Test.php" tests="3" assertions="5" failures="0" errors="0" time="0.024358">
      <testcase name="getValue" class="ReaxmlEzrColLivingarea_Test" file="/Users/nclifton/Documents/LunaEclipse/workspace/reaxml-import/ReaXmlLibrary/tests/ezr/col/livingarea_Test.php" line="14" assertions="1" time="0.006003"/>
      <testcase name="getValue_notfound_isNew" class="ReaxmlEzrColLivingarea_Test" file="/Users/nclifton/Documents/LunaEclipse/workspace/reaxml-import/ReaXmlLibrary/tests/ezr/col/livingarea_Test.php" line="29" assertions="2" time="0.009818"/>
      <testcase name="getValue_notfound_isNotNew" class="ReaxmlEzrColLivingarea_Test" file="/Users/nclifton/Documents/LunaEclipse/workspace/reaxml-import/ReaXmlLibrary/tests/ezr/col/livingarea_Test.php" line="47" assertions="2" time="0.008537"/>
    </testsuite>
    <testsuite name="ReaxmlEzrColLivingroompresent_Test" file="/Users/nclifton/Documents/LunaEclipse/workspace/reaxml-import/ReaXmlLibrary/tests/ezr/col/livingroompresent_Test.php" tests="2" assertions="4" failures="0" errors="0" time="0.019594">
      <testcase name="getValue_isnew_isempty" class="ReaxmlEzrColLivingroompresent_Test" file="/Users/nclifton/Documents/LunaEclipse/workspace/reaxml-import/ReaXmlLibrary/tests/ezr/col/livingroompresent_Test.php" line="13" assertions="2" time="0.010128"/>
      <testcase name="getValue_isnotnew_isnull" class="ReaxmlEzrColLivingroompresent_Test" file="/Users/nclifton/Documents/LunaEclipse/workspace/reaxml-import/ReaXmlLibrary/tests/ezr/col/livingroompresent_Test.php" line="30" assertions="2" time="0.009466"/>
    </testsuite>
    <testsuite name="ReaxmlEzrColLocidTest" file="/Users/nclifton/Documents/LunaEclipse/workspace/reaxml-import/ReaXmlLibrary/tests/ezr/col/locid_Test.php" tests="4" assertions="10" failures="0" errors="0" time="0.034218">
      <testcase name="getValue_notfoundinxml_isNew" class="ReaxmlEzrColLocidTest" file="/Users/nclifton/Documents/LunaEclipse/workspace/reaxml-import/ReaXmlLibrary/tests/ezr/col/locid_Test.php" line="15" assertions="3" time="0.008620"/>
      <testcase name="getValue_notfoundinxml_isNotNew" class="ReaxmlEzrColLocidTest" file="/Users/nclifton/Documents/LunaEclipse/workspace/reaxml-import/ReaXmlLibrary/tests/ezr/col/locid_Test.php" line="29" assertions="2" time="0.008367"/>
      <testcase name="getValue_notfoundindb" class="ReaxmlEzrColLocidTest" file="/Users/nclifton/Documents/LunaEclipse/workspace/reaxml-import/ReaXmlLibrary/tests/ezr/col/locid_Test.php" line="50" assertions="3" time="0.009433"/>
      <testcase name="getValue" class="ReaxmlEzrColLocidTest" file="/Users/nclifton/Documents/LunaEclipse/workspace/reaxml-import/ReaXmlLibrary/tests/ezr/col/locid_Test.php" line="64" assertions="2" time="0.007798"/>
    </testsuite>
    <testsuite name="ReaxmlEzrColLot_num_Test" file="/Users/nclifton/Documents/LunaEclipse/workspace/reaxml-import/ReaXmlLibrary/tests/ezr/col/lot_num_Test.php" tests="3" assertions="5" failures="0" errors="0" time="0.022061">
      <testcase name="getValue" class="ReaxmlEzrColLot_num_Test" file="/Users/nclifton/Documents/LunaEclipse/workspace/reaxml-import/ReaXmlLibrary/tests/ezr/col/lot_num_Test.php" line="13" assertions="1" time="0.005185"/>
      <testcase name="getValue_notfound_isNew" class="ReaxmlEzrColLot_num_Test" file="/Users/nclifton/Documents/LunaEclipse/workspace/reaxml-import/ReaXmlLibrary/tests/ezr/col/lot_num_Test.php" line="28" assertions="2" time="0.009079"/>
      <testcase name="getValue_notfound_isNotNew" class="ReaxmlEzrColLot_num_Test" file="/Users/nclifton/Documents/LunaEclipse/workspace/reaxml-import/ReaXmlLibrary/tests/ezr/col/lot_num_Test.php" line="45" assertions="2" time="0.007797"/>
    </testsuite>
    <testsuite name="ReaxmlEzrColLotdimensions_Test" file="/Users/nclifton/Documents/LunaEclipse/workspace/reaxml-import/ReaXmlLibrary/tests/ezr/col/lotdimensions_Test.php" tests="2" assertions="4" failures="0" errors="0" time="0.016036">
      <testcase name="getValue_isNew" class="ReaxmlEzrColLotdimensions_Test" file="/Users/nclifton/Documents/LunaEclipse/workspace/reaxml-import/ReaXmlLibrary/tests/ezr/col/lotdimensions_Test.php" line="12" assertions="2" time="0.008315"/>
      <testcase name="getValue_isNotNew" class="ReaxmlEzrColLotdimensions_Test" file="/Users/nclifton/Documents/LunaEclipse/workspace/reaxml-import/ReaXmlLibrary/tests/ezr/col/lotdimensions_Test.php" line="29" assertions="2" time="0.007721"/>
    </testsuite>
    <testsuite name="ReaxmlEzrColMediaurl_Test" file="/Users/nclifton/Documents/LunaEclipse/workspace/reaxml-import/ReaXmlLibrary/tests/ezr/col/mediaurl_Test.php" tests="3" assertions="5" failures="0" errors="0" time="0.020865">
      <testcase name="getValue_isnew_notfound_givesempty" class="ReaxmlEzrColMediaurl_Test" file="/Users/nclifton/Documents/LunaEclipse/workspace/reaxml-import/ReaXmlLibrary/tests/ezr/col/mediaurl_Test.php" line="14" assertions="2" time="0.008663"/>
      <testcase name="getValue_isnotnew_notfound_givesnull" class="ReaxmlEzrColMediaurl_Test" file="/Users/nclifton/Documents/LunaEclipse/workspace/reaxml-import/ReaXmlLibrary/tests/ezr/col/mediaurl_Test.php" line="31" assertions="2" time="0.006973"/>
      <testcase name="getValue_containshref_givesvalue" class="ReaxmlEzrColMediaurl_Test" file="/Users/nclifton/Documents/LunaEclipse/workspace/reaxml-import/ReaXmlLibrary/tests/ezr/col/mediaurl_Test.php" line="49" assertions="1" time="0.005229"/>
    </testsuite>
    <testsuite name="ReaxmlEzrColMetadesc_Test" file="/Users/nclifton/Documents/LunaEclipse/workspace/reaxml-import/ReaXmlLibrary/tests/ezr/col/metadesc_Test.php" tests="3" assertions="5" failures="0" errors="0" time="0.020123">
      <testcase name="getValue" class="ReaxmlEzrColMetadesc_Test" file="/Users/nclifton/Documents/LunaEclipse/workspace/reaxml-import/ReaXmlLibrary/tests/ezr/col/metadesc_Test.php" line="13" assertions="1" time="0.004963"/>
      <testcase name="getValue_notfound_isnew_isempty" class="ReaxmlEzrColMetadesc_Test" file="/Users/nclifton/Documents/LunaEclipse/workspace/reaxml-import/ReaXmlLibrary/tests/ezr/col/metadesc_Test.php" line="30" assertions="2" time="0.008385"/>
      <testcase name="getValue_notfound_isnotnew_isnull" class="ReaxmlEzrColMetadesc_Test" file="/Users/nclifton/Documents/LunaEclipse/workspace/reaxml-import/ReaXmlLibrary/tests/ezr/col/metadesc_Test.php" line="47" assertions="2" time="0.006775"/>
    </testsuite>
    <testsuite name="ReaxmlEzrColMetakey_Test" file="/Users/nclifton/Documents/LunaEclipse/workspace/reaxml-import/ReaXmlLibrary/tests/ezr/col/metakey_Test.php" tests="2" assertions="4" failures="0" errors="0" time="0.015226">
      <testcase name="getValue_notfound_isnew_isempty" class="ReaxmlEzrColMetakey_Test" file="/Users/nclifton/Documents/LunaEclipse/workspace/reaxml-import/ReaXmlLibrary/tests/ezr/col/metakey_Test.php" line="14" assertions="2" time="0.008092"/>
      <testcase name="getValue_notfound_isnotnew_isnull" class="ReaxmlEzrColMetakey_Test" file="/Users/nclifton/Documents/LunaEclipse/workspace/reaxml-import/ReaXmlLibrary/tests/ezr/col/metakey_Test.php" line="31" assertions="2" time="0.007134"/>
    </testsuite>
    <testsuite name="ReaxmlEzrColMls_agent_Test" file="/Users/nclifton/Documents/LunaEclipse/workspace/reaxml-import/ReaXmlLibrary/tests/ezr/col/mls_agent_Test.php" tests="3" assertions="5" failures="0" errors="0" time="0.019511">
      <testcase name="getValue_notfound_isnew_givesempty" class="ReaxmlEzrColMls_agent_Test" file="/Users/nclifton/Documents/LunaEclipse/workspace/reaxml-import/ReaXmlLibrary/tests/ezr/col/mls_agent_Test.php" line="13" assertions="2" time="0.008206"/>
      <testcase name="getValue_notfound_isnotnew_givesnull" class="ReaxmlEzrColMls_agent_Test" file="/Users/nclifton/Documents/LunaEclipse/workspace/reaxml-import/ReaXmlLibrary/tests/ezr/col/mls_agent_Test.php" line="31" assertions="2" time="0.006794"/>
      <testcase name="getValue" class="ReaxmlEzrColMls_agent_Test" file="/Users/nclifton/Documents/LunaEclipse/workspace/reaxml-import/ReaXmlLibrary/tests/ezr/col/mls_agent_Test.php" line="49" assertions="1" time="0.004511"/>
    </testsuite>
    <testsuite name="ReaxmlEzrColMls_id_Test" file="/Users/nclifton/Documents/LunaEclipse/workspace/reaxml-import/ReaXmlLibrary/tests/ezr/col/mls_id_Test.php" tests="2" assertions="3" failures="0" errors="0" time="0.009984">
      <testcase name="getValue_notfoundinxml" class="ReaxmlEzrColMls_id_Test" file="/Users/nclifton/Documents/LunaEclipse/workspace/reaxml-import/ReaXmlLibrary/tests/ezr/col/mls_id_Test.php" line="15" assertions="2" time="0.005363"/>
      <testcase name="getValue" class="ReaxmlEzrColMls_id_Test" file="/Users/nclifton/Documents/LunaEclipse/workspace/reaxml-import/ReaXmlLibrary/tests/ezr/col/mls_id_Test.php" line="27" assertions="1" time="0.004621"/>
    </testsuite>
    <testsuite name="ReaxmlEzrColOffice_id_Test" file="/Users/nclifton/Documents/LunaEclipse/workspace/reaxml-import/ReaXmlLibrary/tests/ezr/col/office_id_Test.php" tests="2" assertions="4" failures="0" errors="0" time="0.014860">
      <testcase name="getValue_isnew_givesempty" class="ReaxmlEzrColOffice_id_Test" file="/Users/nclifton/Documents/LunaEclipse/workspace/reaxml-import/ReaXmlLibrary/tests/ezr/col/office_id_Test.php" line="13" assertions="2" time="0.008130"/>
      <testcase name="getValue_isnotnew_givesnull" class="ReaxmlEzrColOffice_id_Test" file="/Users/nclifton/Documents/LunaEclipse/workspace/reaxml-import/ReaXmlLibrary/tests/ezr/col/office_id_Test.php" line="30" assertions="2" time="0.006730"/>
    </testsuite>
    <testsuite name="ReaxmlEzrColOffpeak_Test" file="/Users/nclifton/Documents/LunaEclipse/workspace/reaxml-import/ReaXmlLibrary/tests/ezr/col/offpeak_Test.php" tests="2" assertions="4" failures="0" errors="0" time="0.014553">
      <testcase name="getValue_isNew_is0" class="ReaxmlEzrColOffpeak_Test" file="/Users/nclifton/Documents/LunaEclipse/workspace/reaxml-import/ReaXmlLibrary/tests/ezr/col/offpeak_Test.php" line="15" assertions="2" time="0.007909"/>
      <testcase name="getValue_isNotNew_isnull" class="ReaxmlEzrColOffpeak_Test" file="/Users/nclifton/Documents/LunaEclipse/workspace/reaxml-import/ReaXmlLibrary/tests/ezr/col/offpeak_Test.php" line="33" assertions="2" time="0.006644"/>
    </testsuite>
    <testsuite name="ReaxmlEzrColOhdate2_Test" file="/Users/nclifton/Documents/LunaEclipse/workspace/reaxml-import/ReaXmlLibrary/tests/ezr/col/ohdate2_Test.php" tests="3" assertions="3" failures="0" errors="0" time="0.011554">
      <testcase name="getValue_found_gives_time" class="ReaxmlEzrColOhdate2_Test" file="/Users/nclifton/Documents/LunaEclipse/workspace/reaxml-import/ReaXmlLibrary/tests/ezr/col/ohdate2_Test.php" line="13" assertions="1" time="0.004798"/>
      <testcase name="getValue_empty_givesnull" class="ReaxmlEzrColOhdate2_Test" file="/Users/nclifton/Documents/LunaEclipse/workspace/reaxml-import/ReaXmlLibrary/tests/ezr/col/ohdate2_Test.php" line="28" assertions="1" time="0.003406"/>
      <testcase name="getValue_notfound_givesnull" class="ReaxmlEzrColOhdate2_Test" file="/Users/nclifton/Documents/LunaEclipse/workspace/reaxml-import/ReaXmlLibrary/tests/ezr/col/ohdate2_Test.php" line="42" assertions="1" time="0.003350"/>
    </testsuite>
    <testsuite name="ReaxmlEzrColOhdate_Test" file="/Users/nclifton/Documents/LunaEclipse/workspace/reaxml-import/ReaXmlLibrary/tests/ezr/col/ohdate_Test.php" tests="4" assertions="4" failures="0" errors="0" time="0.015728">
      <testcase name="getValue_found_gives_date" class="ReaxmlEzrColOhdate_Test" file="/Users/nclifton/Documents/LunaEclipse/workspace/reaxml-import/ReaXmlLibrary/tests/ezr/col/ohdate_Test.php" line="13" assertions="1" time="0.004621"/>
      <testcase name="getValue_empty_givesnull" class="ReaxmlEzrColOhdate_Test" file="/Users/nclifton/Documents/LunaEclipse/workspace/reaxml-import/ReaXmlLibrary/tests/ezr/col/ohdate_Test.php" line="28" assertions="1" time="0.003508"/>
      <testcase name="getValue_2empty_givesnull" class="ReaxmlEzrColOhdate_Test" file="/Users/nclifton/Documents/LunaEclipse/workspace/reaxml-import/ReaXmlLibrary/tests/ezr/col/ohdate_Test.php" line="42" assertions="1" time="0.004000"/>
      <testcase name="getValue_notfound_givesnull" class="ReaxmlEzrColOhdate_Test" file="/Users/nclifton/Documents/LunaEclipse/workspace/reaxml-import/ReaXmlLibrary/tests/ezr/col/ohdate_Test.php" line="56" assertions="1" time="0.003599"/>
    </testsuite>
    <testsuite name="ReaxmlEzrColOhendtime2_Test" file="/Users/nclifton/Documents/LunaEclipse/workspace/reaxml-import/ReaXmlLibrary/tests/ezr/col/ohendtime2_Test.php" tests="3" assertions="3" failures="0" errors="0" time="0.012711">
      <testcase name="getValue_found_gives_time" class="ReaxmlEzrColOhendtime2_Test" file="/Users/nclifton/Documents/LunaEclipse/workspace/reaxml-import/ReaXmlLibrary/tests/ezr/col/ohendtime2_Test.php" line="13" assertions="1" time="0.004809"/>
      <testcase name="getValue_empty_givesnull" class="ReaxmlEzrColOhendtime2_Test" file="/Users/nclifton/Documents/LunaEclipse/workspace/reaxml-import/ReaXmlLibrary/tests/ezr/col/ohendtime2_Test.php" line="28" assertions="1" time="0.003761"/>
      <testcase name="getValue_notfound_givesnull" class="ReaxmlEzrColOhendtime2_Test" file="/Users/nclifton/Documents/LunaEclipse/workspace/reaxml-import/ReaXmlLibrary/tests/ezr/col/ohendtime2_Test.php" line="42" assertions="1" time="0.004141"/>
    </testsuite>
    <testsuite name="ReaxmlEzrColOhendtime_Test" file="/Users/nclifton/Documents/LunaEclipse/workspace/reaxml-import/ReaXmlLibrary/tests/ezr/col/ohendtime_Test.php" tests="3" assertions="3" failures="0" errors="0" time="0.014392">
      <testcase name="getValue_found_gives_time" class="ReaxmlEzrColOhendtime_Test" file="/Users/nclifton/Documents/LunaEclipse/workspace/reaxml-import/ReaXmlLibrary/tests/ezr/col/ohendtime_Test.php" line="13" assertions="1" time="0.006610"/>
      <testcase name="getValue_empty_givesnull" class="ReaxmlEzrColOhendtime_Test" file="/Users/nclifton/Documents/LunaEclipse/workspace/reaxml-import/ReaXmlLibrary/tests/ezr/col/ohendtime_Test.php" line="28" assertions="1" time="0.003943"/>
      <testcase name="getValue_notfound_givesnull" class="ReaxmlEzrColOhendtime_Test" file="/Users/nclifton/Documents/LunaEclipse/workspace/reaxml-import/ReaXmlLibrary/tests/ezr/col/ohendtime_Test.php" line="42" assertions="1" time="0.003839"/>
    </testsuite>
    <testsuite name="ReaxmlEzrColOhouse_desc_Test" file="/Users/nclifton/Documents/LunaEclipse/workspace/reaxml-import/ReaXmlLibrary/tests/ezr/col/ohouse_desc_Test.php" tests="2" assertions="4" failures="0" errors="0" time="0.014729">
      <testcase name="getValue_isnotnew_isNull" class="ReaxmlEzrColOhouse_desc_Test" file="/Users/nclifton/Documents/LunaEclipse/workspace/reaxml-import/ReaXmlLibrary/tests/ezr/col/ohouse_desc_Test.php" line="12" assertions="2" time="0.007285"/>
      <testcase name="getValue_isnew_isempty" class="ReaxmlEzrColOhouse_desc_Test" file="/Users/nclifton/Documents/LunaEclipse/workspace/reaxml-import/ReaXmlLibrary/tests/ezr/col/ohouse_desc_Test.php" line="29" assertions="2" time="0.007444"/>
    </testsuite>
    <testsuite name="ReaxmlEzrColOhstarttime2_Test" file="/Users/nclifton/Documents/LunaEclipse/workspace/reaxml-import/ReaXmlLibrary/tests/ezr/col/ohstarttime2_Test.php" tests="3" assertions="3" failures="0" errors="0" time="0.014430">
      <testcase name="getValue_found_gives_time" class="ReaxmlEzrColOhstarttime2_Test" file="/Users/nclifton/Documents/LunaEclipse/workspace/reaxml-import/ReaXmlLibrary/tests/ezr/col/ohstarttime2_Test.php" line="13" assertions="1" time="0.005185"/>
      <testcase name="getValue_notfound_givesnull" class="ReaxmlEzrColOhstarttime2_Test" file="/Users/nclifton/Documents/LunaEclipse/workspace/reaxml-import/ReaXmlLibrary/tests/ezr/col/ohstarttime2_Test.php" line="28" assertions="1" time="0.005504"/>
      <testcase name="getValue_empty_givesnull" class="ReaxmlEzrColOhstarttime2_Test" file="/Users/nclifton/Documents/LunaEclipse/workspace/reaxml-import/ReaXmlLibrary/tests/ezr/col/ohstarttime2_Test.php" line="43" assertions="1" time="0.003741"/>
    </testsuite>
    <testsuite name="ReaxmlEzrColOhstarttime_Test" file="/Users/nclifton/Documents/LunaEclipse/workspace/reaxml-import/ReaXmlLibrary/tests/ezr/col/ohstarttime_Test.php" tests="3" assertions="3" failures="0" errors="0" time="0.011815">
      <testcase name="getValue_found_gives_time" class="ReaxmlEzrColOhstarttime_Test" file="/Users/nclifton/Documents/LunaEclipse/workspace/reaxml-import/ReaXmlLibrary/tests/ezr/col/ohstarttime_Test.php" line="13" assertions="1" time="0.004872"/>
      <testcase name="getValue_notfound_givesnull" class="ReaxmlEzrColOhstarttime_Test" file="/Users/nclifton/Documents/LunaEclipse/workspace/reaxml-import/ReaXmlLibrary/tests/ezr/col/ohstarttime_Test.php" line="28" assertions="1" time="0.003387"/>
      <testcase name="getValue_empty_givesnull" class="ReaxmlEzrColOhstarttime_Test" file="/Users/nclifton/Documents/LunaEclipse/workspace/reaxml-import/ReaXmlLibrary/tests/ezr/col/ohstarttime_Test.php" line="43" assertions="1" time="0.003556"/>
    </testsuite>
    <testsuite name="ReaxmlEzrColOpenhouse_Test" file="/Users/nclifton/Documents/LunaEclipse/workspace/reaxml-import/ReaXmlLibrary/tests/ezr/col/openhouse_Test.php" tests="5" assertions="7" failures="0" errors="0" time="0.024164">
      <testcase name="getValue_found_gives_true" class="ReaxmlEzrColOpenhouse_Test" file="/Users/nclifton/Documents/LunaEclipse/workspace/reaxml-import/ReaXmlLibrary/tests/ezr/col/openhouse_Test.php" line="13" assertions="1" time="0.004155"/>
[...]
      <testcase name="getValue_land_authorityexclusive_isforsale" class="ReaxmlEzrColType_land_Test" file="/Users/nclifton/Documents/LunaEclipse/workspace/reaxml-import/ReaXmlLibrary/tests/ezr/col/type_land_Test.php" line="26" assertions="1" time="0.004831"/>
      <testcase name="getValue_land_authoritymultilist_isforsale" class="ReaxmlEzrColType_land_Test" file="/Users/nclifton/Documents/LunaEclipse/workspace/reaxml-import/ReaXmlLibrary/tests/ezr/col/type_land_Test.php" line="40" assertions="1" time="0.004588"/>
      <testcase name="getValue_land_authorityconjunctional_isforsale" class="ReaxmlEzrColType_land_Test" file="/Users/nclifton/Documents/LunaEclipse/workspace/reaxml-import/ReaXmlLibrary/tests/ezr/col/type_land_Test.php" line="54" assertions="1" time="0.004585"/>
      <testcase name="getValue_land_authorityopen_isforsale" class="ReaxmlEzrColType_land_Test" file="/Users/nclifton/Documents/LunaEclipse/workspace/reaxml-import/ReaXmlLibrary/tests/ezr/col/type_land_Test.php" line="68" assertions="1" time="0.004544"/>
      <testcase name="getValue_land_authoritysale_isforsale" class="ReaxmlEzrColType_land_Test" file="/Users/nclifton/Documents/LunaEclipse/workspace/reaxml-import/ReaXmlLibrary/tests/ezr/col/type_land_Test.php" line="82" assertions="1" time="0.004651"/>
      <testcase name="getValue_land_authoritysetsale_isforsale" class="ReaxmlEzrColType_land_Test" file="/Users/nclifton/Documents/LunaEclipse/workspace/reaxml-import/ReaXmlLibrary/tests/ezr/col/type_land_Test.php" line="96" assertions="1" time="0.004532"/>
    </testsuite>
    <testsuite name="ReaxmlEzrColType_residential_Test" file="/Users/nclifton/Documents/LunaEclipse/workspace/reaxml-import/ReaXmlLibrary/tests/ezr/col/type_residential_Test.php" tests="7" assertions="7" failures="0" errors="0" time="0.035941">
      <testcase name="getValue_residential_authorityauction_isauction" class="ReaxmlEzrColType_residential_Test" file="/Users/nclifton/Documents/LunaEclipse/workspace/reaxml-import/ReaXmlLibrary/tests/ezr/col/type_residential_Test.php" line="13" assertions="1" time="0.004927"/>
      <testcase name="getValue_residential_authorityexclusive_isforsale" class="ReaxmlEzrColType_residential_Test" file="/Users/nclifton/Documents/LunaEclipse/workspace/reaxml-import/ReaXmlLibrary/tests/ezr/col/type_residential_Test.php" line="29" assertions="1" time="0.005536"/>
      <testcase name="getValue_residential_authoritymultilist_isforsale" class="ReaxmlEzrColType_residential_Test" file="/Users/nclifton/Documents/LunaEclipse/workspace/reaxml-import/ReaXmlLibrary/tests/ezr/col/type_residential_Test.php" line="45" assertions="1" time="0.004680"/>
      <testcase name="getValue_residential_authorityconjunctional_isforsale" class="ReaxmlEzrColType_residential_Test" file="/Users/nclifton/Documents/LunaEclipse/workspace/reaxml-import/ReaXmlLibrary/tests/ezr/col/type_residential_Test.php" line="61" assertions="1" time="0.005363"/>
      <testcase name="getValue_residential_authorityopen_isforsale" class="ReaxmlEzrColType_residential_Test" file="/Users/nclifton/Documents/LunaEclipse/workspace/reaxml-import/ReaXmlLibrary/tests/ezr/col/type_residential_Test.php" line="76" assertions="1" time="0.005379"/>
      <testcase name="getValue_residential_authoritysale_isforsale" class="ReaxmlEzrColType_residential_Test" file="/Users/nclifton/Documents/LunaEclipse/workspace/reaxml-import/ReaXmlLibrary/tests/ezr/col/type_residential_Test.php" line="91" assertions="1" time="0.005035"/>
      <testcase name="getValue_residential_authoritysetsale_isforsale" class="ReaxmlEzrColType_residential_Test" file="/Users/nclifton/Documents/LunaEclipse/workspace/reaxml-import/ReaXmlLibrary/tests/ezr/col/type_residential_Test.php" line="106" assertions="1" time="0.005021"/>
    </testsuite>
    <testsuite name="ReaxmlEzrColUnit_num_Test" file="/Users/nclifton/Documents/LunaEclipse/workspace/reaxml-import/ReaXmlLibrary/tests/ezr/col/unit_num_Test.php" tests="3" assertions="5" failures="0" errors="0" time="0.019850">
      <testcase name="getValue" class="ReaxmlEzrColUnit_num_Test" file="/Users/nclifton/Documents/LunaEclipse/workspace/reaxml-import/ReaXmlLibrary/tests/ezr/col/unit_num_Test.php" line="12" assertions="1" time="0.005399"/>
      <testcase name="getValue_notfound_isNew" class="ReaxmlEzrColUnit_num_Test" file="/Users/nclifton/Documents/LunaEclipse/workspace/reaxml-import/ReaXmlLibrary/tests/ezr/col/unit_num_Test.php" line="27" assertions="2" time="0.007478"/>
      <testcase name="getValue_notfound_isNotNew" class="ReaxmlEzrColUnit_num_Test" file="/Users/nclifton/Documents/LunaEclipse/workspace/reaxml-import/ReaXmlLibrary/tests/ezr/col/unit_num_Test.php" line="44" assertions="2" time="0.006973"/>
    </testsuite>
    <testsuite name="ReaxmlEzrColUniversity_Test" file="/Users/nclifton/Documents/LunaEclipse/workspace/reaxml-import/ReaXmlLibrary/tests/ezr/col/university_Test.php" tests="2" assertions="4" failures="0" errors="0" time="0.015488">
      <testcase name="getValue_isnew_isempty" class="ReaxmlEzrColUniversity_Test" file="/Users/nclifton/Documents/LunaEclipse/workspace/reaxml-import/ReaXmlLibrary/tests/ezr/col/university_Test.php" line="13" assertions="2" time="0.008265"/>
      <testcase name="getValue_isnotnew_isnull" class="ReaxmlEzrColUniversity_Test" file="/Users/nclifton/Documents/LunaEclipse/workspace/reaxml-import/ReaXmlLibrary/tests/ezr/col/university_Test.php" line="30" assertions="2" time="0.007223"/>
    </testsuite>
    <testsuite name="ReaxmlEzrColUtilities_Test" file="/Users/nclifton/Documents/LunaEclipse/workspace/reaxml-import/ReaXmlLibrary/tests/ezr/col/utilities_Test.php" tests="2" assertions="4" failures="0" errors="0" time="0.020815">
      <testcase name="getValue_isNew" class="ReaxmlEzrColUtilities_Test" file="/Users/nclifton/Documents/LunaEclipse/workspace/reaxml-import/ReaXmlLibrary/tests/ezr/col/utilities_Test.php" line="12" assertions="2" time="0.013811"/>
      <testcase name="getValue_isNotNew" class="ReaxmlEzrColUtilities_Test" file="/Users/nclifton/Documents/LunaEclipse/workspace/reaxml-import/ReaXmlLibrary/tests/ezr/col/utilities_Test.php" line="29" assertions="2" time="0.007004"/>
    </testsuite>
    <testsuite name="ReaxmlEzrColViewad_Test" file="/Users/nclifton/Documents/LunaEclipse/workspace/reaxml-import/ReaXmlLibrary/tests/ezr/col/viewad_Test.php" tests="4" assertions="6" failures="0" errors="0" time="0.030221">
      <testcase name="getValue_yesspecified" class="ReaxmlEzrColViewad_Test" file="/Users/nclifton/Documents/LunaEclipse/workspace/reaxml-import/ReaXmlLibrary/tests/ezr/col/viewad_Test.php" line="13" assertions="1" time="0.004894"/>
      <testcase name="getValue_nospecified" class="ReaxmlEzrColViewad_Test" file="/Users/nclifton/Documents/LunaEclipse/workspace/reaxml-import/ReaXmlLibrary/tests/ezr/col/viewad_Test.php" line="28" assertions="1" time="0.006689"/>
      <testcase name="getValue_notfound_isNew" class="ReaxmlEzrColViewad_Test" file="/Users/nclifton/Documents/LunaEclipse/workspace/reaxml-import/ReaXmlLibrary/tests/ezr/col/viewad_Test.php" line="43" assertions="2" time="0.011032"/>
      <testcase name="getValue_notfound_isNotNew" class="ReaxmlEzrColViewad_Test" file="/Users/nclifton/Documents/LunaEclipse/workspace/reaxml-import/ReaXmlLibrary/tests/ezr/col/viewad_Test.php" line="60" assertions="2" time="0.007606"/>
    </testsuite>
    <testsuite name="ReaxmlEzrColYear_Test" file="/Users/nclifton/Documents/LunaEclipse/workspace/reaxml-import/ReaXmlLibrary/tests/ezr/col/year_Test.php" tests="2" assertions="4" failures="0" errors="0" time="0.015488">
      <testcase name="getValue_isNew" class="ReaxmlEzrColYear_Test" file="/Users/nclifton/Documents/LunaEclipse/workspace/reaxml-import/ReaXmlLibrary/tests/ezr/col/year_Test.php" line="12" assertions="2" time="0.008583"/>
      <testcase name="getValue_isNotNew" class="ReaxmlEzrColYear_Test" file="/Users/nclifton/Documents/LunaEclipse/workspace/reaxml-import/ReaXmlLibrary/tests/ezr/col/year_Test.php" line="29" assertions="2" time="0.006905"/>
    </testsuite>
    <testsuite name="ReaxmlEzrColYearremodeled_Test" file="/Users/nclifton/Documents/LunaEclipse/workspace/reaxml-import/ReaXmlLibrary/tests/ezr/col/yearremodeled_Test.php" tests="2" assertions="4" failures="0" errors="0" time="0.015332">
      <testcase name="getValue_isNew" class="ReaxmlEzrColYearremodeled_Test" file="/Users/nclifton/Documents/LunaEclipse/workspace/reaxml-import/ReaXmlLibrary/tests/ezr/col/yearremodeled_Test.php" line="12" assertions="2" time="0.008024"/>
      <testcase name="getValue_isNotNew" class="ReaxmlEzrColYearremodeled_Test" file="/Users/nclifton/Documents/LunaEclipse/workspace/reaxml-import/ReaXmlLibrary/tests/ezr/col/yearremodeled_Test.php" line="29" assertions="2" time="0.007308"/>
    </testsuite>
    <testsuite name="ReaxmlDbo_Test" file="/Users/nclifton/Documents/LunaEclipse/workspace/reaxml-import/ReaXmlLibrary/tests/ezr/dbo_Test.php" tests="4" assertions="8" failures="0" errors="0" time="92.852874">
      <testcase name="insert_usingrealrowxml_unregisteredagent_throwsexception" class="ReaxmlDbo_Test" file="/Users/nclifton/Documents/LunaEclipse/workspace/reaxml-import/ReaXmlLibrary/tests/ezr/dbo_Test.php" line="47" assertions="2" time="1.982039"/>
      <testcase name="insert_usingrealrowxml" class="ReaxmlDbo_Test" file="/Users/nclifton/Documents/LunaEclipse/workspace/reaxml-import/ReaXmlLibrary/tests/ezr/dbo_Test.php" line="64" assertions="4" time="86.861338"/>
      <testcase name="updateprice" class="ReaxmlDbo_Test" file="/Users/nclifton/Documents/LunaEclipse/workspace/reaxml-import/ReaXmlLibrary/tests/ezr/dbo_Test.php" line="114" assertions="1" time="1.862278"/>
      <testcase name="insert_images" class="ReaxmlDbo_Test" file="/Users/nclifton/Documents/LunaEclipse/workspace/reaxml-import/ReaXmlLibrary/tests/ezr/dbo_Test.php" line="137" assertions="1" time="2.147219"/>
    </testsuite>
    <testsuite name="ReaxmlDboLookup_Test" file="/Users/nclifton/Documents/LunaEclipse/workspace/reaxml-import/ReaXmlLibrary/tests/ezr/dbo_lookup_Test.php" tests="28" assertions="30" failures="0" errors="0" time="36.141865">
      <testcase name="exists_true" class="ReaxmlDboLookup_Test" file="/Users/nclifton/Documents/LunaEclipse/workspace/reaxml-import/ReaXmlLibrary/tests/ezr/dbo_lookup_Test.php" line="45" assertions="2" time="1.381713"/>
      <testcase name="exists_false" class="ReaxmlDboLookup_Test" file="/Users/nclifton/Documents/LunaEclipse/workspace/reaxml-import/ReaXmlLibrary/tests/ezr/dbo_lookup_Test.php" line="67" assertions="2" time="1.240041"/>
      <testcase name="exists_idonly_true" class="ReaxmlDboLookup_Test" file="/Users/nclifton/Documents/LunaEclipse/workspace/reaxml-import/ReaXmlLibrary/tests/ezr/dbo_lookup_Test.php" line="89" assertions="1" time="1.282405"/>
      <testcase name="exists_idonly_false" class="ReaxmlDboLookup_Test" file="/Users/nclifton/Documents/LunaEclipse/workspace/reaxml-import/ReaXmlLibrary/tests/ezr/dbo_lookup_Test.php" line="103" assertions="1" time="1.242600"/>
      <testcase name="lookupEzrAgentUidUsingAgentName_nomatch" class="ReaxmlDboLookup_Test" file="/Users/nclifton/Documents/LunaEclipse/workspace/reaxml-import/ReaXmlLibrary/tests/ezr/dbo_lookup_Test.php" line="117" assertions="1" time="1.213440"/>
      <testcase name="lookupEzrAgentUidUsingAgentName" class="ReaxmlDboLookup_Test" file="/Users/nclifton/Documents/LunaEclipse/workspace/reaxml-import/ReaXmlLibrary/tests/ezr/dbo_lookup_Test.php" line="130" assertions="1" time="1.294221"/>
      <testcase name="lookupEzrlocidUsingSuburb_nomatch" class="ReaxmlDboLookup_Test" file="/Users/nclifton/Documents/LunaEclipse/workspace/reaxml-import/ReaXmlLibrary/tests/ezr/dbo_lookup_Test.php" line="143" assertions="1" time="1.400862"/>
      <testcase name="lookupEzrLocidUsingSuburb" class="ReaxmlDboLookup_Test" file="/Users/nclifton/Documents/LunaEclipse/workspace/reaxml-import/ReaXmlLibrary/tests/ezr/dbo_lookup_Test.php" line="156" assertions="1" time="1.361520"/>
      <testcase name="lookupEzrStidUsingState_nomatch" class="ReaxmlDboLookup_Test" file="/Users/nclifton/Documents/LunaEclipse/workspace/reaxml-import/ReaXmlLibrary/tests/ezr/dbo_lookup_Test.php" line="169" assertions="1" time="1.371402"/>
      <testcase name="lookupEzrStidUsingState" class="ReaxmlDboLookup_Test" file="/Users/nclifton/Documents/LunaEclipse/workspace/reaxml-import/ReaXmlLibrary/tests/ezr/dbo_lookup_Test.php" line="182" assertions="1" time="1.221858"/>
      <testcase name="lookupEzrCnidUsingCountry_nomatch" class="ReaxmlDboLookup_Test" file="/Users/nclifton/Documents/LunaEclipse/workspace/reaxml-import/ReaXmlLibrary/tests/ezr/dbo_lookup_Test.php" line="195" assertions="1" time="1.262193"/>
      <testcase name="lookupEzrCnidUsingCountry_AU" class="ReaxmlDboLookup_Test" file="/Users/nclifton/Documents/LunaEclipse/workspace/reaxml-import/ReaXmlLibrary/tests/ezr/dbo_lookup_Test.php" line="208" assertions="1" time="1.314140"/>
      <testcase name="lookupEzrCnidUsingCountry_AUS" class="ReaxmlDboLookup_Test" file="/Users/nclifton/Documents/LunaEclipse/workspace/reaxml-import/ReaXmlLibrary/tests/ezr/dbo_lookup_Test.php" line="221" assertions="1" time="1.350394"/>
      <testcase name="lookupEzrCnidUsingCountry_AUStralia" class="ReaxmlDboLookup_Test" file="/Users/nclifton/Documents/LunaEclipse/workspace/reaxml-import/ReaXmlLibrary/tests/ezr/dbo_lookup_Test.php" line="234" assertions="1" time="1.222511"/>
      <testcase name="lookupEzrPorchpatio" class="ReaxmlDboLookup_Test" file="/Users/nclifton/Documents/LunaEclipse/workspace/reaxml-import/ReaXmlLibrary/tests/ezr/dbo_lookup_Test.php" line="248" assertions="1" time="1.196200"/>
      <testcase name="lookupEzrOtherrooms" class="ReaxmlDboLookup_Test" file="/Users/nclifton/Documents/LunaEclipse/workspace/reaxml-import/ReaXmlLibrary/tests/ezr/dbo_lookup_Test.php" line="261" assertions="1" time="1.259010"/>
      <testcase name="lookupEzrCategoryIdUsingCategoryName" class="ReaxmlDboLookup_Test" file="/Users/nclifton/Documents/LunaEclipse/workspace/reaxml-import/ReaXmlLibrary/tests/ezr/dbo_lookup_Test.php" line="274" assertions="1" time="1.342902"/>
      <testcase name="lookupEzrCategoryIdUsingCategoryName_notfound" class="ReaxmlDboLookup_Test" file="/Users/nclifton/Documents/LunaEclipse/workspace/reaxml-import/ReaXmlLibrary/tests/ezr/dbo_lookup_Test.php" line="287" assertions="1" time="1.322940"/>
      <testcase name="lookupEzrIndoorFeatures" class="ReaxmlDboLookup_Test" file="/Users/nclifton/Documents/LunaEclipse/workspace/reaxml-import/ReaXmlLibrary/tests/ezr/dbo_lookup_Test.php" line="300" assertions="1" time="1.254736"/>
      <testcase name="lookupEzrOutdoorFeatures" class="ReaxmlDboLookup_Test" file="/Users/nclifton/Documents/LunaEclipse/workspace/reaxml-import/ReaXmlLibrary/tests/ezr/dbo_lookup_Test.php" line="313" assertions="1" time="1.224277"/>
      <testcase name="lookupEzrBuildingFeatures" class="ReaxmlDboLookup_Test" file="/Users/nclifton/Documents/LunaEclipse/workspace/reaxml-import/ReaXmlLibrary/tests/ezr/dbo_lookup_Test.php" line="326" assertions="1" time="1.299726"/>
      <testcase name="lookupEzrOtherFeatures" class="ReaxmlDboLookup_Test" file="/Users/nclifton/Documents/LunaEclipse/workspace/reaxml-import/ReaXmlLibrary/tests/ezr/dbo_lookup_Test.php" line="339" assertions="1" time="1.325982"/>
      <testcase name="lookupEzrPdfinfo1" class="ReaxmlDboLookup_Test" file="/Users/nclifton/Documents/LunaEclipse/workspace/reaxml-import/ReaXmlLibrary/tests/ezr/dbo_lookup_Test.php" line="352" assertions="1" time="1.277244"/>
      <testcase name="lookupEzrPdfinfo2" class="ReaxmlDboLookup_Test" file="/Users/nclifton/Documents/LunaEclipse/workspace/reaxml-import/ReaXmlLibrary/tests/ezr/dbo_lookup_Test.php" line="365" assertions="1" time="1.320693"/>
      <testcase name="lookupEzrflpl1" class="ReaxmlDboLookup_Test" file="/Users/nclifton/Documents/LunaEclipse/workspace/reaxml-import/ReaXmlLibrary/tests/ezr/dbo_lookup_Test.php" line="378" assertions="1" time="1.285404"/>
      <testcase name="lookupEzrflpl2" class="ReaxmlDboLookup_Test" file="/Users/nclifton/Documents/LunaEclipse/workspace/reaxml-import/ReaXmlLibrary/tests/ezr/dbo_lookup_Test.php" line="391" assertions="1" time="1.288693"/>
      <testcase name="lookupEzrImageFnameUsingMls_id" class="ReaxmlDboLookup_Test" file="/Users/nclifton/Documents/LunaEclipse/workspace/reaxml-import/ReaXmlLibrary/tests/ezr/dbo_lookup_Test.php" line="405" assertions="1" time="1.280902"/>
      <testcase name="countEzrImagesUsingMls_id" class="ReaxmlDboLookup_Test" file="/Users/nclifton/Documents/LunaEclipse/workspace/reaxml-import/ReaXmlLibrary/tests/ezr/dbo_lookup_Test.php" line="418" assertions="1" time="1.303855"/>
    </testsuite>
    <testsuite name="ReaxmlDboUpdate_Test" file="/Users/nclifton/Documents/LunaEclipse/workspace/reaxml-import/ReaXmlLibrary/tests/ezr/dbo_update_Test.php" tests="1" assertions="1" failures="0" errors="0" time="2.299910">
      <testcase name="update_usingrealxml" class="ReaxmlDboUpdate_Test" file="/Users/nclifton/Documents/LunaEclipse/workspace/reaxml-import/ReaXmlLibrary/tests/ezr/dbo_update_Test.php" line="46" assertions="1" time="2.299910"/>
    </testsuite>
    <testsuite name="ReaxmlEzrImages_Test" file="/Users/nclifton/Documents/LunaEclipse/workspace/reaxml-import/ReaXmlLibrary/tests/ezr/images_Test.php" tests="3" assertions="13" failures="0" errors="0" time="0.042827">
      <testcase name="isCountable" class="ReaxmlEzrImages_Test" file="/Users/nclifton/Documents/LunaEclipse/workspace/reaxml-import/ReaXmlLibrary/tests/ezr/images_Test.php" line="13" assertions="2" time="0.007729"/>
      <testcase name="isTraversable" class="ReaxmlEzrImages_Test" file="/Users/nclifton/Documents/LunaEclipse/workspace/reaxml-import/ReaXmlLibrary/tests/ezr/images_Test.php" line="30" assertions="5" time="0.016432"/>
      <testcase name="isTraversable_withgaps" class="ReaxmlEzrImages_Test" file="/Users/nclifton/Documents/LunaEclipse/workspace/reaxml-import/ReaXmlLibrary/tests/ezr/images_Test.php" line="50" assertions="6" time="0.018666"/>
    </testsuite>
    <testsuite name="ReaxmlRowTest" file="/Users/nclifton/Documents/LunaEclipse/workspace/reaxml-import/ReaXmlLibrary/tests/ezr/row_Test.php" tests="3" assertions="4" failures="0" errors="0" time="1.112113">
      <testcase name="getValue_classNotFound" class="ReaxmlRowTest" file="/Users/nclifton/Documents/LunaEclipse/workspace/reaxml-import/ReaXmlLibrary/tests/ezr/row_Test.php" line="17" assertions="2" time="0.005157"/>
      <testcase name="getValue_mls_id" class="ReaxmlRowTest" file="/Users/nclifton/Documents/LunaEclipse/workspace/reaxml-import/ReaXmlLibrary/tests/ezr/row_Test.php" line="34" assertions="1" time="0.004657"/>
      <testcase name="all_ezrealty_columns_have_a_class" class="ReaxmlRowTest" file="/Users/nclifton/Documents/LunaEclipse/workspace/reaxml-import/ReaXmlLibrary/tests/ezr/row_Test.php" line="50" assertions="1" time="1.102299"/>
    </testsuite>
    <testsuite name="ReaxmlImporter_Test" file="/Users/nclifton/Documents/LunaEclipse/workspace/reaxml-import/ReaXmlLibrary/tests/importer_Test.php" tests="1" assertions="4" failures="0" errors="0" time="0.309728">
      <testcase name="import_fromazipfile" class="ReaxmlImporter_Test" file="/Users/nclifton/Documents/LunaEclipse/workspace/reaxml-import/ReaXmlLibrary/tests/importer_Test.php" line="114" assertions="4" time="0.309728"/>
    </testsuite>
    <testsuite name="ReaxmlImporter_db_Test" file="/Users/nclifton/Documents/LunaEclipse/workspace/reaxml-import/ReaXmlLibrary/tests/importer_db_Test.php" tests="1" assertions="5" failures="0" errors="0" time="2.383665">
      <testcase name="insert_images" class="ReaxmlImporter_db_Test" file="/Users/nclifton/Documents/LunaEclipse/workspace/reaxml-import/ReaXmlLibrary/tests/importer_db_Test.php" line="77" assertions="5" time="2.383665"/>
    </testsuite>
  </testsuite>
</testsuites>
